2024-01-19 19:40:51,049{GMT}	INFO	[jepsen test runner] jepsen.core: Command line:
lein run test -w echo --bin ./echo/solution.py --node-count 1 --time-limit 10
2024-01-19 19:40:51,077{GMT}	INFO	[jepsen test runner] jepsen.core: Running test:
{:args []
 :remote
 #jepsen.control.retry.Remote{:remote #jepsen.control.scp.Remote{:cmd-remote #jepsen.control.sshj.SSHJRemote{:concurrency-limit 6,
                                                                                                             :conn-spec nil,
                                                                                                             :client nil,
                                                                                                             :semaphore nil},
                                                                 :conn-spec nil},
                              :conn nil}
 :log-net-send false
 :node-count 1
 :availability nil
 :max-txn-length 4
 :concurrency 1
 :db
 #object[maelstrom.db$db$reify__16142
         "0x63dd81ee"
         "maelstrom.db$db$reify__16142@63dd81ee"]
 :max-writes-per-key 16
 :leave-db-running? false
 :name "echo"
 :logging-json? false
 :start-time
 #object[org.joda.time.DateTime "0x785dbe3a" "2024-01-19T19:40:51.030+05:30"]
 :nemesis-interval 10
 :net
 #object[maelstrom.net$jepsen_net$reify__15251
         "0x58230224"
         "maelstrom.net$jepsen_net$reify__15251@58230224"]
 :client
 #object[maelstrom.workload.echo$client$reify__16863
         "0x583f6270"
         "maelstrom.workload.echo$client$reify__16863@583f6270"]
 :barrier
 #object[java.util.concurrent.CyclicBarrier
         "0x2bd24c09"
         "java.util.concurrent.CyclicBarrier@2bd24c09"]
 :log-stderr false
 :pure-generators true
 :ssh {:dummy? true}
 :rate 5
 :checker
 #object[jepsen.checker$compose$reify__11881
         "0x3e6b8b27"
         "jepsen.checker$compose$reify__11881@3e6b8b27"]
 :argv
 ("test"
  "-w"
  "echo"
  "--bin"
  "./echo/solution.py"
  "--node-count"
  "1"
  "--time-limit"
  "10")
 :nemesis
 (jepsen.nemesis.ReflCompose
  {:fm {:start-partition 0,
        :stop-partition 0,
        :kill 1,
        :start 1,
        :pause 1,
        :resume 1},
   :nemeses [#unprintable "jepsen.nemesis.combined$partition_nemesis$reify__16416@7e199cec"
             #unprintable "jepsen.nemesis.combined$db_nemesis$reify__16397@5d965dbd"]})
 :nodes ["n0"]
 :test-count 1
 :latency {:mean 0, :dist :constant}
 :bin "./echo/solution.py"
 :generator
 (jepsen.generator.TimeLimit
  {:limit 10000000000,
   :cutoff nil,
   :gen (jepsen.generator.Any
         {:gens [(jepsen.generator.OnThreads
                  {:f #{:nemesis},
                   :context-filter #object[jepsen.generator.context$make_thread_filter$lazy_filter__9167
                                           "0x252d690"
                                           "jepsen.generator.context$make_thread_filter$lazy_filter__9167@252d690"],
                   :gen nil})
                 (jepsen.generator.OnThreads
                  {:f #jepsen.generator.context.AllBut{:element :nemesis},
                   :context-filter #object[jepsen.generator.context$make_thread_filter$lazy_filter__9167
                                           "0x614427b2"
                                           "jepsen.generator.context$make_thread_filter$lazy_filter__9167@614427b2"],
                   :gen (jepsen.generator.Stagger
                         {:dt 400000000,
                          :next-time nil,
                          :gen (jepsen.generator.EachThread
                                {:fresh-gen #object[maelstrom.workload.echo$workload$fn__16882
                                                    "0x73f506d7"
                                                    "maelstrom.workload.echo$workload$fn__16882@73f506d7"],
                                 :context-filters #object[clojure.core$promise$reify__8591
                                                          "0x1d957b5a"
                                                          {:status :pending,
                                                           :val nil}],
                                 :gens {}})})})]})})
 :log-net-recv false
 :os
 #object[maelstrom.net$jepsen_os$reify__15254
         "0x9e7d82e"
         "maelstrom.net$jepsen_os$reify__15254@9e7d82e"]
 :time-limit 10
 :workload :echo
 :consistency-models [:strict-serializable]
 :topology :grid}

2024-01-19 19:40:51,935{GMT}	INFO	[jepsen node n0] maelstrom.net: Starting Maelstrom network
2024-01-19 19:40:51,935{GMT}	INFO	[jepsen test runner] jepsen.db: Tearing down DB
2024-01-19 19:40:51,936{GMT}	INFO	[jepsen test runner] jepsen.db: Setting up DB
2024-01-19 19:40:51,938{GMT}	INFO	[jepsen node n0] maelstrom.service: Starting services: (lin-kv lin-tso lww-kv seq-kv)
2024-01-19 19:40:51,939{GMT}	INFO	[jepsen node n0] maelstrom.db: Setting up n0
2024-01-19 19:40:51,940{GMT}	INFO	[jepsen node n0] maelstrom.process: launching ./echo/solution.py []
2024-01-19 19:40:52,108{GMT}	INFO	[jepsen test runner] jepsen.core: Relative time begins now
2024-01-19 19:40:52,118{GMT}	INFO	[jepsen worker 0] jepsen.util: 0	:invoke	:echo	"Please echo 40"
2024-01-19 19:40:52,121{GMT}	INFO	[jepsen worker 0] jepsen.util: 0	:ok	:echo	{:type "echo_ok", :in_reply_to 1, :echo "Please echo 40", :msg_id 1}
2024-01-19 19:40:52,431{GMT}	INFO	[jepsen worker 0] jepsen.util: 0	:invoke	:echo	"Please echo 8"
2024-01-19 19:40:52,437{GMT}	INFO	[jepsen worker 0] jepsen.util: 0	:ok	:echo	{:type "echo_ok", :in_reply_to 2, :echo "Please echo 8", :msg_id 2}
2024-01-19 19:40:52,440{GMT}	INFO	[jepsen worker 0] jepsen.util: 0	:invoke	:echo	"Please echo 26"
2024-01-19 19:40:52,442{GMT}	INFO	[jepsen worker 0] jepsen.util: 0	:ok	:echo	{:type "echo_ok", :in_reply_to 3, :echo "Please echo 26", :msg_id 3}
2024-01-19 19:40:52,726{GMT}	INFO	[jepsen worker 0] jepsen.util: 0	:invoke	:echo	"Please echo 83"
2024-01-19 19:40:52,731{GMT}	INFO	[jepsen worker 0] jepsen.util: 0	:ok	:echo	{:type "echo_ok", :in_reply_to 4, :echo "Please echo 83", :msg_id 4}
2024-01-19 19:40:53,091{GMT}	INFO	[jepsen worker 0] jepsen.util: 0	:invoke	:echo	"Please echo 34"
2024-01-19 19:40:53,095{GMT}	INFO	[jepsen worker 0] jepsen.util: 0	:ok	:echo	{:type "echo_ok", :in_reply_to 5, :echo "Please echo 34", :msg_id 5}
2024-01-19 19:40:53,102{GMT}	INFO	[jepsen worker 0] jepsen.util: 0	:invoke	:echo	"Please echo 9"
2024-01-19 19:40:53,104{GMT}	INFO	[jepsen worker 0] jepsen.util: 0	:ok	:echo	{:type "echo_ok", :in_reply_to 6, :echo "Please echo 9", :msg_id 6}
2024-01-19 19:40:53,210{GMT}	INFO	[jepsen worker 0] jepsen.util: 0	:invoke	:echo	"Please echo 60"
2024-01-19 19:40:53,215{GMT}	INFO	[jepsen worker 0] jepsen.util: 0	:ok	:echo	{:type "echo_ok", :in_reply_to 7, :echo "Please echo 60", :msg_id 7}
2024-01-19 19:40:53,503{GMT}	INFO	[jepsen worker 0] jepsen.util: 0	:invoke	:echo	"Please echo 64"
2024-01-19 19:40:53,508{GMT}	INFO	[jepsen worker 0] jepsen.util: 0	:ok	:echo	{:type "echo_ok", :in_reply_to 8, :echo "Please echo 64", :msg_id 8}
2024-01-19 19:40:53,724{GMT}	INFO	[jepsen worker 0] jepsen.util: 0	:invoke	:echo	"Please echo 10"
2024-01-19 19:40:53,731{GMT}	INFO	[jepsen worker 0] jepsen.util: 0	:ok	:echo	{:type "echo_ok", :in_reply_to 9, :echo "Please echo 10", :msg_id 9}
2024-01-19 19:40:53,743{GMT}	INFO	[jepsen worker 0] jepsen.util: 0	:invoke	:echo	"Please echo 57"
2024-01-19 19:40:53,745{GMT}	INFO	[jepsen worker 0] jepsen.util: 0	:ok	:echo	{:type "echo_ok", :in_reply_to 10, :echo "Please echo 57", :msg_id 10}
2024-01-19 19:40:53,842{GMT}	INFO	[jepsen worker 0] jepsen.util: 0	:invoke	:echo	"Please echo 126"
2024-01-19 19:40:53,844{GMT}	INFO	[jepsen worker 0] jepsen.util: 0	:ok	:echo	{:type "echo_ok", :in_reply_to 11, :echo "Please echo 126", :msg_id 11}
2024-01-19 19:40:54,109{GMT}	INFO	[jepsen worker 0] jepsen.util: 0	:invoke	:echo	"Please echo 12"
2024-01-19 19:40:54,111{GMT}	INFO	[jepsen worker 0] jepsen.util: 0	:ok	:echo	{:type "echo_ok", :in_reply_to 12, :echo "Please echo 12", :msg_id 12}
2024-01-19 19:40:54,242{GMT}	INFO	[jepsen worker 0] jepsen.util: 0	:invoke	:echo	"Please echo 87"
2024-01-19 19:40:54,244{GMT}	INFO	[jepsen worker 0] jepsen.util: 0	:ok	:echo	{:type "echo_ok", :in_reply_to 13, :echo "Please echo 87", :msg_id 13}
2024-01-19 19:40:54,367{GMT}	INFO	[jepsen worker 0] jepsen.util: 0	:invoke	:echo	"Please echo 49"
2024-01-19 19:40:54,371{GMT}	INFO	[jepsen worker 0] jepsen.util: 0	:ok	:echo	{:type "echo_ok", :in_reply_to 14, :echo "Please echo 49", :msg_id 14}
2024-01-19 19:40:54,396{GMT}	INFO	[jepsen worker 0] jepsen.util: 0	:invoke	:echo	"Please echo 118"
2024-01-19 19:40:54,398{GMT}	INFO	[jepsen worker 0] jepsen.util: 0	:ok	:echo	{:type "echo_ok", :in_reply_to 15, :echo "Please echo 118", :msg_id 15}
2024-01-19 19:40:54,612{GMT}	INFO	[jepsen worker 0] jepsen.util: 0	:invoke	:echo	"Please echo 104"
2024-01-19 19:40:54,616{GMT}	INFO	[jepsen worker 0] jepsen.util: 0	:ok	:echo	{:type "echo_ok", :in_reply_to 16, :echo "Please echo 104", :msg_id 16}
2024-01-19 19:40:54,672{GMT}	INFO	[jepsen worker 0] jepsen.util: 0	:invoke	:echo	"Please echo 102"
2024-01-19 19:40:54,674{GMT}	INFO	[jepsen worker 0] jepsen.util: 0	:ok	:echo	{:type "echo_ok", :in_reply_to 17, :echo "Please echo 102", :msg_id 17}
2024-01-19 19:40:55,011{GMT}	INFO	[jepsen worker 0] jepsen.util: 0	:invoke	:echo	"Please echo 46"
2024-01-19 19:40:55,014{GMT}	INFO	[jepsen worker 0] jepsen.util: 0	:ok	:echo	{:type "echo_ok", :in_reply_to 18, :echo "Please echo 46", :msg_id 18}
2024-01-19 19:40:55,187{GMT}	INFO	[jepsen worker 0] jepsen.util: 0	:invoke	:echo	"Please echo 89"
2024-01-19 19:40:55,192{GMT}	INFO	[jepsen worker 0] jepsen.util: 0	:ok	:echo	{:type "echo_ok", :in_reply_to 19, :echo "Please echo 89", :msg_id 19}
2024-01-19 19:40:55,389{GMT}	INFO	[jepsen worker 0] jepsen.util: 0	:invoke	:echo	"Please echo 84"
2024-01-19 19:40:55,393{GMT}	INFO	[jepsen worker 0] jepsen.util: 0	:ok	:echo	{:type "echo_ok", :in_reply_to 20, :echo "Please echo 84", :msg_id 20}
2024-01-19 19:40:55,757{GMT}	INFO	[jepsen worker 0] jepsen.util: 0	:invoke	:echo	"Please echo 45"
2024-01-19 19:40:55,761{GMT}	INFO	[jepsen worker 0] jepsen.util: 0	:ok	:echo	{:type "echo_ok", :in_reply_to 21, :echo "Please echo 45", :msg_id 21}
2024-01-19 19:40:55,941{GMT}	INFO	[jepsen worker 0] jepsen.util: 0	:invoke	:echo	"Please echo 4"
2024-01-19 19:40:55,944{GMT}	INFO	[jepsen worker 0] jepsen.util: 0	:ok	:echo	{:type "echo_ok", :in_reply_to 22, :echo "Please echo 4", :msg_id 22}
2024-01-19 19:40:56,152{GMT}	INFO	[jepsen worker 0] jepsen.util: 0	:invoke	:echo	"Please echo 119"
2024-01-19 19:40:56,155{GMT}	INFO	[jepsen worker 0] jepsen.util: 0	:ok	:echo	{:type "echo_ok", :in_reply_to 23, :echo "Please echo 119", :msg_id 23}
2024-01-19 19:40:56,523{GMT}	INFO	[jepsen worker 0] jepsen.util: 0	:invoke	:echo	"Please echo 11"
2024-01-19 19:40:56,527{GMT}	INFO	[jepsen worker 0] jepsen.util: 0	:ok	:echo	{:type "echo_ok", :in_reply_to 24, :echo "Please echo 11", :msg_id 24}
2024-01-19 19:40:56,665{GMT}	INFO	[jepsen worker 0] jepsen.util: 0	:invoke	:echo	"Please echo 46"
2024-01-19 19:40:56,668{GMT}	INFO	[jepsen worker 0] jepsen.util: 0	:ok	:echo	{:type "echo_ok", :in_reply_to 25, :echo "Please echo 46", :msg_id 25}
2024-01-19 19:40:56,803{GMT}	INFO	[jepsen worker 0] jepsen.util: 0	:invoke	:echo	"Please echo 6"
2024-01-19 19:40:56,807{GMT}	INFO	[jepsen worker 0] jepsen.util: 0	:ok	:echo	{:type "echo_ok", :in_reply_to 26, :echo "Please echo 6", :msg_id 26}
2024-01-19 19:40:57,143{GMT}	INFO	[jepsen worker 0] jepsen.util: 0	:invoke	:echo	"Please echo 101"
2024-01-19 19:40:57,144{GMT}	INFO	[jepsen worker 0] jepsen.util: 0	:ok	:echo	{:type "echo_ok", :in_reply_to 27, :echo "Please echo 101", :msg_id 27}
2024-01-19 19:40:57,144{GMT}	INFO	[jepsen worker 0] jepsen.util: 0	:invoke	:echo	"Please echo 101"
2024-01-19 19:40:57,145{GMT}	INFO	[jepsen worker 0] jepsen.util: 0	:ok	:echo	{:type "echo_ok", :in_reply_to 28, :echo "Please echo 101", :msg_id 28}
2024-01-19 19:40:57,390{GMT}	INFO	[jepsen worker 0] jepsen.util: 0	:invoke	:echo	"Please echo 116"
2024-01-19 19:40:57,394{GMT}	INFO	[jepsen worker 0] jepsen.util: 0	:ok	:echo	{:type "echo_ok", :in_reply_to 29, :echo "Please echo 116", :msg_id 29}
2024-01-19 19:40:57,475{GMT}	INFO	[jepsen worker 0] jepsen.util: 0	:invoke	:echo	"Please echo 102"
2024-01-19 19:40:57,478{GMT}	INFO	[jepsen worker 0] jepsen.util: 0	:ok	:echo	{:type "echo_ok", :in_reply_to 30, :echo "Please echo 102", :msg_id 30}
2024-01-19 19:40:57,821{GMT}	INFO	[jepsen worker 0] jepsen.util: 0	:invoke	:echo	"Please echo 28"
2024-01-19 19:40:57,824{GMT}	INFO	[jepsen worker 0] jepsen.util: 0	:ok	:echo	{:type "echo_ok", :in_reply_to 31, :echo "Please echo 28", :msg_id 31}
2024-01-19 19:40:57,825{GMT}	INFO	[jepsen worker 0] jepsen.util: 0	:invoke	:echo	"Please echo 38"
2024-01-19 19:40:57,826{GMT}	INFO	[jepsen worker 0] jepsen.util: 0	:ok	:echo	{:type "echo_ok", :in_reply_to 32, :echo "Please echo 38", :msg_id 32}
2024-01-19 19:40:57,939{GMT}	INFO	[jepsen worker 0] jepsen.util: 0	:invoke	:echo	"Please echo 14"
2024-01-19 19:40:57,942{GMT}	INFO	[jepsen worker 0] jepsen.util: 0	:ok	:echo	{:type "echo_ok", :in_reply_to 33, :echo "Please echo 14", :msg_id 33}
2024-01-19 19:40:58,036{GMT}	INFO	[jepsen worker 0] jepsen.util: 0	:invoke	:echo	"Please echo 47"
2024-01-19 19:40:58,040{GMT}	INFO	[jepsen worker 0] jepsen.util: 0	:ok	:echo	{:type "echo_ok", :in_reply_to 34, :echo "Please echo 47", :msg_id 34}
2024-01-19 19:40:58,205{GMT}	INFO	[jepsen worker 0] jepsen.util: 0	:invoke	:echo	"Please echo 5"
2024-01-19 19:40:58,212{GMT}	INFO	[jepsen worker 0] jepsen.util: 0	:ok	:echo	{:type "echo_ok", :in_reply_to 35, :echo "Please echo 5", :msg_id 35}
2024-01-19 19:40:58,598{GMT}	INFO	[jepsen worker 0] jepsen.util: 0	:invoke	:echo	"Please echo 99"
2024-01-19 19:40:58,603{GMT}	INFO	[jepsen worker 0] jepsen.util: 0	:ok	:echo	{:type "echo_ok", :in_reply_to 36, :echo "Please echo 99", :msg_id 36}
2024-01-19 19:40:58,823{GMT}	INFO	[jepsen worker 0] jepsen.util: 0	:invoke	:echo	"Please echo 122"
2024-01-19 19:40:58,827{GMT}	INFO	[jepsen worker 0] jepsen.util: 0	:ok	:echo	{:type "echo_ok", :in_reply_to 37, :echo "Please echo 122", :msg_id 37}
2024-01-19 19:40:58,838{GMT}	INFO	[jepsen worker 0] jepsen.util: 0	:invoke	:echo	"Please echo 120"
2024-01-19 19:40:58,839{GMT}	INFO	[jepsen worker 0] jepsen.util: 0	:ok	:echo	{:type "echo_ok", :in_reply_to 38, :echo "Please echo 120", :msg_id 38}
2024-01-19 19:40:59,004{GMT}	INFO	[jepsen worker 0] jepsen.util: 0	:invoke	:echo	"Please echo 111"
2024-01-19 19:40:59,007{GMT}	INFO	[jepsen worker 0] jepsen.util: 0	:ok	:echo	{:type "echo_ok", :in_reply_to 39, :echo "Please echo 111", :msg_id 39}
2024-01-19 19:40:59,408{GMT}	INFO	[jepsen worker 0] jepsen.util: 0	:invoke	:echo	"Please echo 23"
2024-01-19 19:40:59,412{GMT}	INFO	[jepsen worker 0] jepsen.util: 0	:ok	:echo	{:type "echo_ok", :in_reply_to 40, :echo "Please echo 23", :msg_id 40}
2024-01-19 19:40:59,683{GMT}	INFO	[jepsen worker 0] jepsen.util: 0	:invoke	:echo	"Please echo 20"
2024-01-19 19:40:59,688{GMT}	INFO	[jepsen worker 0] jepsen.util: 0	:ok	:echo	{:type "echo_ok", :in_reply_to 41, :echo "Please echo 20", :msg_id 41}
2024-01-19 19:40:59,825{GMT}	INFO	[jepsen worker 0] jepsen.util: 0	:invoke	:echo	"Please echo 25"
2024-01-19 19:40:59,829{GMT}	INFO	[jepsen worker 0] jepsen.util: 0	:ok	:echo	{:type "echo_ok", :in_reply_to 42, :echo "Please echo 25", :msg_id 42}
2024-01-19 19:41:00,113{GMT}	INFO	[jepsen worker 0] jepsen.util: 0	:invoke	:echo	"Please echo 51"
2024-01-19 19:41:00,118{GMT}	INFO	[jepsen worker 0] jepsen.util: 0	:ok	:echo	{:type "echo_ok", :in_reply_to 43, :echo "Please echo 51", :msg_id 43}
2024-01-19 19:41:00,367{GMT}	INFO	[jepsen worker 0] jepsen.util: 0	:invoke	:echo	"Please echo 62"
2024-01-19 19:41:00,372{GMT}	INFO	[jepsen worker 0] jepsen.util: 0	:ok	:echo	{:type "echo_ok", :in_reply_to 44, :echo "Please echo 62", :msg_id 44}
2024-01-19 19:41:00,689{GMT}	INFO	[jepsen worker 0] jepsen.util: 0	:invoke	:echo	"Please echo 121"
2024-01-19 19:41:00,695{GMT}	INFO	[jepsen worker 0] jepsen.util: 0	:ok	:echo	{:type "echo_ok", :in_reply_to 45, :echo "Please echo 121", :msg_id 45}
2024-01-19 19:41:01,022{GMT}	INFO	[jepsen worker 0] jepsen.util: 0	:invoke	:echo	"Please echo 12"
2024-01-19 19:41:01,025{GMT}	INFO	[jepsen worker 0] jepsen.util: 0	:ok	:echo	{:type "echo_ok", :in_reply_to 46, :echo "Please echo 12", :msg_id 46}
2024-01-19 19:41:01,154{GMT}	INFO	[jepsen worker 0] jepsen.util: 0	:invoke	:echo	"Please echo 82"
2024-01-19 19:41:01,158{GMT}	INFO	[jepsen worker 0] jepsen.util: 0	:ok	:echo	{:type "echo_ok", :in_reply_to 47, :echo "Please echo 82", :msg_id 47}
2024-01-19 19:41:01,283{GMT}	INFO	[jepsen worker 0] jepsen.util: 0	:invoke	:echo	"Please echo 54"
2024-01-19 19:41:01,286{GMT}	INFO	[jepsen worker 0] jepsen.util: 0	:ok	:echo	{:type "echo_ok", :in_reply_to 48, :echo "Please echo 54", :msg_id 48}
2024-01-19 19:41:01,430{GMT}	INFO	[jepsen worker 0] jepsen.util: 0	:invoke	:echo	"Please echo 89"
2024-01-19 19:41:01,434{GMT}	INFO	[jepsen worker 0] jepsen.util: 0	:ok	:echo	{:type "echo_ok", :in_reply_to 49, :echo "Please echo 89", :msg_id 49}
2024-01-19 19:41:01,702{GMT}	INFO	[jepsen worker 0] jepsen.util: 0	:invoke	:echo	"Please echo 38"
2024-01-19 19:41:01,706{GMT}	INFO	[jepsen worker 0] jepsen.util: 0	:ok	:echo	{:type "echo_ok", :in_reply_to 50, :echo "Please echo 38", :msg_id 50}
2024-01-19 19:41:01,758{GMT}	INFO	[jepsen worker 0] jepsen.util: 0	:invoke	:echo	"Please echo 13"
2024-01-19 19:41:01,760{GMT}	INFO	[jepsen worker 0] jepsen.util: 0	:ok	:echo	{:type "echo_ok", :in_reply_to 51, :echo "Please echo 13", :msg_id 51}
2024-01-19 19:41:01,933{GMT}	INFO	[jepsen worker 0] jepsen.util: 0	:invoke	:echo	"Please echo 27"
2024-01-19 19:41:01,937{GMT}	INFO	[jepsen worker 0] jepsen.util: 0	:ok	:echo	{:type "echo_ok", :in_reply_to 52, :echo "Please echo 27", :msg_id 52}
2024-01-19 19:41:02,093{GMT}	INFO	[jepsen worker 0] jepsen.util: 0	:invoke	:echo	"Please echo 11"
2024-01-19 19:41:02,094{GMT}	INFO	[jepsen worker 0] jepsen.util: 0	:ok	:echo	{:type "echo_ok", :in_reply_to 53, :echo "Please echo 11", :msg_id 53}
2024-01-19 19:41:02,110{GMT}	INFO	[jepsen test runner] jepsen.core: Run complete, writing
2024-01-19 19:41:02,159{GMT}	INFO	[jepsen node n0] maelstrom.db: Tearing down n0
2024-01-19 19:41:03,986{GMT}	INFO	[jepsen node n0] maelstrom.net: Shutting down Maelstrom network
2024-01-19 19:41:03,990{GMT}	INFO	[jepsen test runner] jepsen.core: Analyzing...
2024-01-19 19:41:04,146{GMT}	INFO	[jepsen test runner] jepsen.core: Analysis complete
2024-01-19 19:41:04,151{GMT}	INFO	[jepsen results] jepsen.store: Wrote /Users/agoenka/Development/CCSRE/maelstrom-ccsre/store/echo/20240119T194051.030+0530/results.edn
2024-01-19 19:41:04,170{GMT}	INFO	[jepsen test runner] jepsen.core: {:perf {:latency-graph {:valid? true},
        :rate-graph {:valid? true},
        :valid? true},
 :timeline {:valid? true},
 :exceptions {:valid? true},
 :stats {:valid? true,
         :count 53,
         :ok-count 53,
         :fail-count 0,
         :info-count 0,
         :by-f {:echo {:valid? true,
                       :count 53,
                       :ok-count 53,
                       :fail-count 0,
                       :info-count 0}}},
 :availability {:valid? true, :ok-fraction 1.0},
 :net {:all {:send-count 108,
             :recv-count 108,
             :msg-count 108,
             :msgs-per-op 2.037736},
       :clients {:send-count 108, :recv-count 108, :msg-count 108},
       :servers {:send-count 0,
                 :recv-count 0,
                 :msg-count 0,
                 :msgs-per-op 0.0},
       :valid? true},
 :workload {:valid? true, :errors ()},
 :valid? true}


Everything looks good! ヽ(‘ー`)ノ
