2024-01-24 14:09:52,175{GMT}	INFO	[jepsen test runner] jepsen.core: Test version 3b3cd8257a6d5d4390ae482b7d2729a17aa0812a (plus uncommitted changes)
2024-01-24 14:09:52,176{GMT}	INFO	[jepsen test runner] jepsen.core: Command line:
lein run test -w broadcast --bin ./broadcast/solution.py --node-count 5 --time-limit 20 --rate 10
2024-01-24 14:09:52,225{GMT}	INFO	[jepsen test runner] jepsen.core: Running test:
{:args []
 :remote
 #jepsen.control.retry.Remote{:remote #jepsen.control.scp.Remote{:cmd-remote #jepsen.control.sshj.SSHJRemote{:concurrency-limit 6,
                                                                                                             :conn-spec nil,
                                                                                                             :client nil,
                                                                                                             :semaphore nil},
                                                                 :conn-spec nil},
                              :conn nil}
 :log-net-send false
 :node-count 5
 :availability nil
 :max-txn-length 4
 :concurrency 5
 :db
 #object[maelstrom.db$db$reify__16142
         "0x58230224"
         "maelstrom.db$db$reify__16142@58230224"]
 :max-writes-per-key 16
 :leave-db-running? false
 :name "broadcast"
 :logging-json? false
 :start-time
 #object[org.joda.time.DateTime "0x7e199cec" "2024-01-24T14:09:52.143+05:30"]
 :nemesis-interval 10
 :net
 #object[maelstrom.net$jepsen_net$reify__15251
         "0x5d965dbd"
         "maelstrom.net$jepsen_net$reify__15251@5d965dbd"]
 :client
 #object[maelstrom.workload.broadcast$client$reify__16644
         "0x649df002"
         "maelstrom.workload.broadcast$client$reify__16644@649df002"]
 :barrier
 #object[java.util.concurrent.CyclicBarrier
         "0x6cd7d05"
         "java.util.concurrent.CyclicBarrier@6cd7d05"]
 :log-stderr false
 :pure-generators true
 :ssh {:dummy? true}
 :rate 10.0
 :checker
 #object[jepsen.checker$compose$reify__11881
         "0x34817fcc"
         "jepsen.checker$compose$reify__11881@34817fcc"]
 :argv
 ("test"
  "-w"
  "broadcast"
  "--bin"
  "./broadcast/solution.py"
  "--node-count"
  "5"
  "--time-limit"
  "20"
  "--rate"
  "10")
 :nemesis
 (jepsen.nemesis.ReflCompose
  {:fm {:start-partition 0,
        :stop-partition 0,
        :kill 1,
        :start 1,
        :pause 1,
        :resume 1},
   :nemeses [#unprintable "jepsen.nemesis.combined$partition_nemesis$reify__16416@5b95a754"
             #unprintable "jepsen.nemesis.combined$db_nemesis$reify__16397@500341c4"]})
 :nodes ["n0" "n1" "n2" "n3" "n4"]
 :test-count 1
 :latency {:mean 0, :dist :constant}
 :bin "./broadcast/solution.py"
 :generator
 ((jepsen.generator.Synchronize
   {:gen (jepsen.generator.TimeLimit
          {:limit 20000000000,
           :cutoff nil,
           :gen (jepsen.generator.Any
                 {:gens [(jepsen.generator.OnThreads
                          {:f #{:nemesis},
                           :context-filter #object[jepsen.generator.context$make_thread_filter$lazy_filter__9167
                                                   "0x49de1717"
                                                   "jepsen.generator.context$make_thread_filter$lazy_filter__9167@49de1717"],
                           :gen nil})
                         (jepsen.generator.OnThreads
                          {:f #jepsen.generator.context.AllBut{:element :nemesis},
                           :context-filter #object[jepsen.generator.context$make_thread_filter$lazy_filter__9167
                                                   "0x12c66345"
                                                   "jepsen.generator.context$make_thread_filter$lazy_filter__9167@12c66345"],
                           :gen (jepsen.generator.Stagger
                                 {:dt 200000000,
                                  :next-time nil,
                                  :gen (jepsen.generator.Mix
                                        {:i 1,
                                         :gens [({:f :broadcast, :value 0}
                                                 {:f :broadcast, :value 1}
                                                 {:f :broadcast, :value 2}
                                                 {:f :broadcast, :value 3}
                                                 {:f :broadcast, :value 4}
                                                 {:f :broadcast, :value 5}
                                                 {:f :broadcast, :value 6}
                                                 {:f :broadcast, :value 7}
                                                 ...)
                                                ({:f :read}
                                                 {:f :read}
                                                 {:f :read}
                                                 {:f :read}
                                                 {:f :read}
                                                 {:f :read}
                                                 {:f :read}
                                                 {:f :read}
                                                 ...)]})})})]})})})
  (jepsen.generator.Synchronize
   {:gen (jepsen.generator.OnThreads
          {:f #{:nemesis},
           :context-filter #object[jepsen.generator.context$make_thread_filter$lazy_filter__9167
                                   "0x13ae0ffd"
                                   "jepsen.generator.context$make_thread_filter$lazy_filter__9167@13ae0ffd"],
           :gen ()})})
  (jepsen.generator.Synchronize
   {:gen {:type :log, :value "Waiting for recovery..."}})
  (jepsen.generator.Synchronize {:gen {:type :sleep, :value 10}})
  (jepsen.generator.Synchronize
   {:gen (jepsen.generator.OnThreads
          {:f #jepsen.generator.context.AllBut{:element :nemesis},
           :context-filter #object[jepsen.generator.context$make_thread_filter$lazy_filter__9167
                                   "0x2a71d430"
                                   "jepsen.generator.context$make_thread_filter$lazy_filter__9167@2a71d430"],
           :gen (jepsen.generator.EachThread
                 {:fresh-gen {:f :read, :final? true},
                  :context-filters #object[clojure.core$promise$reify__8591
                                           "0xb0c4670"
                                           {:status :pending, :val nil}],
                  :gens {}})})}))
 :log-net-recv false
 :os
 #object[maelstrom.net$jepsen_os$reify__15254
         "0x5344b208"
         "maelstrom.net$jepsen_os$reify__15254@5344b208"]
 :time-limit 20
 :workload :broadcast
 :consistency-models [:strict-serializable]
 :topology :grid}

2024-01-24 14:09:53,087{GMT}	INFO	[jepsen node n0] maelstrom.net: Starting Maelstrom network
2024-01-24 14:09:53,087{GMT}	INFO	[jepsen test runner] jepsen.db: Tearing down DB
2024-01-24 14:09:53,089{GMT}	INFO	[jepsen test runner] jepsen.db: Setting up DB
2024-01-24 14:09:53,090{GMT}	INFO	[jepsen node n3] maelstrom.db: Setting up n3
2024-01-24 14:09:53,090{GMT}	INFO	[jepsen node n1] maelstrom.db: Setting up n1
2024-01-24 14:09:53,090{GMT}	INFO	[jepsen node n2] maelstrom.db: Setting up n2
2024-01-24 14:09:53,090{GMT}	INFO	[jepsen node n4] maelstrom.db: Setting up n4
2024-01-24 14:09:53,091{GMT}	INFO	[jepsen node n3] maelstrom.process: launching ./broadcast/solution.py []
2024-01-24 14:09:53,091{GMT}	INFO	[jepsen node n1] maelstrom.process: launching ./broadcast/solution.py []
2024-01-24 14:09:53,091{GMT}	INFO	[jepsen node n2] maelstrom.process: launching ./broadcast/solution.py []
2024-01-24 14:09:53,091{GMT}	INFO	[jepsen node n4] maelstrom.process: launching ./broadcast/solution.py []
2024-01-24 14:09:53,091{GMT}	INFO	[jepsen node n0] maelstrom.service: Starting services: (lin-kv lin-tso lww-kv seq-kv)
2024-01-24 14:09:53,092{GMT}	INFO	[jepsen node n0] maelstrom.db: Setting up n0
2024-01-24 14:09:53,093{GMT}	INFO	[jepsen node n0] maelstrom.process: launching ./broadcast/solution.py []
2024-01-24 14:09:53,321{GMT}	INFO	[jepsen test runner] jepsen.core: Relative time begins now
2024-01-24 14:09:53,335{GMT}	INFO	[jepsen worker 0] jepsen.util: 0	:invoke	:read	nil
2024-01-24 14:09:53,337{GMT}	INFO	[jepsen worker 0] jepsen.util: 0	:ok	:read	[]
2024-01-24 14:09:53,436{GMT}	INFO	[jepsen worker 1] jepsen.util: 1	:invoke	:read	nil
2024-01-24 14:09:53,437{GMT}	INFO	[jepsen worker 1] jepsen.util: 1	:ok	:read	[]
2024-01-24 14:09:53,535{GMT}	INFO	[jepsen worker 2] jepsen.util: 2	:invoke	:broadcast	0
2024-01-24 14:09:53,536{GMT}	INFO	[jepsen worker 3] jepsen.util: 3	:invoke	:read	nil
2024-01-24 14:09:53,538{GMT}	INFO	[jepsen worker 2] jepsen.util: 2	:ok	:broadcast	0
2024-01-24 14:09:53,538{GMT}	INFO	[jepsen worker 3] jepsen.util: 3	:ok	:read	[]
2024-01-24 14:09:53,727{GMT}	INFO	[jepsen worker 4] jepsen.util: 4	:invoke	:broadcast	1
2024-01-24 14:09:53,729{GMT}	INFO	[jepsen worker 4] jepsen.util: 4	:ok	:broadcast	1
2024-01-24 14:09:53,735{GMT}	INFO	[jepsen worker 0] jepsen.util: 0	:invoke	:read	nil
2024-01-24 14:09:53,736{GMT}	INFO	[jepsen worker 0] jepsen.util: 0	:ok	:read	[0 1]
2024-01-24 14:09:53,876{GMT}	INFO	[jepsen worker 0] jepsen.util: 0	:invoke	:read	nil
2024-01-24 14:09:53,880{GMT}	INFO	[jepsen worker 0] jepsen.util: 0	:ok	:read	[0 1]
2024-01-24 14:09:53,936{GMT}	INFO	[jepsen worker 1] jepsen.util: 1	:invoke	:read	nil
2024-01-24 14:09:53,938{GMT}	INFO	[jepsen worker 1] jepsen.util: 1	:ok	:read	[0 1]
2024-01-24 14:09:54,081{GMT}	INFO	[jepsen worker 2] jepsen.util: 2	:invoke	:read	nil
2024-01-24 14:09:54,083{GMT}	INFO	[jepsen worker 2] jepsen.util: 2	:ok	:read	[0 1]
2024-01-24 14:09:54,282{GMT}	INFO	[jepsen worker 3] jepsen.util: 3	:invoke	:broadcast	2
2024-01-24 14:09:54,286{GMT}	INFO	[jepsen worker 3] jepsen.util: 3	:ok	:broadcast	2
2024-01-24 14:09:54,388{GMT}	INFO	[jepsen worker 4] jepsen.util: 4	:invoke	:broadcast	3
2024-01-24 14:09:54,392{GMT}	INFO	[jepsen worker 4] jepsen.util: 4	:ok	:broadcast	3
2024-01-24 14:09:54,394{GMT}	INFO	[jepsen worker 0] jepsen.util: 0	:invoke	:broadcast	4
2024-01-24 14:09:54,397{GMT}	INFO	[jepsen worker 0] jepsen.util: 0	:ok	:broadcast	4
2024-01-24 14:09:54,476{GMT}	INFO	[jepsen worker 0] jepsen.util: 0	:invoke	:broadcast	5
2024-01-24 14:09:54,478{GMT}	INFO	[jepsen worker 0] jepsen.util: 0	:ok	:broadcast	5
2024-01-24 14:09:54,600{GMT}	INFO	[jepsen worker 1] jepsen.util: 1	:invoke	:read	nil
2024-01-24 14:09:54,602{GMT}	INFO	[jepsen worker 1] jepsen.util: 1	:ok	:read	[0 1 2 3 4 5]
2024-01-24 14:09:54,653{GMT}	INFO	[jepsen worker 2] jepsen.util: 2	:invoke	:broadcast	6
2024-01-24 14:09:54,655{GMT}	INFO	[jepsen worker 2] jepsen.util: 2	:ok	:broadcast	6
2024-01-24 14:09:54,770{GMT}	INFO	[jepsen worker 3] jepsen.util: 3	:invoke	:broadcast	7
2024-01-24 14:09:54,772{GMT}	INFO	[jepsen worker 3] jepsen.util: 3	:ok	:broadcast	7
2024-01-24 14:09:54,849{GMT}	INFO	[jepsen worker 4] jepsen.util: 4	:invoke	:broadcast	8
2024-01-24 14:09:54,851{GMT}	INFO	[jepsen worker 4] jepsen.util: 4	:ok	:broadcast	8
2024-01-24 14:09:54,901{GMT}	INFO	[jepsen worker 0] jepsen.util: 0	:invoke	:read	nil
2024-01-24 14:09:54,902{GMT}	INFO	[jepsen worker 0] jepsen.util: 0	:ok	:read	[0 1 2 3 4 5 6 7 8]
2024-01-24 14:09:54,962{GMT}	INFO	[jepsen worker 0] jepsen.util: 0	:invoke	:broadcast	9
2024-01-24 14:09:54,963{GMT}	INFO	[jepsen worker 0] jepsen.util: 0	:ok	:broadcast	9
2024-01-24 14:09:54,998{GMT}	INFO	[jepsen worker 1] jepsen.util: 1	:invoke	:broadcast	10
2024-01-24 14:09:54,999{GMT}	INFO	[jepsen worker 1] jepsen.util: 1	:ok	:broadcast	10
2024-01-24 14:09:55,036{GMT}	INFO	[jepsen worker 2] jepsen.util: 2	:invoke	:read	nil
2024-01-24 14:09:55,038{GMT}	INFO	[jepsen worker 2] jepsen.util: 2	:ok	:read	[0 1 2 3 4 5 6 7 8 9 10]
2024-01-24 14:09:55,041{GMT}	INFO	[jepsen worker 3] jepsen.util: 3	:invoke	:broadcast	11
2024-01-24 14:09:55,042{GMT}	INFO	[jepsen worker 3] jepsen.util: 3	:ok	:broadcast	11
2024-01-24 14:09:55,164{GMT}	INFO	[jepsen worker 4] jepsen.util: 4	:invoke	:read	nil
2024-01-24 14:09:55,166{GMT}	INFO	[jepsen worker 4] jepsen.util: 4	:ok	:read	[0 1 2 3 4 5 6 7 8 9 10 11]
2024-01-24 14:09:55,346{GMT}	INFO	[jepsen worker 0] jepsen.util: 0	:invoke	:read	nil
2024-01-24 14:09:55,350{GMT}	INFO	[jepsen worker 0] jepsen.util: 0	:ok	:read	[0 1 2 3 4 5 6 7 8 9 10 11]
2024-01-24 14:09:55,376{GMT}	INFO	[jepsen worker 0] jepsen.util: 0	:invoke	:broadcast	12
2024-01-24 14:09:55,378{GMT}	INFO	[jepsen worker 0] jepsen.util: 0	:ok	:broadcast	12
2024-01-24 14:09:55,500{GMT}	INFO	[jepsen worker 1] jepsen.util: 1	:invoke	:read	nil
2024-01-24 14:09:55,502{GMT}	INFO	[jepsen worker 1] jepsen.util: 1	:ok	:read	[0 1 2 3 4 5 6 7 8 9 10 11 12]
2024-01-24 14:09:55,610{GMT}	INFO	[jepsen worker 2] jepsen.util: 2	:invoke	:read	nil
2024-01-24 14:09:55,613{GMT}	INFO	[jepsen worker 2] jepsen.util: 2	:ok	:read	[0 1 2 3 4 5 6 7 8 9 10 11 12]
2024-01-24 14:09:55,788{GMT}	INFO	[jepsen worker 3] jepsen.util: 3	:invoke	:broadcast	13
2024-01-24 14:09:55,792{GMT}	INFO	[jepsen worker 3] jepsen.util: 3	:ok	:broadcast	13
2024-01-24 14:09:55,827{GMT}	INFO	[jepsen worker 4] jepsen.util: 4	:invoke	:broadcast	14
2024-01-24 14:09:55,829{GMT}	INFO	[jepsen worker 4] jepsen.util: 4	:ok	:broadcast	14
2024-01-24 14:09:55,993{GMT}	INFO	[jepsen worker 0] jepsen.util: 0	:invoke	:read	nil
2024-01-24 14:09:55,999{GMT}	INFO	[jepsen worker 0] jepsen.util: 0	:ok	:read	[0 1 2 3 4 5 6 7 8 9 10 11 12 13 14]
2024-01-24 14:09:56,037{GMT}	INFO	[jepsen worker 0] jepsen.util: 0	:invoke	:broadcast	15
2024-01-24 14:09:56,039{GMT}	INFO	[jepsen worker 0] jepsen.util: 0	:ok	:broadcast	15
2024-01-24 14:09:56,233{GMT}	INFO	[jepsen worker 1] jepsen.util: 1	:invoke	:read	nil
2024-01-24 14:09:56,238{GMT}	INFO	[jepsen worker 1] jepsen.util: 1	:ok	:read	[0 1 2 3 4 5 6 7 8 9 10 11 12 13 14 15]
2024-01-24 14:09:56,412{GMT}	INFO	[jepsen worker 2] jepsen.util: 2	:invoke	:read	nil
2024-01-24 14:09:56,417{GMT}	INFO	[jepsen worker 2] jepsen.util: 2	:ok	:read	[0 1 2 3 4 5 6 7 8 9 10 11 12 13 14 15]
2024-01-24 14:09:56,600{GMT}	INFO	[jepsen worker 3] jepsen.util: 3	:invoke	:broadcast	16
2024-01-24 14:09:56,602{GMT}	INFO	[jepsen worker 3] jepsen.util: 3	:ok	:broadcast	16
2024-01-24 14:09:56,703{GMT}	INFO	[jepsen worker 4] jepsen.util: 4	:invoke	:broadcast	17
2024-01-24 14:09:56,704{GMT}	INFO	[jepsen worker 4] jepsen.util: 4	:ok	:broadcast	17
2024-01-24 14:09:56,903{GMT}	INFO	[jepsen worker 0] jepsen.util: 0	:invoke	:broadcast	18
2024-01-24 14:09:56,907{GMT}	INFO	[jepsen worker 0] jepsen.util: 0	:ok	:broadcast	18
2024-01-24 14:09:56,934{GMT}	INFO	[jepsen worker 0] jepsen.util: 0	:invoke	:broadcast	19
2024-01-24 14:09:56,936{GMT}	INFO	[jepsen worker 0] jepsen.util: 0	:ok	:broadcast	19
2024-01-24 14:09:56,988{GMT}	INFO	[jepsen worker 1] jepsen.util: 1	:invoke	:read	nil
2024-01-24 14:09:56,989{GMT}	INFO	[jepsen worker 1] jepsen.util: 1	:ok	:read	[0 1 2 3 4 5 6 7 8 9 10 11 12 13 14 15 16 17 18 19]
2024-01-24 14:09:57,150{GMT}	INFO	[jepsen worker 2] jepsen.util: 2	:invoke	:broadcast	20
2024-01-24 14:09:57,153{GMT}	INFO	[jepsen worker 3] jepsen.util: 3	:invoke	:broadcast	21
2024-01-24 14:09:57,154{GMT}	INFO	[jepsen worker 2] jepsen.util: 2	:ok	:broadcast	20
2024-01-24 14:09:57,154{GMT}	INFO	[jepsen worker 3] jepsen.util: 3	:ok	:broadcast	21
2024-01-24 14:09:57,222{GMT}	INFO	[jepsen worker 4] jepsen.util: 4	:invoke	:broadcast	22
2024-01-24 14:09:57,223{GMT}	INFO	[jepsen worker 4] jepsen.util: 4	:ok	:broadcast	22
2024-01-24 14:09:57,372{GMT}	INFO	[jepsen worker 0] jepsen.util: 0	:invoke	:broadcast	23
2024-01-24 14:09:57,374{GMT}	INFO	[jepsen worker 0] jepsen.util: 0	:ok	:broadcast	23
2024-01-24 14:09:57,427{GMT}	INFO	[jepsen worker 0] jepsen.util: 0	:invoke	:broadcast	24
2024-01-24 14:09:57,428{GMT}	INFO	[jepsen worker 0] jepsen.util: 0	:ok	:broadcast	24
2024-01-24 14:09:57,521{GMT}	INFO	[jepsen worker 1] jepsen.util: 1	:invoke	:read	nil
2024-01-24 14:09:57,522{GMT}	INFO	[jepsen worker 1] jepsen.util: 1	:ok	:read	[0 1 2 3 4 5 6 7 8 9 10 11 12 13 14 15 16 17 18 19 20 21 22 23 24]
2024-01-24 14:09:57,658{GMT}	INFO	[jepsen worker 2] jepsen.util: 2	:invoke	:read	nil
2024-01-24 14:09:57,662{GMT}	INFO	[jepsen worker 2] jepsen.util: 2	:ok	:read	[0 1 2 3 4 5 6 7 8 9 10 11 12 13 14 15 16 17 18 19 20 21 22 23 24]
2024-01-24 14:09:57,673{GMT}	INFO	[jepsen worker 3] jepsen.util: 3	:invoke	:read	nil
2024-01-24 14:09:57,676{GMT}	INFO	[jepsen worker 3] jepsen.util: 3	:ok	:read	[0 1 2 3 4 5 6 7 8 9 10 11 12 13 14 15 16 17 18 19 20 21 22 23 24]
2024-01-24 14:09:57,826{GMT}	INFO	[jepsen worker 4] jepsen.util: 4	:invoke	:read	nil
2024-01-24 14:09:57,829{GMT}	INFO	[jepsen worker 4] jepsen.util: 4	:ok	:read	[0 1 2 3 4 5 6 7 8 9 10 11 12 13 14 15 16 17 18 19 20 21 22 23 24]
2024-01-24 14:09:57,923{GMT}	INFO	[jepsen worker 0] jepsen.util: 0	:invoke	:read	nil
2024-01-24 14:09:57,927{GMT}	INFO	[jepsen worker 0] jepsen.util: 0	:ok	:read	[0 1 2 3 4 5 6 7 8 9 10 11 12 13 14 15 16 17 18 19 20 21 22 23 24]
2024-01-24 14:09:57,940{GMT}	INFO	[jepsen worker 0] jepsen.util: 0	:invoke	:broadcast	25
2024-01-24 14:09:57,946{GMT}	INFO	[jepsen worker 0] jepsen.util: 0	:ok	:broadcast	25
2024-01-24 14:09:58,032{GMT}	INFO	[jepsen worker 1] jepsen.util: 1	:invoke	:read	nil
2024-01-24 14:09:58,033{GMT}	INFO	[jepsen worker 1] jepsen.util: 1	:ok	:read	[0 1 2 3 4 5 6 7 8 9 10 11 12 13 14 15 16 17 18 19 20 21 22 23 24 25]
2024-01-24 14:09:58,149{GMT}	INFO	[jepsen worker 2] jepsen.util: 2	:invoke	:read	nil
2024-01-24 14:09:58,152{GMT}	INFO	[jepsen worker 2] jepsen.util: 2	:ok	:read	[0 1 2 3 4 5 6 7 8 9 10 11 12 13 14 15 16 17 18 19 20 21 22 23 24 25]
2024-01-24 14:09:58,222{GMT}	INFO	[jepsen worker 3] jepsen.util: 3	:invoke	:broadcast	26
2024-01-24 14:09:58,224{GMT}	INFO	[jepsen worker 3] jepsen.util: 3	:ok	:broadcast	26
2024-01-24 14:09:58,361{GMT}	INFO	[jepsen worker 4] jepsen.util: 4	:invoke	:read	nil
2024-01-24 14:09:58,365{GMT}	INFO	[jepsen worker 4] jepsen.util: 4	:ok	:read	[0 1 2 3 4 5 6 7 8 9 10 11 12 13 14 15 16 17 18 19 20 21 22 23 24 25 26]
2024-01-24 14:09:58,434{GMT}	INFO	[jepsen worker 0] jepsen.util: 0	:invoke	:broadcast	27
2024-01-24 14:09:58,436{GMT}	INFO	[jepsen worker 0] jepsen.util: 0	:ok	:broadcast	27
2024-01-24 14:09:58,529{GMT}	INFO	[jepsen worker 0] jepsen.util: 0	:invoke	:broadcast	28
2024-01-24 14:09:58,533{GMT}	INFO	[jepsen worker 0] jepsen.util: 0	:ok	:broadcast	28
2024-01-24 14:09:58,720{GMT}	INFO	[jepsen worker 1] jepsen.util: 1	:invoke	:broadcast	29
2024-01-24 14:09:58,724{GMT}	INFO	[jepsen worker 1] jepsen.util: 1	:ok	:broadcast	29
2024-01-24 14:09:58,878{GMT}	INFO	[jepsen worker 2] jepsen.util: 2	:invoke	:read	nil
2024-01-24 14:09:58,880{GMT}	INFO	[jepsen worker 2] jepsen.util: 2	:ok	:read	[0 1 2 3 4 5 6 7 8 9 10 11 12 13 14 15 16 17 18 19 20 21 22 23 24 25 26 27 28 29]
2024-01-24 14:09:58,918{GMT}	INFO	[jepsen worker 3] jepsen.util: 3	:invoke	:broadcast	30
2024-01-24 14:09:58,919{GMT}	INFO	[jepsen worker 3] jepsen.util: 3	:ok	:broadcast	30
2024-01-24 14:09:58,971{GMT}	INFO	[jepsen worker 4] jepsen.util: 4	:invoke	:broadcast	31
2024-01-24 14:09:58,972{GMT}	INFO	[jepsen worker 4] jepsen.util: 4	:ok	:broadcast	31
2024-01-24 14:09:58,990{GMT}	INFO	[jepsen worker 0] jepsen.util: 0	:invoke	:read	nil
2024-01-24 14:09:58,990{GMT}	INFO	[jepsen worker 0] jepsen.util: 0	:ok	:read	[0 1 2 3 4 5 6 7 8 9 10 11 12 13 14 15 16 17 18 19 20 21 22 23 24 25 26 27 28 29 30 31]
2024-01-24 14:09:59,114{GMT}	INFO	[jepsen worker 0] jepsen.util: 0	:invoke	:read	nil
2024-01-24 14:09:59,116{GMT}	INFO	[jepsen worker 0] jepsen.util: 0	:ok	:read	[0 1 2 3 4 5 6 7 8 9 10 11 12 13 14 15 16 17 18 19 20 21 22 23 24 25 26 27 28 29 30 31]
2024-01-24 14:09:59,273{GMT}	INFO	[jepsen worker 1] jepsen.util: 1	:invoke	:broadcast	32
2024-01-24 14:09:59,277{GMT}	INFO	[jepsen worker 1] jepsen.util: 1	:ok	:broadcast	32
2024-01-24 14:09:59,464{GMT}	INFO	[jepsen worker 2] jepsen.util: 2	:invoke	:read	nil
2024-01-24 14:09:59,468{GMT}	INFO	[jepsen worker 2] jepsen.util: 2	:ok	:read	[0 1 2 3 4 5 6 7 8 9 10 11 12 13 14 15 16 17 18 19 20 21 22 23 24 25 26 27 28 29 30 31 32]
2024-01-24 14:09:59,494{GMT}	INFO	[jepsen worker 3] jepsen.util: 3	:invoke	:read	nil
2024-01-24 14:09:59,496{GMT}	INFO	[jepsen worker 3] jepsen.util: 3	:ok	:read	[0 1 2 3 4 5 6 7 8 9 10 11 12 13 14 15 16 17 18 19 20 21 22 23 24 25 26 27 28 29 30 31 32]
2024-01-24 14:09:59,618{GMT}	INFO	[jepsen worker 4] jepsen.util: 4	:invoke	:read	nil
2024-01-24 14:09:59,622{GMT}	INFO	[jepsen worker 4] jepsen.util: 4	:ok	:read	[0 1 2 3 4 5 6 7 8 9 10 11 12 13 14 15 16 17 18 19 20 21 22 23 24 25 26 27 28 29 30 31 32]
2024-01-24 14:09:59,726{GMT}	INFO	[jepsen worker 0] jepsen.util: 0	:invoke	:read	nil
2024-01-24 14:09:59,729{GMT}	INFO	[jepsen worker 0] jepsen.util: 0	:ok	:read	[0 1 2 3 4 5 6 7 8 9 10 11 12 13 14 15 16 17 18 19 20 21 22 23 24 25 26 27 28 29 30 31 32]
2024-01-24 14:09:59,814{GMT}	INFO	[jepsen worker 0] jepsen.util: 0	:invoke	:read	nil
2024-01-24 14:09:59,816{GMT}	INFO	[jepsen worker 0] jepsen.util: 0	:ok	:read	[0 1 2 3 4 5 6 7 8 9 10 11 12 13 14 15 16 17 18 19 20 21 22 23 24 25 26 27 28 29 30 31 32]
2024-01-24 14:09:59,873{GMT}	INFO	[jepsen worker 1] jepsen.util: 1	:invoke	:broadcast	33
2024-01-24 14:09:59,874{GMT}	INFO	[jepsen worker 1] jepsen.util: 1	:ok	:broadcast	33
2024-01-24 14:09:59,919{GMT}	INFO	[jepsen worker 2] jepsen.util: 2	:invoke	:broadcast	34
2024-01-24 14:09:59,920{GMT}	INFO	[jepsen worker 2] jepsen.util: 2	:ok	:broadcast	34
2024-01-24 14:10:00,121{GMT}	INFO	[jepsen worker 3] jepsen.util: 3	:invoke	:read	nil
2024-01-24 14:10:00,123{GMT}	INFO	[jepsen worker 3] jepsen.util: 3	:ok	:read	[0 1 2 3 4 5 6 7 8 9 10 11 12 13 14 15 16 17 18 19 20 21 22 23 24 25 26 27 28 29 30 31 32 33 34]
2024-01-24 14:10:00,167{GMT}	INFO	[jepsen worker 4] jepsen.util: 4	:invoke	:broadcast	35
2024-01-24 14:10:00,168{GMT}	INFO	[jepsen worker 4] jepsen.util: 4	:ok	:broadcast	35
2024-01-24 14:10:00,320{GMT}	INFO	[jepsen worker 0] jepsen.util: 0	:invoke	:read	nil
2024-01-24 14:10:00,323{GMT}	INFO	[jepsen worker 0] jepsen.util: 0	:ok	:read	[0 1 2 3 4 5 6 7 8 9 10 11 12 13 14 15 16 17 18 19 20 21 22 23 24 25 26 27 28 29 30 31 32 33 34 35]
2024-01-24 14:10:00,507{GMT}	INFO	[jepsen worker 0] jepsen.util: 0	:invoke	:read	nil
2024-01-24 14:10:00,510{GMT}	INFO	[jepsen worker 0] jepsen.util: 0	:ok	:read	[0 1 2 3 4 5 6 7 8 9 10 11 12 13 14 15 16 17 18 19 20 21 22 23 24 25 26 27 28 29 30 31 32 33 34 35]
2024-01-24 14:10:00,566{GMT}	INFO	[jepsen worker 1] jepsen.util: 1	:invoke	:read	nil
2024-01-24 14:10:00,568{GMT}	INFO	[jepsen worker 1] jepsen.util: 1	:ok	:read	[0 1 2 3 4 5 6 7 8 9 10 11 12 13 14 15 16 17 18 19 20 21 22 23 24 25 26 27 28 29 30 31 32 33 34 35]
2024-01-24 14:10:00,619{GMT}	INFO	[jepsen worker 2] jepsen.util: 2	:invoke	:broadcast	36
2024-01-24 14:10:00,620{GMT}	INFO	[jepsen worker 2] jepsen.util: 2	:ok	:broadcast	36
2024-01-24 14:10:00,768{GMT}	INFO	[jepsen worker 3] jepsen.util: 3	:invoke	:read	nil
2024-01-24 14:10:00,769{GMT}	INFO	[jepsen worker 3] jepsen.util: 3	:ok	:read	[0 1 2 3 4 5 6 7 8 9 10 11 12 13 14 15 16 17 18 19 20 21 22 23 24 25 26 27 28 29 30 31 32 33 34 35 36]
2024-01-24 14:10:00,972{GMT}	INFO	[jepsen worker 4] jepsen.util: 4	:invoke	:read	nil
2024-01-24 14:10:00,977{GMT}	INFO	[jepsen worker 4] jepsen.util: 4	:ok	:read	[0 1 2 3 4 5 6 7 8 9 10 11 12 13 14 15 16 17 18 19 20 21 22 23 24 25 26 27 28 29 30 31 32 33 34 35 36]
2024-01-24 14:10:01,003{GMT}	INFO	[jepsen worker 0] jepsen.util: 0	:invoke	:read	nil
2024-01-24 14:10:01,004{GMT}	INFO	[jepsen worker 0] jepsen.util: 0	:ok	:read	[0 1 2 3 4 5 6 7 8 9 10 11 12 13 14 15 16 17 18 19 20 21 22 23 24 25 26 27 28 29 30 31 32 33 34 35 36]
2024-01-24 14:10:01,112{GMT}	INFO	[jepsen worker 0] jepsen.util: 0	:invoke	:read	nil
2024-01-24 14:10:01,114{GMT}	INFO	[jepsen worker 0] jepsen.util: 0	:ok	:read	[0 1 2 3 4 5 6 7 8 9 10 11 12 13 14 15 16 17 18 19 20 21 22 23 24 25 26 27 28 29 30 31 32 33 34 35 36]
2024-01-24 14:10:01,231{GMT}	INFO	[jepsen worker 1] jepsen.util: 1	:invoke	:read	nil
2024-01-24 14:10:01,235{GMT}	INFO	[jepsen worker 1] jepsen.util: 1	:ok	:read	[0 1 2 3 4 5 6 7 8 9 10 11 12 13 14 15 16 17 18 19 20 21 22 23 24 25 26 27 28 29 30 31 32 33 34 35 36]
2024-01-24 14:10:01,371{GMT}	INFO	[jepsen worker 2] jepsen.util: 2	:invoke	:read	nil
2024-01-24 14:10:01,375{GMT}	INFO	[jepsen worker 2] jepsen.util: 2	:ok	:read	[0 1 2 3 4 5 6 7 8 9 10 11 12 13 14 15 16 17 18 19 20 21 22 23 24 25 26 27 28 29 30 31 32 33 34 35 36]
2024-01-24 14:10:01,430{GMT}	INFO	[jepsen worker 3] jepsen.util: 3	:invoke	:broadcast	37
2024-01-24 14:10:01,431{GMT}	INFO	[jepsen worker 3] jepsen.util: 3	:ok	:broadcast	37
2024-01-24 14:10:01,616{GMT}	INFO	[jepsen worker 4] jepsen.util: 4	:invoke	:broadcast	38
2024-01-24 14:10:01,618{GMT}	INFO	[jepsen worker 4] jepsen.util: 4	:ok	:broadcast	38
2024-01-24 14:10:01,765{GMT}	INFO	[jepsen worker 0] jepsen.util: 0	:invoke	:read	nil
2024-01-24 14:10:01,769{GMT}	INFO	[jepsen worker 0] jepsen.util: 0	:ok	:read	[0 1 2 3 4 5 6 7 8 9 10 11 12 13 14 15 16 17 18 19 20 21 22 23 24 25 26 27 28 29 30 31 32 33 34 35 36 37 38]
2024-01-24 14:10:01,887{GMT}	INFO	[jepsen worker 0] jepsen.util: 0	:invoke	:read	nil
2024-01-24 14:10:01,890{GMT}	INFO	[jepsen worker 0] jepsen.util: 0	:ok	:read	[0 1 2 3 4 5 6 7 8 9 10 11 12 13 14 15 16 17 18 19 20 21 22 23 24 25 26 27 28 29 30 31 32 33 34 35 36 37 38]
2024-01-24 14:10:02,046{GMT}	INFO	[jepsen worker 1] jepsen.util: 1	:invoke	:broadcast	39
2024-01-24 14:10:02,050{GMT}	INFO	[jepsen worker 1] jepsen.util: 1	:ok	:broadcast	39
2024-01-24 14:10:02,218{GMT}	INFO	[jepsen worker 2] jepsen.util: 2	:invoke	:read	nil
2024-01-24 14:10:02,220{GMT}	INFO	[jepsen worker 2] jepsen.util: 2	:ok	:read	[0 1 2 3 4 5 6 7 8 9 10 11 12 13 14 15 16 17 18 19 20 21 22 23 24 25 26 27 28 29 30 31 32 33 34 35 36 37 38 39]
2024-01-24 14:10:02,374{GMT}	INFO	[jepsen worker 3] jepsen.util: 3	:invoke	:read	nil
2024-01-24 14:10:02,379{GMT}	INFO	[jepsen worker 3] jepsen.util: 3	:ok	:read	[0 1 2 3 4 5 6 7 8 9 10 11 12 13 14 15 16 17 18 19 20 21 22 23 24 25 26 27 28 29 30 31 32 33 34 35 36 37 38 39]
2024-01-24 14:10:02,470{GMT}	INFO	[jepsen worker 4] jepsen.util: 4	:invoke	:broadcast	40
2024-01-24 14:10:02,473{GMT}	INFO	[jepsen worker 4] jepsen.util: 4	:ok	:broadcast	40
2024-01-24 14:10:02,516{GMT}	INFO	[jepsen worker 0] jepsen.util: 0	:invoke	:read	nil
2024-01-24 14:10:02,518{GMT}	INFO	[jepsen worker 0] jepsen.util: 0	:ok	:read	[0 1 2 3 4 5 6 7 8 9 10 11 12 13 14 15 16 17 18 19 20 21 22 23 24 25 26 27 28 29 30 31 32 33 34 35 36 37 38 39 40]
2024-01-24 14:10:02,557{GMT}	INFO	[jepsen worker 0] jepsen.util: 0	:invoke	:read	nil
2024-01-24 14:10:02,558{GMT}	INFO	[jepsen worker 0] jepsen.util: 0	:ok	:read	[0 1 2 3 4 5 6 7 8 9 10 11 12 13 14 15 16 17 18 19 20 21 22 23 24 25 26 27 28 29 30 31 32 33 34 35 36 37 38 39 40]
2024-01-24 14:10:02,608{GMT}	INFO	[jepsen worker 1] jepsen.util: 1	:invoke	:broadcast	41
2024-01-24 14:10:02,609{GMT}	INFO	[jepsen worker 1] jepsen.util: 1	:ok	:broadcast	41
2024-01-24 14:10:02,643{GMT}	INFO	[jepsen worker 2] jepsen.util: 2	:invoke	:broadcast	42
2024-01-24 14:10:02,644{GMT}	INFO	[jepsen worker 2] jepsen.util: 2	:ok	:broadcast	42
2024-01-24 14:10:02,672{GMT}	INFO	[jepsen worker 3] jepsen.util: 3	:invoke	:broadcast	43
2024-01-24 14:10:02,673{GMT}	INFO	[jepsen worker 3] jepsen.util: 3	:ok	:broadcast	43
2024-01-24 14:10:02,737{GMT}	INFO	[jepsen worker 4] jepsen.util: 4	:invoke	:read	nil
2024-01-24 14:10:02,738{GMT}	INFO	[jepsen worker 4] jepsen.util: 4	:ok	:read	[0 1 2 3 4 5 6 7 8 9 10 11 12 13 14 15 16 17 18 19 20 21 22 23 24 25 26 27 28 29 30 31 32 33 34 35 36 37 38 39 40 41 42 43]
2024-01-24 14:10:02,768{GMT}	INFO	[jepsen worker 0] jepsen.util: 0	:invoke	:broadcast	44
2024-01-24 14:10:02,769{GMT}	INFO	[jepsen worker 0] jepsen.util: 0	:ok	:broadcast	44
2024-01-24 14:10:02,845{GMT}	INFO	[jepsen worker 0] jepsen.util: 0	:invoke	:broadcast	45
2024-01-24 14:10:02,846{GMT}	INFO	[jepsen worker 0] jepsen.util: 0	:ok	:broadcast	45
2024-01-24 14:10:02,998{GMT}	INFO	[jepsen worker 1] jepsen.util: 1	:invoke	:broadcast	46
2024-01-24 14:10:02,999{GMT}	INFO	[jepsen worker 1] jepsen.util: 1	:ok	:broadcast	46
2024-01-24 14:10:03,108{GMT}	INFO	[jepsen worker 2] jepsen.util: 2	:invoke	:broadcast	47
2024-01-24 14:10:03,109{GMT}	INFO	[jepsen worker 2] jepsen.util: 2	:ok	:broadcast	47
2024-01-24 14:10:03,129{GMT}	INFO	[jepsen worker 3] jepsen.util: 3	:invoke	:read	nil
2024-01-24 14:10:03,130{GMT}	INFO	[jepsen worker 3] jepsen.util: 3	:ok	:read	[0 1 2 3 4 5 6 7 8 9 10 11 12 13 14 15 16 17 18 19 20 21 22 23 24 25 26 27 28 29 30 31 32 33 34 35 36 37 38 39 40 41 42 43 44 45 46 47]
2024-01-24 14:10:03,220{GMT}	INFO	[jepsen worker 4] jepsen.util: 4	:invoke	:broadcast	48
2024-01-24 14:10:03,222{GMT}	INFO	[jepsen worker 4] jepsen.util: 4	:ok	:broadcast	48
2024-01-24 14:10:03,246{GMT}	INFO	[jepsen worker 0] jepsen.util: 0	:invoke	:broadcast	49
2024-01-24 14:10:03,247{GMT}	INFO	[jepsen worker 0] jepsen.util: 0	:ok	:broadcast	49
2024-01-24 14:10:03,260{GMT}	INFO	[jepsen worker 0] jepsen.util: 0	:invoke	:broadcast	50
2024-01-24 14:10:03,260{GMT}	INFO	[jepsen worker 0] jepsen.util: 0	:ok	:broadcast	50
2024-01-24 14:10:03,383{GMT}	INFO	[jepsen worker 1] jepsen.util: 1	:invoke	:read	nil
2024-01-24 14:10:03,385{GMT}	INFO	[jepsen worker 1] jepsen.util: 1	:ok	:read	[0 1 2 3 4 5 6 7 8 9 10 11 12 13 14 15 16 17 18 19 20 21 22 23 24 25 26 27 28 29 30 31 32 33 34 35 36 37 38 39 40 41 42 43 44 45 46 47 48 49 50]
2024-01-24 14:10:03,480{GMT}	INFO	[jepsen worker 2] jepsen.util: 2	:invoke	:broadcast	51
2024-01-24 14:10:03,485{GMT}	INFO	[jepsen worker 2] jepsen.util: 2	:ok	:broadcast	51
2024-01-24 14:10:03,598{GMT}	INFO	[jepsen worker 3] jepsen.util: 3	:invoke	:broadcast	52
2024-01-24 14:10:03,601{GMT}	INFO	[jepsen worker 3] jepsen.util: 3	:ok	:broadcast	52
2024-01-24 14:10:03,656{GMT}	INFO	[jepsen worker 4] jepsen.util: 4	:invoke	:broadcast	53
2024-01-24 14:10:03,657{GMT}	INFO	[jepsen worker 4] jepsen.util: 4	:ok	:broadcast	53
2024-01-24 14:10:03,660{GMT}	INFO	[jepsen worker 0] jepsen.util: 0	:invoke	:read	nil
2024-01-24 14:10:03,661{GMT}	INFO	[jepsen worker 0] jepsen.util: 0	:ok	:read	[0 1 2 3 4 5 6 7 8 9 10 11 12 13 14 15 16 17 18 19 20 21 22 23 24 25 26 27 28 29 30 31 32 33 34 35 36 37 38 39 40 41 42 43 44 45 46 47 48 49 50 51 52 53]
2024-01-24 14:10:03,839{GMT}	INFO	[jepsen worker 0] jepsen.util: 0	:invoke	:broadcast	54
2024-01-24 14:10:03,843{GMT}	INFO	[jepsen worker 0] jepsen.util: 0	:ok	:broadcast	54
2024-01-24 14:10:04,008{GMT}	INFO	[jepsen worker 1] jepsen.util: 1	:invoke	:broadcast	55
2024-01-24 14:10:04,012{GMT}	INFO	[jepsen worker 1] jepsen.util: 1	:ok	:broadcast	55
2024-01-24 14:10:04,013{GMT}	INFO	[jepsen worker 2] jepsen.util: 2	:invoke	:read	nil
2024-01-24 14:10:04,015{GMT}	INFO	[jepsen worker 2] jepsen.util: 2	:ok	:read	[0 1 2 3 4 5 6 7 8 9 10 11 12 13 14 15 16 17 18 19 20 21 22 23 24 25 26 27 28 29 30 31 32 33 34 35 36 37 38 39 40 41 42 43 44 45 46 47 48 49 50 51 52 53 54]
2024-01-24 14:10:04,178{GMT}	INFO	[jepsen worker 3] jepsen.util: 3	:invoke	:read	nil
2024-01-24 14:10:04,182{GMT}	INFO	[jepsen worker 3] jepsen.util: 3	:ok	:read	[0 1 2 3 4 5 6 7 8 9 10 11 12 13 14 15 16 17 18 19 20 21 22 23 24 25 26 27 28 29 30 31 32 33 34 35 36 37 38 39 40 41 42 43 44 45 46 47 48 49 50 51 52 53 54 55]
2024-01-24 14:10:04,375{GMT}	INFO	[jepsen worker 4] jepsen.util: 4	:invoke	:broadcast	56
2024-01-24 14:10:04,378{GMT}	INFO	[jepsen worker 4] jepsen.util: 4	:ok	:broadcast	56
2024-01-24 14:10:04,502{GMT}	INFO	[jepsen worker 0] jepsen.util: 0	:invoke	:read	nil
2024-01-24 14:10:04,505{GMT}	INFO	[jepsen worker 0] jepsen.util: 0	:ok	:read	[0 1 2 3 4 5 6 7 8 9 10 11 12 13 14 15 16 17 18 19 20 21 22 23 24 25 26 27 28 29 30 31 32 33 34 35 36 37 38 39 40 41 42 43 44 45 46 47 48 49 50 51 52 53 54 55 56]
2024-01-24 14:10:04,577{GMT}	INFO	[jepsen worker 0] jepsen.util: 0	:invoke	:broadcast	57
2024-01-24 14:10:04,577{GMT}	INFO	[jepsen worker 1] jepsen.util: 1	:invoke	:broadcast	58
2024-01-24 14:10:04,579{GMT}	INFO	[jepsen worker 1] jepsen.util: 1	:ok	:broadcast	58
2024-01-24 14:10:04,579{GMT}	INFO	[jepsen worker 0] jepsen.util: 0	:ok	:broadcast	57
2024-01-24 14:10:04,607{GMT}	INFO	[jepsen worker 2] jepsen.util: 2	:invoke	:read	nil
2024-01-24 14:10:04,609{GMT}	INFO	[jepsen worker 2] jepsen.util: 2	:ok	:read	[0 1 2 3 4 5 6 7 8 9 10 11 12 13 14 15 16 17 18 19 20 21 22 23 24 25 26 27 28 29 30 31 32 33 34 35 36 37 38 39 40 41 42 43 44 45 46 47 48 49 50 51 52 53 54 55 56 57 58]
2024-01-24 14:10:04,703{GMT}	INFO	[jepsen worker 3] jepsen.util: 3	:invoke	:read	nil
2024-01-24 14:10:04,705{GMT}	INFO	[jepsen worker 3] jepsen.util: 3	:ok	:read	[0 1 2 3 4 5 6 7 8 9 10 11 12 13 14 15 16 17 18 19 20 21 22 23 24 25 26 27 28 29 30 31 32 33 34 35 36 37 38 39 40 41 42 43 44 45 46 47 48 49 50 51 52 53 54 55 56 57 58]
2024-01-24 14:10:04,902{GMT}	INFO	[jepsen worker 4] jepsen.util: 4	:invoke	:read	nil
2024-01-24 14:10:04,905{GMT}	INFO	[jepsen worker 4] jepsen.util: 4	:ok	:read	[0 1 2 3 4 5 6 7 8 9 10 11 12 13 14 15 16 17 18 19 20 21 22 23 24 25 26 27 28 29 30 31 32 33 34 35 36 37 38 39 40 41 42 43 44 45 46 47 48 49 50 51 52 53 54 55 56 57 58]
2024-01-24 14:10:05,095{GMT}	INFO	[jepsen worker 0] jepsen.util: 0	:invoke	:read	nil
2024-01-24 14:10:05,096{GMT}	INFO	[jepsen worker 0] jepsen.util: 0	:ok	:read	[0 1 2 3 4 5 6 7 8 9 10 11 12 13 14 15 16 17 18 19 20 21 22 23 24 25 26 27 28 29 30 31 32 33 34 35 36 37 38 39 40 41 42 43 44 45 46 47 48 49 50 51 52 53 54 55 56 57 58]
2024-01-24 14:10:05,140{GMT}	INFO	[jepsen worker 0] jepsen.util: 0	:invoke	:read	nil
2024-01-24 14:10:05,141{GMT}	INFO	[jepsen worker 0] jepsen.util: 0	:ok	:read	[0 1 2 3 4 5 6 7 8 9 10 11 12 13 14 15 16 17 18 19 20 21 22 23 24 25 26 27 28 29 30 31 32 33 34 35 36 37 38 39 40 41 42 43 44 45 46 47 48 49 50 51 52 53 54 55 56 57 58]
2024-01-24 14:10:05,146{GMT}	INFO	[jepsen worker 1] jepsen.util: 1	:invoke	:read	nil
2024-01-24 14:10:05,147{GMT}	INFO	[jepsen worker 1] jepsen.util: 1	:ok	:read	[0 1 2 3 4 5 6 7 8 9 10 11 12 13 14 15 16 17 18 19 20 21 22 23 24 25 26 27 28 29 30 31 32 33 34 35 36 37 38 39 40 41 42 43 44 45 46 47 48 49 50 51 52 53 54 55 56 57 58]
2024-01-24 14:10:05,159{GMT}	INFO	[jepsen worker 2] jepsen.util: 2	:invoke	:broadcast	59
2024-01-24 14:10:05,160{GMT}	INFO	[jepsen worker 2] jepsen.util: 2	:ok	:broadcast	59
2024-01-24 14:10:05,293{GMT}	INFO	[jepsen worker 3] jepsen.util: 3	:invoke	:broadcast	60
2024-01-24 14:10:05,294{GMT}	INFO	[jepsen worker 3] jepsen.util: 3	:ok	:broadcast	60
2024-01-24 14:10:05,402{GMT}	INFO	[jepsen worker 4] jepsen.util: 4	:invoke	:broadcast	61
2024-01-24 14:10:05,405{GMT}	INFO	[jepsen worker 4] jepsen.util: 4	:ok	:broadcast	61
2024-01-24 14:10:05,457{GMT}	INFO	[jepsen worker 0] jepsen.util: 0	:invoke	:read	nil
2024-01-24 14:10:05,460{GMT}	INFO	[jepsen worker 0] jepsen.util: 0	:ok	:read	[0 1 2 3 4 5 6 7 8 9 10 11 12 13 14 15 16 17 18 19 20 21 22 23 24 25 26 27 28 29 30 31 32 33 34 35 36 37 38 39 40 41 42 43 44 45 46 47 48 49 50 51 52 53 54 55 56 57 58 59 60 61]
2024-01-24 14:10:05,577{GMT}	INFO	[jepsen worker 0] jepsen.util: 0	:invoke	:broadcast	62
2024-01-24 14:10:05,580{GMT}	INFO	[jepsen worker 0] jepsen.util: 0	:ok	:broadcast	62
2024-01-24 14:10:05,764{GMT}	INFO	[jepsen worker 1] jepsen.util: 1	:invoke	:broadcast	63
2024-01-24 14:10:05,767{GMT}	INFO	[jepsen worker 1] jepsen.util: 1	:ok	:broadcast	63
2024-01-24 14:10:05,936{GMT}	INFO	[jepsen worker 2] jepsen.util: 2	:invoke	:broadcast	64
2024-01-24 14:10:05,939{GMT}	INFO	[jepsen worker 2] jepsen.util: 2	:ok	:broadcast	64
2024-01-24 14:10:05,993{GMT}	INFO	[jepsen worker 3] jepsen.util: 3	:invoke	:broadcast	65
2024-01-24 14:10:05,995{GMT}	INFO	[jepsen worker 3] jepsen.util: 3	:ok	:broadcast	65
2024-01-24 14:10:06,167{GMT}	INFO	[jepsen worker 4] jepsen.util: 4	:invoke	:broadcast	66
2024-01-24 14:10:06,169{GMT}	INFO	[jepsen worker 4] jepsen.util: 4	:ok	:broadcast	66
2024-01-24 14:10:06,272{GMT}	INFO	[jepsen worker 0] jepsen.util: 0	:invoke	:broadcast	67
2024-01-24 14:10:06,273{GMT}	INFO	[jepsen worker 0] jepsen.util: 0	:ok	:broadcast	67
2024-01-24 14:10:06,280{GMT}	INFO	[jepsen worker 0] jepsen.util: 0	:invoke	:read	nil
2024-01-24 14:10:06,281{GMT}	INFO	[jepsen worker 0] jepsen.util: 0	:ok	:read	[0 1 2 3 4 5 6 7 8 9 10 11 12 13 14 15 16 17 18 19 20 21 22 23 24 25 26 27 28 29 30 31 32 33 34 35 36 37 38 39 40 41 42 43 44 45 46 47 48 49 50 51 52 53 54 55 56 57 58 59 60 61 62 63 64 65 66 67]
2024-01-24 14:10:06,329{GMT}	INFO	[jepsen worker 1] jepsen.util: 1	:invoke	:broadcast	68
2024-01-24 14:10:06,330{GMT}	INFO	[jepsen worker 1] jepsen.util: 1	:ok	:broadcast	68
2024-01-24 14:10:06,461{GMT}	INFO	[jepsen worker 2] jepsen.util: 2	:invoke	:broadcast	69
2024-01-24 14:10:06,462{GMT}	INFO	[jepsen worker 2] jepsen.util: 2	:ok	:broadcast	69
2024-01-24 14:10:06,575{GMT}	INFO	[jepsen worker 3] jepsen.util: 3	:invoke	:read	nil
2024-01-24 14:10:06,578{GMT}	INFO	[jepsen worker 3] jepsen.util: 3	:ok	:read	[0 1 2 3 4 5 6 7 8 9 10 11 12 13 14 15 16 17 18 19 20 21 22 23 24 25 26 27 28 29 30 31 32 33 34 35 36 37 38 39 40 41 42 43 44 45 46 47 48 49 50 51 52 53 54 55 56 57 58 59 60 61 62 63 64 65 66 67 68 69]
2024-01-24 14:10:06,723{GMT}	INFO	[jepsen worker 4] jepsen.util: 4	:invoke	:read	nil
2024-01-24 14:10:06,726{GMT}	INFO	[jepsen worker 4] jepsen.util: 4	:ok	:read	[0 1 2 3 4 5 6 7 8 9 10 11 12 13 14 15 16 17 18 19 20 21 22 23 24 25 26 27 28 29 30 31 32 33 34 35 36 37 38 39 40 41 42 43 44 45 46 47 48 49 50 51 52 53 54 55 56 57 58 59 60 61 62 63 64 65 66 67 68 69]
2024-01-24 14:10:06,927{GMT}	INFO	[jepsen worker 0] jepsen.util: 0	:invoke	:broadcast	70
2024-01-24 14:10:06,930{GMT}	INFO	[jepsen worker 0] jepsen.util: 0	:ok	:broadcast	70
2024-01-24 14:10:07,110{GMT}	INFO	[jepsen worker 0] jepsen.util: 0	:invoke	:read	nil
2024-01-24 14:10:07,113{GMT}	INFO	[jepsen worker 0] jepsen.util: 0	:ok	:read	[0 1 2 3 4 5 6 7 8 9 10 11 12 13 14 15 16 17 18 19 20 21 22 23 24 25 26 27 28 29 30 31 32 33 34 35 36 37 38 39 40 41 42 43 44 45 46 47 48 49 50 51 52 53 54 55 56 57 58 59 60 61 62 63 64 65 66 67 68 69 70]
2024-01-24 14:10:07,114{GMT}	INFO	[jepsen worker 1] jepsen.util: 1	:invoke	:read	nil
2024-01-24 14:10:07,115{GMT}	INFO	[jepsen worker 1] jepsen.util: 1	:ok	:read	[0 1 2 3 4 5 6 7 8 9 10 11 12 13 14 15 16 17 18 19 20 21 22 23 24 25 26 27 28 29 30 31 32 33 34 35 36 37 38 39 40 41 42 43 44 45 46 47 48 49 50 51 52 53 54 55 56 57 58 59 60 61 62 63 64 65 66 67 68 69 70]
2024-01-24 14:10:07,220{GMT}	INFO	[jepsen worker 2] jepsen.util: 2	:invoke	:broadcast	71
2024-01-24 14:10:07,225{GMT}	INFO	[jepsen worker 2] jepsen.util: 2	:ok	:broadcast	71
2024-01-24 14:10:07,325{GMT}	INFO	[jepsen worker 3] jepsen.util: 3	:invoke	:broadcast	72
2024-01-24 14:10:07,327{GMT}	INFO	[jepsen worker 3] jepsen.util: 3	:ok	:broadcast	72
2024-01-24 14:10:07,351{GMT}	INFO	[jepsen worker 4] jepsen.util: 4	:invoke	:read	nil
2024-01-24 14:10:07,352{GMT}	INFO	[jepsen worker 4] jepsen.util: 4	:ok	:read	[0 1 2 3 4 5 6 7 8 9 10 11 12 13 14 15 16 17 18 19 20 21 22 23 24 25 26 27 28 29 30 31 32 33 34 35 36 37 38 39 40 41 42 43 44 45 46 47 48 49 50 51 52 53 54 55 56 57 58 59 60 61 62 63 64 65 66 67 68 69 70 71 72]
2024-01-24 14:10:07,468{GMT}	INFO	[jepsen worker 0] jepsen.util: 0	:invoke	:read	nil
2024-01-24 14:10:07,473{GMT}	INFO	[jepsen worker 0] jepsen.util: 0	:ok	:read	[0 1 2 3 4 5 6 7 8 9 10 11 12 13 14 15 16 17 18 19 20 21 22 23 24 25 26 27 28 29 30 31 32 33 34 35 36 37 38 39 40 41 42 43 44 45 46 47 48 49 50 51 52 53 54 55 56 57 58 59 60 61 62 63 64 65 66 67 68 69 70 71 72]
2024-01-24 14:10:07,601{GMT}	INFO	[jepsen worker 0] jepsen.util: 0	:invoke	:broadcast	73
2024-01-24 14:10:07,604{GMT}	INFO	[jepsen worker 0] jepsen.util: 0	:ok	:broadcast	73
2024-01-24 14:10:07,633{GMT}	INFO	[jepsen worker 1] jepsen.util: 1	:invoke	:broadcast	74
2024-01-24 14:10:07,634{GMT}	INFO	[jepsen worker 1] jepsen.util: 1	:ok	:broadcast	74
2024-01-24 14:10:07,786{GMT}	INFO	[jepsen worker 2] jepsen.util: 2	:invoke	:broadcast	75
2024-01-24 14:10:07,789{GMT}	INFO	[jepsen worker 2] jepsen.util: 2	:ok	:broadcast	75
2024-01-24 14:10:07,798{GMT}	INFO	[jepsen worker 3] jepsen.util: 3	:invoke	:read	nil
2024-01-24 14:10:07,799{GMT}	INFO	[jepsen worker 3] jepsen.util: 3	:ok	:read	[0 1 2 3 4 5 6 7 8 9 10 11 12 13 14 15 16 17 18 19 20 21 22 23 24 25 26 27 28 29 30 31 32 33 34 35 36 37 38 39 40 41 42 43 44 45 46 47 48 49 50 51 52 53 54 55 56 57 58 59 60 61 62 63 64 65 66 67 68 69 70 71 72 73 74 75]
2024-01-24 14:10:07,873{GMT}	INFO	[jepsen worker 4] jepsen.util: 4	:invoke	:read	nil
2024-01-24 14:10:07,874{GMT}	INFO	[jepsen worker 4] jepsen.util: 4	:ok	:read	[0 1 2 3 4 5 6 7 8 9 10 11 12 13 14 15 16 17 18 19 20 21 22 23 24 25 26 27 28 29 30 31 32 33 34 35 36 37 38 39 40 41 42 43 44 45 46 47 48 49 50 51 52 53 54 55 56 57 58 59 60 61 62 63 64 65 66 67 68 69 70 71 72 73 74 75]
2024-01-24 14:10:07,946{GMT}	INFO	[jepsen worker 0] jepsen.util: 0	:invoke	:broadcast	76
2024-01-24 14:10:07,947{GMT}	INFO	[jepsen worker 0] jepsen.util: 0	:ok	:broadcast	76
2024-01-24 14:10:08,031{GMT}	INFO	[jepsen worker 0] jepsen.util: 0	:invoke	:read	nil
2024-01-24 14:10:08,032{GMT}	INFO	[jepsen worker 0] jepsen.util: 0	:ok	:read	[0 1 2 3 4 5 6 7 8 9 10 11 12 13 14 15 16 17 18 19 20 21 22 23 24 25 26 27 28 29 30 31 32 33 34 35 36 37 38 39 40 41 42 43 44 45 46 47 48 49 50 51 52 53 54 55 56 57 58 59 60 61 62 63 64 65 66 67 68 69 70 71 72 73 74 75 76]
2024-01-24 14:10:08,199{GMT}	INFO	[jepsen worker 1] jepsen.util: 1	:invoke	:read	nil
2024-01-24 14:10:08,201{GMT}	INFO	[jepsen worker 1] jepsen.util: 1	:ok	:read	[0 1 2 3 4 5 6 7 8 9 10 11 12 13 14 15 16 17 18 19 20 21 22 23 24 25 26 27 28 29 30 31 32 33 34 35 36 37 38 39 40 41 42 43 44 45 46 47 48 49 50 51 52 53 54 55 56 57 58 59 60 61 62 63 64 65 66 67 68 69 70 71 72 73 74 75 76]
2024-01-24 14:10:08,263{GMT}	INFO	[jepsen worker 2] jepsen.util: 2	:invoke	:broadcast	77
2024-01-24 14:10:08,265{GMT}	INFO	[jepsen worker 2] jepsen.util: 2	:ok	:broadcast	77
2024-01-24 14:10:08,300{GMT}	INFO	[jepsen worker 3] jepsen.util: 3	:invoke	:broadcast	78
2024-01-24 14:10:08,301{GMT}	INFO	[jepsen worker 3] jepsen.util: 3	:ok	:broadcast	78
2024-01-24 14:10:08,342{GMT}	INFO	[jepsen worker 4] jepsen.util: 4	:invoke	:read	nil
2024-01-24 14:10:08,342{GMT}	INFO	[jepsen worker 4] jepsen.util: 4	:ok	:read	[0 1 2 3 4 5 6 7 8 9 10 11 12 13 14 15 16 17 18 19 20 21 22 23 24 25 26 27 28 29 30 31 32 33 34 35 36 37 38 39 40 41 42 43 44 45 46 47 48 49 50 51 52 53 54 55 56 57 58 59 60 61 62 63 64 65 66 67 68 69 70 71 72 73 74 75 76 77 78]
2024-01-24 14:10:08,382{GMT}	INFO	[jepsen worker 0] jepsen.util: 0	:invoke	:read	nil
2024-01-24 14:10:08,383{GMT}	INFO	[jepsen worker 0] jepsen.util: 0	:ok	:read	[0 1 2 3 4 5 6 7 8 9 10 11 12 13 14 15 16 17 18 19 20 21 22 23 24 25 26 27 28 29 30 31 32 33 34 35 36 37 38 39 40 41 42 43 44 45 46 47 48 49 50 51 52 53 54 55 56 57 58 59 60 61 62 63 64 65 66 67 68 69 70 71 72 73 74 75 76 77 78]
2024-01-24 14:10:08,459{GMT}	INFO	[jepsen worker 0] jepsen.util: 0	:invoke	:broadcast	79
2024-01-24 14:10:08,460{GMT}	INFO	[jepsen worker 0] jepsen.util: 0	:ok	:broadcast	79
2024-01-24 14:10:08,651{GMT}	INFO	[jepsen worker 1] jepsen.util: 1	:invoke	:read	nil
2024-01-24 14:10:08,654{GMT}	INFO	[jepsen worker 1] jepsen.util: 1	:ok	:read	[0 1 2 3 4 5 6 7 8 9 10 11 12 13 14 15 16 17 18 19 20 21 22 23 24 25 26 27 28 29 30 31 32 33 34 35 36 37 38 39 40 41 42 43 44 45 46 47 48 49 50 51 52 53 54 55 56 57 58 59 60 61 62 63 64 65 66 67 68 69 70 71 72 73 74 75 76 77 78 79]
2024-01-24 14:10:08,724{GMT}	INFO	[jepsen worker 2] jepsen.util: 2	:invoke	:broadcast	80
2024-01-24 14:10:08,726{GMT}	INFO	[jepsen worker 2] jepsen.util: 2	:ok	:broadcast	80
2024-01-24 14:10:08,901{GMT}	INFO	[jepsen worker 3] jepsen.util: 3	:invoke	:broadcast	81
2024-01-24 14:10:08,904{GMT}	INFO	[jepsen worker 3] jepsen.util: 3	:ok	:broadcast	81
2024-01-24 14:10:09,084{GMT}	INFO	[jepsen worker 4] jepsen.util: 4	:invoke	:read	nil
2024-01-24 14:10:09,088{GMT}	INFO	[jepsen worker 4] jepsen.util: 4	:ok	:read	[0 1 2 3 4 5 6 7 8 9 10 11 12 13 14 15 16 17 18 19 20 21 22 23 24 25 26 27 28 29 30 31 32 33 34 35 36 37 38 39 40 41 42 43 44 45 46 47 48 49 50 51 52 53 54 55 56 57 58 59 60 61 62 63 64 65 66 67 68 69 70 71 72 73 74 75 76 77 78 79 80 81]
2024-01-24 14:10:09,201{GMT}	INFO	[jepsen worker 0] jepsen.util: 0	:invoke	:read	nil
2024-01-24 14:10:09,204{GMT}	INFO	[jepsen worker 0] jepsen.util: 0	:ok	:read	[0 1 2 3 4 5 6 7 8 9 10 11 12 13 14 15 16 17 18 19 20 21 22 23 24 25 26 27 28 29 30 31 32 33 34 35 36 37 38 39 40 41 42 43 44 45 46 47 48 49 50 51 52 53 54 55 56 57 58 59 60 61 62 63 64 65 66 67 68 69 70 71 72 73 74 75 76 77 78 79 80 81]
2024-01-24 14:10:09,351{GMT}	INFO	[jepsen worker 0] jepsen.util: 0	:invoke	:read	nil
2024-01-24 14:10:09,354{GMT}	INFO	[jepsen worker 0] jepsen.util: 0	:ok	:read	[0 1 2 3 4 5 6 7 8 9 10 11 12 13 14 15 16 17 18 19 20 21 22 23 24 25 26 27 28 29 30 31 32 33 34 35 36 37 38 39 40 41 42 43 44 45 46 47 48 49 50 51 52 53 54 55 56 57 58 59 60 61 62 63 64 65 66 67 68 69 70 71 72 73 74 75 76 77 78 79 80 81]
2024-01-24 14:10:09,455{GMT}	INFO	[jepsen worker 1] jepsen.util: 1	:invoke	:read	nil
2024-01-24 14:10:09,459{GMT}	INFO	[jepsen worker 2] jepsen.util: 2	:invoke	:read	nil
2024-01-24 14:10:09,460{GMT}	INFO	[jepsen worker 1] jepsen.util: 1	:ok	:read	[0 1 2 3 4 5 6 7 8 9 10 11 12 13 14 15 16 17 18 19 20 21 22 23 24 25 26 27 28 29 30 31 32 33 34 35 36 37 38 39 40 41 42 43 44 45 46 47 48 49 50 51 52 53 54 55 56 57 58 59 60 61 62 63 64 65 66 67 68 69 70 71 72 73 74 75 76 77 78 79 80 81]
2024-01-24 14:10:09,460{GMT}	INFO	[jepsen worker 2] jepsen.util: 2	:ok	:read	[0 1 2 3 4 5 6 7 8 9 10 11 12 13 14 15 16 17 18 19 20 21 22 23 24 25 26 27 28 29 30 31 32 33 34 35 36 37 38 39 40 41 42 43 44 45 46 47 48 49 50 51 52 53 54 55 56 57 58 59 60 61 62 63 64 65 66 67 68 69 70 71 72 73 74 75 76 77 78 79 80 81]
2024-01-24 14:10:09,524{GMT}	INFO	[jepsen worker 3] jepsen.util: 3	:invoke	:read	nil
2024-01-24 14:10:09,525{GMT}	INFO	[jepsen worker 3] jepsen.util: 3	:ok	:read	[0 1 2 3 4 5 6 7 8 9 10 11 12 13 14 15 16 17 18 19 20 21 22 23 24 25 26 27 28 29 30 31 32 33 34 35 36 37 38 39 40 41 42 43 44 45 46 47 48 49 50 51 52 53 54 55 56 57 58 59 60 61 62 63 64 65 66 67 68 69 70 71 72 73 74 75 76 77 78 79 80 81]
2024-01-24 14:10:09,527{GMT}	INFO	[jepsen worker 4] jepsen.util: 4	:invoke	:broadcast	82
2024-01-24 14:10:09,528{GMT}	INFO	[jepsen worker 4] jepsen.util: 4	:ok	:broadcast	82
2024-01-24 14:10:09,583{GMT}	INFO	[jepsen worker 0] jepsen.util: 0	:invoke	:broadcast	83
2024-01-24 14:10:09,585{GMT}	INFO	[jepsen worker 0] jepsen.util: 0	:ok	:broadcast	83
2024-01-24 14:10:09,731{GMT}	INFO	[jepsen worker 0] jepsen.util: 0	:invoke	:broadcast	84
2024-01-24 14:10:09,734{GMT}	INFO	[jepsen worker 0] jepsen.util: 0	:ok	:broadcast	84
2024-01-24 14:10:09,777{GMT}	INFO	[jepsen worker 1] jepsen.util: 1	:invoke	:broadcast	85
2024-01-24 14:10:09,778{GMT}	INFO	[jepsen worker 1] jepsen.util: 1	:ok	:broadcast	85
2024-01-24 14:10:09,936{GMT}	INFO	[jepsen worker 2] jepsen.util: 2	:invoke	:broadcast	86
2024-01-24 14:10:09,937{GMT}	INFO	[jepsen worker 2] jepsen.util: 2	:ok	:broadcast	86
2024-01-24 14:10:09,974{GMT}	INFO	[jepsen worker 3] jepsen.util: 3	:invoke	:broadcast	87
2024-01-24 14:10:09,974{GMT}	INFO	[jepsen worker 3] jepsen.util: 3	:ok	:broadcast	87
2024-01-24 14:10:10,099{GMT}	INFO	[jepsen worker 4] jepsen.util: 4	:invoke	:broadcast	88
2024-01-24 14:10:10,099{GMT}	INFO	[jepsen worker 0] jepsen.util: 0	:invoke	:read	nil
2024-01-24 14:10:10,100{GMT}	INFO	[jepsen worker 4] jepsen.util: 4	:ok	:broadcast	88
2024-01-24 14:10:10,113{GMT}	INFO	[jepsen worker 0] jepsen.util: 0	:ok	:read	[0 1 2 3 4 5 6 7 8 9 10 11 12 13 14 15 16 17 18 19 20 21 22 23 24 25 26 27 28 29 30 31 32 33 34 35 36 37 38 39 40 41 42 43 44 45 46 47 48 49 50 51 52 53 54 55 56 57 58 59 60 61 62 63 64 65 66 67 68 69 70 71 72 73 74 75 76 77 78 79 80 81 82 83 84 85 86 87]
2024-01-24 14:10:10,235{GMT}	INFO	[jepsen worker 0] jepsen.util: 0	:invoke	:read	nil
2024-01-24 14:10:10,236{GMT}	INFO	[jepsen worker 0] jepsen.util: 0	:ok	:read	[0 1 2 3 4 5 6 7 8 9 10 11 12 13 14 15 16 17 18 19 20 21 22 23 24 25 26 27 28 29 30 31 32 33 34 35 36 37 38 39 40 41 42 43 44 45 46 47 48 49 50 51 52 53 54 55 56 57 58 59 60 61 62 63 64 65 66 67 68 69 70 71 72 73 74 75 76 77 78 79 80 81 82 83 84 85 86 87 88]
2024-01-24 14:10:10,344{GMT}	INFO	[jepsen worker 1] jepsen.util: 1	:invoke	:read	nil
2024-01-24 14:10:10,347{GMT}	INFO	[jepsen worker 1] jepsen.util: 1	:ok	:read	[0 1 2 3 4 5 6 7 8 9 10 11 12 13 14 15 16 17 18 19 20 21 22 23 24 25 26 27 28 29 30 31 32 33 34 35 36 37 38 39 40 41 42 43 44 45 46 47 48 49 50 51 52 53 54 55 56 57 58 59 60 61 62 63 64 65 66 67 68 69 70 71 72 73 74 75 76 77 78 79 80 81 82 83 84 85 86 87 88]
2024-01-24 14:10:10,390{GMT}	INFO	[jepsen worker 2] jepsen.util: 2	:invoke	:read	nil
2024-01-24 14:10:10,391{GMT}	INFO	[jepsen worker 2] jepsen.util: 2	:ok	:read	[0 1 2 3 4 5 6 7 8 9 10 11 12 13 14 15 16 17 18 19 20 21 22 23 24 25 26 27 28 29 30 31 32 33 34 35 36 37 38 39 40 41 42 43 44 45 46 47 48 49 50 51 52 53 54 55 56 57 58 59 60 61 62 63 64 65 66 67 68 69 70 71 72 73 74 75 76 77 78 79 80 81 82 83 84 85 86 87 88]
2024-01-24 14:10:10,550{GMT}	INFO	[jepsen worker 3] jepsen.util: 3	:invoke	:broadcast	89
2024-01-24 14:10:10,553{GMT}	INFO	[jepsen worker 3] jepsen.util: 3	:ok	:broadcast	89
2024-01-24 14:10:10,703{GMT}	INFO	[jepsen worker 4] jepsen.util: 4	:invoke	:read	nil
2024-01-24 14:10:10,706{GMT}	INFO	[jepsen worker 4] jepsen.util: 4	:ok	:read	[0 1 2 3 4 5 6 7 8 9 10 11 12 13 14 15 16 17 18 19 20 21 22 23 24 25 26 27 28 29 30 31 32 33 34 35 36 37 38 39 40 41 42 43 44 45 46 47 48 49 50 51 52 53 54 55 56 57 58 59 60 61 62 63 64 65 66 67 68 69 70 71 72 73 74 75 76 77 78 79 80 81 82 83 84 85 86 87 88 89]
2024-01-24 14:10:10,741{GMT}	INFO	[jepsen worker 0] jepsen.util: 0	:invoke	:read	nil
2024-01-24 14:10:10,743{GMT}	INFO	[jepsen worker 0] jepsen.util: 0	:ok	:read	[0 1 2 3 4 5 6 7 8 9 10 11 12 13 14 15 16 17 18 19 20 21 22 23 24 25 26 27 28 29 30 31 32 33 34 35 36 37 38 39 40 41 42 43 44 45 46 47 48 49 50 51 52 53 54 55 56 57 58 59 60 61 62 63 64 65 66 67 68 69 70 71 72 73 74 75 76 77 78 79 80 81 82 83 84 85 86 87 88 89]
2024-01-24 14:10:10,895{GMT}	INFO	[jepsen worker 0] jepsen.util: 0	:invoke	:read	nil
2024-01-24 14:10:10,898{GMT}	INFO	[jepsen worker 0] jepsen.util: 0	:ok	:read	[0 1 2 3 4 5 6 7 8 9 10 11 12 13 14 15 16 17 18 19 20 21 22 23 24 25 26 27 28 29 30 31 32 33 34 35 36 37 38 39 40 41 42 43 44 45 46 47 48 49 50 51 52 53 54 55 56 57 58 59 60 61 62 63 64 65 66 67 68 69 70 71 72 73 74 75 76 77 78 79 80 81 82 83 84 85 86 87 88 89]
2024-01-24 14:10:10,929{GMT}	INFO	[jepsen worker 1] jepsen.util: 1	:invoke	:read	nil
2024-01-24 14:10:10,930{GMT}	INFO	[jepsen worker 1] jepsen.util: 1	:ok	:read	[0 1 2 3 4 5 6 7 8 9 10 11 12 13 14 15 16 17 18 19 20 21 22 23 24 25 26 27 28 29 30 31 32 33 34 35 36 37 38 39 40 41 42 43 44 45 46 47 48 49 50 51 52 53 54 55 56 57 58 59 60 61 62 63 64 65 66 67 68 69 70 71 72 73 74 75 76 77 78 79 80 81 82 83 84 85 86 87 88 89]
2024-01-24 14:10:11,018{GMT}	INFO	[jepsen worker 2] jepsen.util: 2	:invoke	:read	nil
2024-01-24 14:10:11,020{GMT}	INFO	[jepsen worker 2] jepsen.util: 2	:ok	:read	[0 1 2 3 4 5 6 7 8 9 10 11 12 13 14 15 16 17 18 19 20 21 22 23 24 25 26 27 28 29 30 31 32 33 34 35 36 37 38 39 40 41 42 43 44 45 46 47 48 49 50 51 52 53 54 55 56 57 58 59 60 61 62 63 64 65 66 67 68 69 70 71 72 73 74 75 76 77 78 79 80 81 82 83 84 85 86 87 88 89]
2024-01-24 14:10:11,157{GMT}	INFO	[jepsen worker 3] jepsen.util: 3	:invoke	:read	nil
2024-01-24 14:10:11,158{GMT}	INFO	[jepsen worker 4] jepsen.util: 4	:invoke	:broadcast	90
2024-01-24 14:10:11,161{GMT}	INFO	[jepsen worker 4] jepsen.util: 4	:ok	:broadcast	90
2024-01-24 14:10:11,161{GMT}	INFO	[jepsen worker 3] jepsen.util: 3	:ok	:read	[0 1 2 3 4 5 6 7 8 9 10 11 12 13 14 15 16 17 18 19 20 21 22 23 24 25 26 27 28 29 30 31 32 33 34 35 36 37 38 39 40 41 42 43 44 45 46 47 48 49 50 51 52 53 54 55 56 57 58 59 60 61 62 63 64 65 66 67 68 69 70 71 72 73 74 75 76 77 78 79 80 81 82 83 84 85 86 87 88 89]
2024-01-24 14:10:11,199{GMT}	INFO	[jepsen worker 0] jepsen.util: 0	:invoke	:broadcast	91
2024-01-24 14:10:11,200{GMT}	INFO	[jepsen worker 0] jepsen.util: 0	:ok	:broadcast	91
2024-01-24 14:10:11,266{GMT}	INFO	[jepsen worker 0] jepsen.util: 0	:invoke	:read	nil
2024-01-24 14:10:11,267{GMT}	INFO	[jepsen worker 0] jepsen.util: 0	:ok	:read	[0 1 2 3 4 5 6 7 8 9 10 11 12 13 14 15 16 17 18 19 20 21 22 23 24 25 26 27 28 29 30 31 32 33 34 35 36 37 38 39 40 41 42 43 44 45 46 47 48 49 50 51 52 53 54 55 56 57 58 59 60 61 62 63 64 65 66 67 68 69 70 71 72 73 74 75 76 77 78 79 80 81 82 83 84 85 86 87 88 89 90 91]
2024-01-24 14:10:11,274{GMT}	INFO	[jepsen worker 1] jepsen.util: 1	:invoke	:read	nil
2024-01-24 14:10:11,275{GMT}	INFO	[jepsen worker 1] jepsen.util: 1	:ok	:read	[0 1 2 3 4 5 6 7 8 9 10 11 12 13 14 15 16 17 18 19 20 21 22 23 24 25 26 27 28 29 30 31 32 33 34 35 36 37 38 39 40 41 42 43 44 45 46 47 48 49 50 51 52 53 54 55 56 57 58 59 60 61 62 63 64 65 66 67 68 69 70 71 72 73 74 75 76 77 78 79 80 81 82 83 84 85 86 87 88 89 90 91]
2024-01-24 14:10:11,306{GMT}	INFO	[jepsen worker 2] jepsen.util: 2	:invoke	:read	nil
2024-01-24 14:10:11,308{GMT}	INFO	[jepsen worker 2] jepsen.util: 2	:ok	:read	[0 1 2 3 4 5 6 7 8 9 10 11 12 13 14 15 16 17 18 19 20 21 22 23 24 25 26 27 28 29 30 31 32 33 34 35 36 37 38 39 40 41 42 43 44 45 46 47 48 49 50 51 52 53 54 55 56 57 58 59 60 61 62 63 64 65 66 67 68 69 70 71 72 73 74 75 76 77 78 79 80 81 82 83 84 85 86 87 88 89 90 91]
2024-01-24 14:10:11,449{GMT}	INFO	[jepsen worker 3] jepsen.util: 3	:invoke	:broadcast	92
2024-01-24 14:10:11,451{GMT}	INFO	[jepsen worker 3] jepsen.util: 3	:ok	:broadcast	92
2024-01-24 14:10:11,623{GMT}	INFO	[jepsen worker 4] jepsen.util: 4	:invoke	:broadcast	93
2024-01-24 14:10:11,626{GMT}	INFO	[jepsen worker 4] jepsen.util: 4	:ok	:broadcast	93
2024-01-24 14:10:11,685{GMT}	INFO	[jepsen worker 0] jepsen.util: 0	:invoke	:broadcast	94
2024-01-24 14:10:11,686{GMT}	INFO	[jepsen worker 0] jepsen.util: 0	:ok	:broadcast	94
2024-01-24 14:10:11,862{GMT}	INFO	[jepsen worker 0] jepsen.util: 0	:invoke	:read	nil
2024-01-24 14:10:11,865{GMT}	INFO	[jepsen worker 0] jepsen.util: 0	:ok	:read	[0 1 2 3 4 5 6 7 8 9 10 11 12 13 14 15 16 17 18 19 20 21 22 23 24 25 26 27 28 29 30 31 32 33 34 35 36 37 38 39 40 41 42 43 44 45 46 47 48 49 50 51 52 53 54 55 56 57 58 59 60 61 62 63 64 65 66 67 68 69 70 71 72 73 74 75 76 77 78 79 80 81 82 83 84 85 86 87 88 89 90 91 92 93 94]
2024-01-24 14:10:11,936{GMT}	INFO	[jepsen worker 1] jepsen.util: 1	:invoke	:read	nil
2024-01-24 14:10:11,939{GMT}	INFO	[jepsen worker 1] jepsen.util: 1	:ok	:read	[0 1 2 3 4 5 6 7 8 9 10 11 12 13 14 15 16 17 18 19 20 21 22 23 24 25 26 27 28 29 30 31 32 33 34 35 36 37 38 39 40 41 42 43 44 45 46 47 48 49 50 51 52 53 54 55 56 57 58 59 60 61 62 63 64 65 66 67 68 69 70 71 72 73 74 75 76 77 78 79 80 81 82 83 84 85 86 87 88 89 90 91 92 93 94]
2024-01-24 14:10:11,995{GMT}	INFO	[jepsen worker 2] jepsen.util: 2	:invoke	:read	nil
2024-01-24 14:10:11,997{GMT}	INFO	[jepsen worker 2] jepsen.util: 2	:ok	:read	[0 1 2 3 4 5 6 7 8 9 10 11 12 13 14 15 16 17 18 19 20 21 22 23 24 25 26 27 28 29 30 31 32 33 34 35 36 37 38 39 40 41 42 43 44 45 46 47 48 49 50 51 52 53 54 55 56 57 58 59 60 61 62 63 64 65 66 67 68 69 70 71 72 73 74 75 76 77 78 79 80 81 82 83 84 85 86 87 88 89 90 91 92 93 94]
2024-01-24 14:10:12,071{GMT}	INFO	[jepsen worker 3] jepsen.util: 3	:invoke	:read	nil
2024-01-24 14:10:12,073{GMT}	INFO	[jepsen worker 3] jepsen.util: 3	:ok	:read	[0 1 2 3 4 5 6 7 8 9 10 11 12 13 14 15 16 17 18 19 20 21 22 23 24 25 26 27 28 29 30 31 32 33 34 35 36 37 38 39 40 41 42 43 44 45 46 47 48 49 50 51 52 53 54 55 56 57 58 59 60 61 62 63 64 65 66 67 68 69 70 71 72 73 74 75 76 77 78 79 80 81 82 83 84 85 86 87 88 89 90 91 92 93 94]
2024-01-24 14:10:12,189{GMT}	INFO	[jepsen worker 4] jepsen.util: 4	:invoke	:broadcast	95
2024-01-24 14:10:12,192{GMT}	INFO	[jepsen worker 4] jepsen.util: 4	:ok	:broadcast	95
2024-01-24 14:10:12,353{GMT}	INFO	[jepsen worker 0] jepsen.util: 0	:invoke	:read	nil
2024-01-24 14:10:12,357{GMT}	INFO	[jepsen worker 0] jepsen.util: 0	:ok	:read	[0 1 2 3 4 5 6 7 8 9 10 11 12 13 14 15 16 17 18 19 20 21 22 23 24 25 26 27 28 29 30 31 32 33 34 35 36 37 38 39 40 41 42 43 44 45 46 47 48 49 50 51 52 53 54 55 56 57 58 59 60 61 62 63 64 65 66 67 68 69 70 71 72 73 74 75 76 77 78 79 80 81 82 83 84 85 86 87 88 89 90 91 92 93 94 95]
2024-01-24 14:10:12,507{GMT}	INFO	[jepsen worker 0] jepsen.util: 0	:invoke	:read	nil
2024-01-24 14:10:12,511{GMT}	INFO	[jepsen worker 0] jepsen.util: 0	:ok	:read	[0 1 2 3 4 5 6 7 8 9 10 11 12 13 14 15 16 17 18 19 20 21 22 23 24 25 26 27 28 29 30 31 32 33 34 35 36 37 38 39 40 41 42 43 44 45 46 47 48 49 50 51 52 53 54 55 56 57 58 59 60 61 62 63 64 65 66 67 68 69 70 71 72 73 74 75 76 77 78 79 80 81 82 83 84 85 86 87 88 89 90 91 92 93 94 95]
2024-01-24 14:10:12,563{GMT}	INFO	[jepsen worker 1] jepsen.util: 1	:invoke	:broadcast	96
2024-01-24 14:10:12,564{GMT}	INFO	[jepsen worker 1] jepsen.util: 1	:ok	:broadcast	96
2024-01-24 14:10:12,765{GMT}	INFO	[jepsen worker 2] jepsen.util: 2	:invoke	:broadcast	97
2024-01-24 14:10:12,769{GMT}	INFO	[jepsen worker 2] jepsen.util: 2	:ok	:broadcast	97
2024-01-24 14:10:12,941{GMT}	INFO	[jepsen worker 3] jepsen.util: 3	:invoke	:read	nil
2024-01-24 14:10:12,943{GMT}	INFO	[jepsen worker 3] jepsen.util: 3	:ok	:read	[0 1 2 3 4 5 6 7 8 9 10 11 12 13 14 15 16 17 18 19 20 21 22 23 24 25 26 27 28 29 30 31 32 33 34 35 36 37 38 39 40 41 42 43 44 45 46 47 48 49 50 51 52 53 54 55 56 57 58 59 60 61 62 63 64 65 66 67 68 69 70 71 72 73 74 75 76 77 78 79 80 81 82 83 84 85 86 87 88 89 90 91 92 93 94 95 96 97]
2024-01-24 14:10:13,051{GMT}	INFO	[jepsen worker 4] jepsen.util: 4	:invoke	:broadcast	98
2024-01-24 14:10:13,052{GMT}	INFO	[jepsen worker 4] jepsen.util: 4	:ok	:broadcast	98
2024-01-24 14:10:13,224{GMT}	INFO	[jepsen worker 0] jepsen.util: 0	:invoke	:read	nil
2024-01-24 14:10:13,226{GMT}	INFO	[jepsen worker 0] jepsen.util: 0	:ok	:read	[0 1 2 3 4 5 6 7 8 9 10 11 12 13 14 15 16 17 18 19 20 21 22 23 24 25 26 27 28 29 30 31 32 33 34 35 36 37 38 39 40 41 42 43 44 45 46 47 48 49 50 51 52 53 54 55 56 57 58 59 60 61 62 63 64 65 66 67 68 69 70 71 72 73 74 75 76 77 78 79 80 81 82 83 84 85 86 87 88 89 90 91 92 93 94 95 96 97 98]
2024-01-24 14:10:13,293{GMT}	INFO	[jepsen worker 0] jepsen.util: 0	:invoke	:broadcast	99
2024-01-24 14:10:13,295{GMT}	INFO	[jepsen worker 0] jepsen.util: 0	:ok	:broadcast	99
2024-01-24 14:10:13,295{GMT}	INFO	[jepsen worker 1] jepsen.generator.interpreter: Waiting for recovery...
2024-01-24 14:10:23,307{GMT}	INFO	[jepsen worker 2] jepsen.util: 2	:invoke	:read	nil
2024-01-24 14:10:23,307{GMT}	INFO	[jepsen worker 0] jepsen.util: 0	:invoke	:read	nil
2024-01-24 14:10:23,308{GMT}	INFO	[jepsen worker 1] jepsen.util: 1	:invoke	:read	nil
2024-01-24 14:10:23,308{GMT}	INFO	[jepsen worker 4] jepsen.util: 4	:invoke	:read	nil
2024-01-24 14:10:23,308{GMT}	INFO	[jepsen worker 3] jepsen.util: 3	:invoke	:read	nil
2024-01-24 14:10:23,309{GMT}	INFO	[jepsen worker 4] jepsen.util: 4	:ok	:read	[0 1 2 3 4 5 6 7 8 9 10 11 12 13 14 15 16 17 18 19 20 21 22 23 24 25 26 27 28 29 30 31 32 33 34 35 36 37 38 39 40 41 42 43 44 45 46 47 48 49 50 51 52 53 54 55 56 57 58 59 60 61 62 63 64 65 66 67 68 69 70 71 72 73 74 75 76 77 78 79 80 81 82 83 84 85 86 87 88 89 90 91 92 93 94 95 96 97 98 99]
2024-01-24 14:10:23,309{GMT}	INFO	[jepsen worker 0] jepsen.util: 0	:ok	:read	[0 1 2 3 4 5 6 7 8 9 10 11 12 13 14 15 16 17 18 19 20 21 22 23 24 25 26 27 28 29 30 31 32 33 34 35 36 37 38 39 40 41 42 43 44 45 46 47 48 49 50 51 52 53 54 55 56 57 58 59 60 61 62 63 64 65 66 67 68 69 70 71 72 73 74 75 76 77 78 79 80 81 82 83 84 85 86 87 88 89 90 91 92 93 94 95 96 97 98 99]
2024-01-24 14:10:23,309{GMT}	INFO	[jepsen worker 1] jepsen.util: 1	:ok	:read	[0 1 2 3 4 5 6 7 8 9 10 11 12 13 14 15 16 17 18 19 20 21 22 23 24 25 26 27 28 29 30 31 32 33 34 35 36 37 38 39 40 41 42 43 44 45 46 47 48 49 50 51 52 53 54 55 56 57 58 59 60 61 62 63 64 65 66 67 68 69 70 71 72 73 74 75 76 77 78 79 80 81 82 83 84 85 86 87 88 89 90 91 92 93 94 95 96 97 98 99]
2024-01-24 14:10:23,309{GMT}	INFO	[jepsen worker 3] jepsen.util: 3	:ok	:read	[0 1 2 3 4 5 6 7 8 9 10 11 12 13 14 15 16 17 18 19 20 21 22 23 24 25 26 27 28 29 30 31 32 33 34 35 36 37 38 39 40 41 42 43 44 45 46 47 48 49 50 51 52 53 54 55 56 57 58 59 60 61 62 63 64 65 66 67 68 69 70 71 72 73 74 75 76 77 78 79 80 81 82 83 84 85 86 87 88 89 90 91 92 93 94 95 96 97 98 99]
2024-01-24 14:10:23,309{GMT}	INFO	[jepsen worker 2] jepsen.util: 2	:ok	:read	[0 1 2 3 4 5 6 7 8 9 10 11 12 13 14 15 16 17 18 19 20 21 22 23 24 25 26 27 28 29 30 31 32 33 34 35 36 37 38 39 40 41 42 43 44 45 46 47 48 49 50 51 52 53 54 55 56 57 58 59 60 61 62 63 64 65 66 67 68 69 70 71 72 73 74 75 76 77 78 79 80 81 82 83 84 85 86 87 88 89 90 91 92 93 94 95 96 97 98 99]
2024-01-24 14:10:23,324{GMT}	INFO	[jepsen test runner] jepsen.core: Run complete, writing
2024-01-24 14:10:23,377{GMT}	INFO	[jepsen node n0] maelstrom.db: Tearing down n0
2024-01-24 14:10:23,377{GMT}	INFO	[jepsen node n3] maelstrom.db: Tearing down n3
2024-01-24 14:10:23,377{GMT}	INFO	[jepsen node n4] maelstrom.db: Tearing down n4
2024-01-24 14:10:23,377{GMT}	INFO	[jepsen node n2] maelstrom.db: Tearing down n2
2024-01-24 14:10:23,377{GMT}	INFO	[jepsen node n1] maelstrom.db: Tearing down n1
2024-01-24 14:10:25,211{GMT}	INFO	[jepsen node n0] maelstrom.net: Shutting down Maelstrom network
2024-01-24 14:10:25,218{GMT}	INFO	[jepsen test runner] jepsen.core: Analyzing...
2024-01-24 14:10:25,391{GMT}	INFO	[jepsen test runner] jepsen.core: Analysis complete
2024-01-24 14:10:25,398{GMT}	INFO	[jepsen results] jepsen.store: Wrote /Users/agoenka/Development/CCSRE/maelstrom-ccsre/store/broadcast/20240124T140952.143+0530/results.edn
2024-01-24 14:10:25,413{GMT}	INFO	[jepsen test runner] jepsen.core: {:perf {:latency-graph {:valid? true},
        :rate-graph {:valid? true},
        :valid? true},
 :timeline {:valid? true},
 :exceptions {:valid? true},
 :stats {:valid? true,
         :count 210,
         :ok-count 210,
         :fail-count 0,
         :info-count 0,
         :by-f {:broadcast {:valid? true,
                            :count 100,
                            :ok-count 100,
                            :fail-count 0,
                            :info-count 0},
                :read {:valid? true,
                       :count 110,
                       :ok-count 110,
                       :fail-count 0,
                       :info-count 0}}},
 :availability {:valid? true, :ok-fraction 1.0},
 :net {:all {:send-count 2440,
             :recv-count 2440,
             :msg-count 2440,
             :msgs-per-op 11.619047},
       :clients {:send-count 440, :recv-count 440, :msg-count 440},
       :servers {:send-count 2000,
                 :recv-count 2000,
                 :msg-count 2000,
                 :msgs-per-op 9.523809},
       :valid? true},
 :workload {:worst-stale (),
            :duplicated-count 0,
            :valid? true,
            :lost-count 0,
            :lost (),
            :stable-count 100,
            :stale-count 0,
            :stale (),
            :never-read-count 0,
            :stable-latencies {0 0, 0.5 0, 0.95 0, 0.99 0, 1 0},
            :attempt-count 100,
            :never-read (),
            :duplicated {}},
 :valid? true}


Everything looks good! (`)
