2024-01-26 11:23:11,742{GMT}	INFO	[jepsen test runner] jepsen.core: Test version afeeab6b1c57987bb36407e2148360a6ce9b559c (plus uncommitted changes)
2024-01-26 11:23:11,742{GMT}	INFO	[jepsen test runner] jepsen.core: Command line:
lein run test -w broadcast --bin ./broadcast/solution.py --node-count 5 --time-limit 20 --rate 10
2024-01-26 11:23:11,791{GMT}	INFO	[jepsen test runner] jepsen.core: Running test:
{:args []
 :remote
 #jepsen.control.retry.Remote{:remote #jepsen.control.scp.Remote{:cmd-remote #jepsen.control.sshj.SSHJRemote{:concurrency-limit 6,
                                                                                                             :conn-spec nil,
                                                                                                             :client nil,
                                                                                                             :semaphore nil},
                                                                 :conn-spec nil},
                              :conn nil}
 :log-net-send false
 :node-count 5
 :availability nil
 :max-txn-length 4
 :concurrency 5
 :db
 #object[maelstrom.db$db$reify__16142
         "0x583f6270"
         "maelstrom.db$db$reify__16142@583f6270"]
 :max-writes-per-key 16
 :leave-db-running? false
 :name "broadcast"
 :logging-json? false
 :start-time
 #object[org.joda.time.DateTime "0x5d965dbd" "2024-01-26T11:23:11.712+05:30"]
 :nemesis-interval 10
 :net
 #object[maelstrom.net$jepsen_net$reify__15251
         "0x649df002"
         "maelstrom.net$jepsen_net$reify__15251@649df002"]
 :client
 #object[maelstrom.workload.broadcast$client$reify__16644
         "0x6cd7d05"
         "maelstrom.workload.broadcast$client$reify__16644@6cd7d05"]
 :barrier
 #object[java.util.concurrent.CyclicBarrier
         "0x34817fcc"
         "java.util.concurrent.CyclicBarrier@34817fcc"]
 :log-stderr false
 :pure-generators true
 :ssh {:dummy? true}
 :rate 10.0
 :checker
 #object[jepsen.checker$compose$reify__11881
         "0x5b95a754"
         "jepsen.checker$compose$reify__11881@5b95a754"]
 :argv
 ("test"
  "-w"
  "broadcast"
  "--bin"
  "./broadcast/solution.py"
  "--node-count"
  "5"
  "--time-limit"
  "20"
  "--rate"
  "10")
 :nemesis
 (jepsen.nemesis.ReflCompose
  {:fm {:start-partition 0,
        :stop-partition 0,
        :kill 1,
        :start 1,
        :pause 1,
        :resume 1},
   :nemeses [#unprintable "jepsen.nemesis.combined$partition_nemesis$reify__16416@500341c4"
             #unprintable "jepsen.nemesis.combined$db_nemesis$reify__16397@3d4b3b94"]})
 :nodes ["n0" "n1" "n2" "n3" "n4"]
 :test-count 1
 :latency {:mean 0, :dist :constant}
 :bin "./broadcast/solution.py"
 :generator
 ((jepsen.generator.Synchronize
   {:gen (jepsen.generator.TimeLimit
          {:limit 20000000000,
           :cutoff nil,
           :gen (jepsen.generator.Any
                 {:gens [(jepsen.generator.OnThreads
                          {:f #{:nemesis},
                           :context-filter #object[jepsen.generator.context$make_thread_filter$lazy_filter__9167
                                                   "0x12c66345"
                                                   "jepsen.generator.context$make_thread_filter$lazy_filter__9167@12c66345"],
                           :gen nil})
                         (jepsen.generator.OnThreads
                          {:f #jepsen.generator.context.AllBut{:element :nemesis},
                           :context-filter #object[jepsen.generator.context$make_thread_filter$lazy_filter__9167
                                                   "0x24bf95ec"
                                                   "jepsen.generator.context$make_thread_filter$lazy_filter__9167@24bf95ec"],
                           :gen (jepsen.generator.Stagger
                                 {:dt 200000000,
                                  :next-time nil,
                                  :gen (jepsen.generator.Mix
                                        {:i 0,
                                         :gens [({:f :broadcast, :value 0}
                                                 {:f :broadcast, :value 1}
                                                 {:f :broadcast, :value 2}
                                                 {:f :broadcast, :value 3}
                                                 {:f :broadcast, :value 4}
                                                 {:f :broadcast, :value 5}
                                                 {:f :broadcast, :value 6}
                                                 {:f :broadcast, :value 7}
                                                 ...)
                                                ({:f :read}
                                                 {:f :read}
                                                 {:f :read}
                                                 {:f :read}
                                                 {:f :read}
                                                 {:f :read}
                                                 {:f :read}
                                                 {:f :read}
                                                 ...)]})})})]})})})
  (jepsen.generator.Synchronize
   {:gen (jepsen.generator.OnThreads
          {:f #{:nemesis},
           :context-filter #object[jepsen.generator.context$make_thread_filter$lazy_filter__9167
                                   "0x2a71d430"
                                   "jepsen.generator.context$make_thread_filter$lazy_filter__9167@2a71d430"],
           :gen ()})})
  (jepsen.generator.Synchronize
   {:gen {:type :log, :value "Waiting for recovery..."}})
  (jepsen.generator.Synchronize {:gen {:type :sleep, :value 10}})
  (jepsen.generator.Synchronize
   {:gen (jepsen.generator.OnThreads
          {:f #jepsen.generator.context.AllBut{:element :nemesis},
           :context-filter #object[jepsen.generator.context$make_thread_filter$lazy_filter__9167
                                   "0xb0c4670"
                                   "jepsen.generator.context$make_thread_filter$lazy_filter__9167@b0c4670"],
           :gen (jepsen.generator.EachThread
                 {:fresh-gen {:f :read, :final? true},
                  :context-filters #object[clojure.core$promise$reify__8591
                                           "0x5344b208"
                                           {:status :pending, :val nil}],
                  :gens {}})})}))
 :log-net-recv false
 :os
 #object[maelstrom.net$jepsen_os$reify__15254
         "0x30769e7a"
         "maelstrom.net$jepsen_os$reify__15254@30769e7a"]
 :time-limit 20
 :workload :broadcast
 :consistency-models [:strict-serializable]
 :topology :grid}

2024-01-26 11:23:12,644{GMT}	INFO	[jepsen node n0] maelstrom.net: Starting Maelstrom network
2024-01-26 11:23:12,645{GMT}	INFO	[jepsen test runner] jepsen.db: Tearing down DB
2024-01-26 11:23:12,646{GMT}	INFO	[jepsen test runner] jepsen.db: Setting up DB
2024-01-26 11:23:12,648{GMT}	INFO	[jepsen node n4] maelstrom.db: Setting up n4
2024-01-26 11:23:12,648{GMT}	INFO	[jepsen node n3] maelstrom.db: Setting up n3
2024-01-26 11:23:12,648{GMT}	INFO	[jepsen node n2] maelstrom.db: Setting up n2
2024-01-26 11:23:12,648{GMT}	INFO	[jepsen node n1] maelstrom.db: Setting up n1
2024-01-26 11:23:12,648{GMT}	INFO	[jepsen node n1] maelstrom.process: launching ./broadcast/solution.py []
2024-01-26 11:23:12,648{GMT}	INFO	[jepsen node n3] maelstrom.process: launching ./broadcast/solution.py []
2024-01-26 11:23:12,648{GMT}	INFO	[jepsen node n4] maelstrom.process: launching ./broadcast/solution.py []
2024-01-26 11:23:12,648{GMT}	INFO	[jepsen node n2] maelstrom.process: launching ./broadcast/solution.py []
2024-01-26 11:23:12,648{GMT}	INFO	[jepsen node n0] maelstrom.service: Starting services: (lin-kv lin-tso lww-kv seq-kv)
2024-01-26 11:23:12,650{GMT}	INFO	[jepsen node n0] maelstrom.db: Setting up n0
2024-01-26 11:23:12,650{GMT}	INFO	[jepsen node n0] maelstrom.process: launching ./broadcast/solution.py []
2024-01-26 11:23:12,882{GMT}	INFO	[jepsen test runner] jepsen.core: Relative time begins now
2024-01-26 11:23:12,895{GMT}	INFO	[jepsen worker 0] jepsen.util: 0	:invoke	:broadcast	0
2024-01-26 11:23:12,897{GMT}	INFO	[jepsen worker 0] jepsen.util: 0	:ok	:broadcast	0
2024-01-26 11:23:13,006{GMT}	INFO	[jepsen worker 1] jepsen.util: 1	:invoke	:read	nil
2024-01-26 11:23:13,008{GMT}	INFO	[jepsen worker 1] jepsen.util: 1	:ok	:read	[0]
2024-01-26 11:23:13,137{GMT}	INFO	[jepsen worker 2] jepsen.util: 2	:invoke	:broadcast	1
2024-01-26 11:23:13,139{GMT}	INFO	[jepsen worker 2] jepsen.util: 2	:ok	:broadcast	1
2024-01-26 11:23:13,331{GMT}	INFO	[jepsen worker 3] jepsen.util: 3	:invoke	:read	nil
2024-01-26 11:23:13,333{GMT}	INFO	[jepsen worker 3] jepsen.util: 3	:ok	:read	[0 1]
2024-01-26 11:23:13,390{GMT}	INFO	[jepsen worker 4] jepsen.util: 4	:invoke	:broadcast	2
2024-01-26 11:23:13,392{GMT}	INFO	[jepsen worker 4] jepsen.util: 4	:ok	:broadcast	2
2024-01-26 11:23:13,515{GMT}	INFO	[jepsen worker 0] jepsen.util: 0	:invoke	:broadcast	3
2024-01-26 11:23:13,518{GMT}	INFO	[jepsen worker 0] jepsen.util: 0	:ok	:broadcast	3
2024-01-26 11:23:13,601{GMT}	INFO	[jepsen worker 0] jepsen.util: 0	:invoke	:read	nil
2024-01-26 11:23:13,605{GMT}	INFO	[jepsen worker 0] jepsen.util: 0	:ok	:read	[0 1 2 3]
2024-01-26 11:23:13,641{GMT}	INFO	[jepsen worker 1] jepsen.util: 1	:invoke	:read	nil
2024-01-26 11:23:13,642{GMT}	INFO	[jepsen worker 1] jepsen.util: 1	:ok	:read	[0 1 2 3]
2024-01-26 11:23:13,672{GMT}	INFO	[jepsen worker 2] jepsen.util: 2	:invoke	:broadcast	4
2024-01-26 11:23:13,673{GMT}	INFO	[jepsen worker 2] jepsen.util: 2	:ok	:broadcast	4
2024-01-26 11:23:13,848{GMT}	INFO	[jepsen worker 3] jepsen.util: 3	:invoke	:broadcast	5
2024-01-26 11:23:13,849{GMT}	INFO	[jepsen worker 3] jepsen.util: 3	:ok	:broadcast	5
2024-01-26 11:23:13,935{GMT}	INFO	[jepsen worker 4] jepsen.util: 4	:invoke	:read	nil
2024-01-26 11:23:13,936{GMT}	INFO	[jepsen worker 4] jepsen.util: 4	:ok	:read	[0 1 2 3 4 5]
2024-01-26 11:23:14,073{GMT}	INFO	[jepsen worker 0] jepsen.util: 0	:invoke	:broadcast	6
2024-01-26 11:23:14,074{GMT}	INFO	[jepsen worker 0] jepsen.util: 0	:ok	:broadcast	6
2024-01-26 11:23:14,143{GMT}	INFO	[jepsen worker 0] jepsen.util: 0	:invoke	:read	nil
2024-01-26 11:23:14,144{GMT}	INFO	[jepsen worker 0] jepsen.util: 0	:ok	:read	[0 1 2 3 4 5 6]
2024-01-26 11:23:14,304{GMT}	INFO	[jepsen worker 1] jepsen.util: 1	:invoke	:broadcast	7
2024-01-26 11:23:14,306{GMT}	INFO	[jepsen worker 1] jepsen.util: 1	:ok	:broadcast	7
2024-01-26 11:23:14,420{GMT}	INFO	[jepsen worker 2] jepsen.util: 2	:invoke	:read	nil
2024-01-26 11:23:14,422{GMT}	INFO	[jepsen worker 2] jepsen.util: 2	:ok	:read	[0 1 2 3 4 5 6 7]
2024-01-26 11:23:14,430{GMT}	INFO	[jepsen worker 3] jepsen.util: 3	:invoke	:broadcast	8
2024-01-26 11:23:14,431{GMT}	INFO	[jepsen worker 3] jepsen.util: 3	:ok	:broadcast	8
2024-01-26 11:23:14,454{GMT}	INFO	[jepsen worker 4] jepsen.util: 4	:invoke	:read	nil
2024-01-26 11:23:14,455{GMT}	INFO	[jepsen worker 4] jepsen.util: 4	:ok	:read	[0 1 2 3 4 5 6 7 8]
2024-01-26 11:23:14,563{GMT}	INFO	[jepsen worker 0] jepsen.util: 0	:invoke	:broadcast	9
2024-01-26 11:23:14,564{GMT}	INFO	[jepsen worker 0] jepsen.util: 0	:ok	:broadcast	9
2024-01-26 11:23:14,745{GMT}	INFO	[jepsen worker 0] jepsen.util: 0	:invoke	:broadcast	10
2024-01-26 11:23:14,747{GMT}	INFO	[jepsen worker 0] jepsen.util: 0	:ok	:broadcast	10
2024-01-26 11:23:14,851{GMT}	INFO	[jepsen worker 1] jepsen.util: 1	:invoke	:read	nil
2024-01-26 11:23:14,852{GMT}	INFO	[jepsen worker 1] jepsen.util: 1	:ok	:read	[0 1 2 3 4 5 6 7 8 9 10]
2024-01-26 11:23:14,927{GMT}	INFO	[jepsen worker 2] jepsen.util: 2	:invoke	:broadcast	11
2024-01-26 11:23:14,928{GMT}	INFO	[jepsen worker 2] jepsen.util: 2	:ok	:broadcast	11
2024-01-26 11:23:14,964{GMT}	INFO	[jepsen worker 3] jepsen.util: 3	:invoke	:read	nil
2024-01-26 11:23:14,965{GMT}	INFO	[jepsen worker 3] jepsen.util: 3	:ok	:read	[0 1 2 3 4 5 6 7 8 9 10 11]
2024-01-26 11:23:15,129{GMT}	INFO	[jepsen worker 4] jepsen.util: 4	:invoke	:broadcast	12
2024-01-26 11:23:15,130{GMT}	INFO	[jepsen worker 4] jepsen.util: 4	:ok	:broadcast	12
2024-01-26 11:23:15,309{GMT}	INFO	[jepsen worker 0] jepsen.util: 0	:invoke	:broadcast	13
2024-01-26 11:23:15,310{GMT}	INFO	[jepsen worker 0] jepsen.util: 0	:ok	:broadcast	13
2024-01-26 11:23:15,390{GMT}	INFO	[jepsen worker 0] jepsen.util: 0	:invoke	:broadcast	14
2024-01-26 11:23:15,390{GMT}	INFO	[jepsen worker 0] jepsen.util: 0	:ok	:broadcast	14
2024-01-26 11:23:15,398{GMT}	INFO	[jepsen worker 1] jepsen.util: 1	:invoke	:broadcast	15
2024-01-26 11:23:15,399{GMT}	INFO	[jepsen worker 1] jepsen.util: 1	:ok	:broadcast	15
2024-01-26 11:23:15,487{GMT}	INFO	[jepsen worker 2] jepsen.util: 2	:invoke	:read	nil
2024-01-26 11:23:15,488{GMT}	INFO	[jepsen worker 2] jepsen.util: 2	:ok	:read	[0 1 2 3 4 5 6 7 8 9 10 11 12 13 14 15]
2024-01-26 11:23:15,557{GMT}	INFO	[jepsen worker 3] jepsen.util: 3	:invoke	:read	nil
2024-01-26 11:23:15,559{GMT}	INFO	[jepsen worker 3] jepsen.util: 3	:ok	:read	[0 1 2 3 4 5 6 7 8 9 10 11 12 13 14 15]
2024-01-26 11:23:15,738{GMT}	INFO	[jepsen worker 4] jepsen.util: 4	:invoke	:broadcast	16
2024-01-26 11:23:15,740{GMT}	INFO	[jepsen worker 4] jepsen.util: 4	:ok	:broadcast	16
2024-01-26 11:23:15,744{GMT}	INFO	[jepsen worker 0] jepsen.util: 0	:invoke	:broadcast	17
2024-01-26 11:23:15,745{GMT}	INFO	[jepsen worker 0] jepsen.util: 0	:ok	:broadcast	17
2024-01-26 11:23:15,804{GMT}	INFO	[jepsen worker 0] jepsen.util: 0	:invoke	:broadcast	18
2024-01-26 11:23:15,805{GMT}	INFO	[jepsen worker 0] jepsen.util: 0	:ok	:broadcast	18
2024-01-26 11:23:15,906{GMT}	INFO	[jepsen worker 1] jepsen.util: 1	:invoke	:broadcast	19
2024-01-26 11:23:15,907{GMT}	INFO	[jepsen worker 1] jepsen.util: 1	:ok	:broadcast	19
2024-01-26 11:23:16,058{GMT}	INFO	[jepsen worker 2] jepsen.util: 2	:invoke	:read	nil
2024-01-26 11:23:16,058{GMT}	INFO	[jepsen worker 2] jepsen.util: 2	:ok	:read	[0 1 2 3 4 5 6 7 8 9 10 11 12 13 14 15 16 17 18 19]
2024-01-26 11:23:16,102{GMT}	INFO	[jepsen worker 3] jepsen.util: 3	:invoke	:read	nil
2024-01-26 11:23:16,103{GMT}	INFO	[jepsen worker 3] jepsen.util: 3	:ok	:read	[0 1 2 3 4 5 6 7 8 9 10 11 12 13 14 15 16 17 18 19]
2024-01-26 11:23:16,192{GMT}	INFO	[jepsen worker 4] jepsen.util: 4	:invoke	:broadcast	20
2024-01-26 11:23:16,193{GMT}	INFO	[jepsen worker 4] jepsen.util: 4	:ok	:broadcast	20
2024-01-26 11:23:16,238{GMT}	INFO	[jepsen worker 0] jepsen.util: 0	:invoke	:broadcast	21
2024-01-26 11:23:16,239{GMT}	INFO	[jepsen worker 0] jepsen.util: 0	:ok	:broadcast	21
2024-01-26 11:23:16,296{GMT}	INFO	[jepsen worker 0] jepsen.util: 0	:invoke	:read	nil
2024-01-26 11:23:16,297{GMT}	INFO	[jepsen worker 0] jepsen.util: 0	:ok	:read	[0 1 2 3 4 5 6 7 8 9 10 11 12 13 14 15 16 17 18 19 20 21]
2024-01-26 11:23:16,418{GMT}	INFO	[jepsen worker 1] jepsen.util: 1	:invoke	:read	nil
2024-01-26 11:23:16,423{GMT}	INFO	[jepsen worker 1] jepsen.util: 1	:ok	:read	[0 1 2 3 4 5 6 7 8 9 10 11 12 13 14 15 16 17 18 19 20 21]
2024-01-26 11:23:16,473{GMT}	INFO	[jepsen worker 2] jepsen.util: 2	:invoke	:read	nil
2024-01-26 11:23:16,475{GMT}	INFO	[jepsen worker 2] jepsen.util: 2	:ok	:read	[0 1 2 3 4 5 6 7 8 9 10 11 12 13 14 15 16 17 18 19 20 21]
2024-01-26 11:23:16,557{GMT}	INFO	[jepsen worker 3] jepsen.util: 3	:invoke	:read	nil
2024-01-26 11:23:16,558{GMT}	INFO	[jepsen worker 3] jepsen.util: 3	:ok	:read	[0 1 2 3 4 5 6 7 8 9 10 11 12 13 14 15 16 17 18 19 20 21]
2024-01-26 11:23:16,589{GMT}	INFO	[jepsen worker 4] jepsen.util: 4	:invoke	:broadcast	22
2024-01-26 11:23:16,590{GMT}	INFO	[jepsen worker 4] jepsen.util: 4	:ok	:broadcast	22
2024-01-26 11:23:16,606{GMT}	INFO	[jepsen worker 0] jepsen.util: 0	:invoke	:broadcast	23
2024-01-26 11:23:16,607{GMT}	INFO	[jepsen worker 0] jepsen.util: 0	:ok	:broadcast	23
2024-01-26 11:23:16,710{GMT}	INFO	[jepsen worker 0] jepsen.util: 0	:invoke	:read	nil
2024-01-26 11:23:16,711{GMT}	INFO	[jepsen worker 0] jepsen.util: 0	:ok	:read	[0 1 2 3 4 5 6 7 8 9 10 11 12 13 14 15 16 17 18 19 20 21 22 23]
2024-01-26 11:23:16,907{GMT}	INFO	[jepsen worker 1] jepsen.util: 1	:invoke	:broadcast	24
2024-01-26 11:23:16,912{GMT}	INFO	[jepsen worker 1] jepsen.util: 1	:ok	:broadcast	24
2024-01-26 11:23:16,989{GMT}	INFO	[jepsen worker 2] jepsen.util: 2	:invoke	:broadcast	25
2024-01-26 11:23:16,990{GMT}	INFO	[jepsen worker 2] jepsen.util: 2	:ok	:broadcast	25
2024-01-26 11:23:17,031{GMT}	INFO	[jepsen worker 3] jepsen.util: 3	:invoke	:read	nil
2024-01-26 11:23:17,032{GMT}	INFO	[jepsen worker 3] jepsen.util: 3	:ok	:read	[0 1 2 3 4 5 6 7 8 9 10 11 12 13 14 15 16 17 18 19 20 21 22 23 24 25]
2024-01-26 11:23:17,036{GMT}	INFO	[jepsen worker 4] jepsen.util: 4	:invoke	:broadcast	26
2024-01-26 11:23:17,036{GMT}	INFO	[jepsen worker 4] jepsen.util: 4	:ok	:broadcast	26
2024-01-26 11:23:17,217{GMT}	INFO	[jepsen worker 0] jepsen.util: 0	:invoke	:broadcast	27
2024-01-26 11:23:17,220{GMT}	INFO	[jepsen worker 0] jepsen.util: 0	:ok	:broadcast	27
2024-01-26 11:23:17,400{GMT}	INFO	[jepsen worker 0] jepsen.util: 0	:invoke	:read	nil
2024-01-26 11:23:17,404{GMT}	INFO	[jepsen worker 0] jepsen.util: 0	:ok	:read	[0 1 2 3 4 5 6 7 8 9 10 11 12 13 14 15 16 17 18 19 20 21 22 23 24 25 26 27]
2024-01-26 11:23:17,512{GMT}	INFO	[jepsen worker 1] jepsen.util: 1	:invoke	:read	nil
2024-01-26 11:23:17,515{GMT}	INFO	[jepsen worker 1] jepsen.util: 1	:ok	:read	[0 1 2 3 4 5 6 7 8 9 10 11 12 13 14 15 16 17 18 19 20 21 22 23 24 25 26 27]
2024-01-26 11:23:17,563{GMT}	INFO	[jepsen worker 2] jepsen.util: 2	:invoke	:broadcast	28
2024-01-26 11:23:17,565{GMT}	INFO	[jepsen worker 2] jepsen.util: 2	:ok	:broadcast	28
2024-01-26 11:23:17,755{GMT}	INFO	[jepsen worker 3] jepsen.util: 3	:invoke	:read	nil
2024-01-26 11:23:17,759{GMT}	INFO	[jepsen worker 3] jepsen.util: 3	:ok	:read	[0 1 2 3 4 5 6 7 8 9 10 11 12 13 14 15 16 17 18 19 20 21 22 23 24 25 26 27 28]
2024-01-26 11:23:17,859{GMT}	INFO	[jepsen worker 4] jepsen.util: 4	:invoke	:broadcast	29
2024-01-26 11:23:17,863{GMT}	INFO	[jepsen worker 4] jepsen.util: 4	:ok	:broadcast	29
2024-01-26 11:23:17,943{GMT}	INFO	[jepsen worker 0] jepsen.util: 0	:invoke	:read	nil
2024-01-26 11:23:17,945{GMT}	INFO	[jepsen worker 0] jepsen.util: 0	:ok	:read	[0 1 2 3 4 5 6 7 8 9 10 11 12 13 14 15 16 17 18 19 20 21 22 23 24 25 26 27 28 29]
2024-01-26 11:23:18,046{GMT}	INFO	[jepsen worker 0] jepsen.util: 0	:invoke	:broadcast	30
2024-01-26 11:23:18,050{GMT}	INFO	[jepsen worker 0] jepsen.util: 0	:ok	:broadcast	30
2024-01-26 11:23:18,162{GMT}	INFO	[jepsen worker 1] jepsen.util: 1	:invoke	:broadcast	31
2024-01-26 11:23:18,166{GMT}	INFO	[jepsen worker 1] jepsen.util: 1	:ok	:broadcast	31
2024-01-26 11:23:18,244{GMT}	INFO	[jepsen worker 2] jepsen.util: 2	:invoke	:broadcast	32
2024-01-26 11:23:18,245{GMT}	INFO	[jepsen worker 2] jepsen.util: 2	:ok	:broadcast	32
2024-01-26 11:23:18,338{GMT}	INFO	[jepsen worker 3] jepsen.util: 3	:invoke	:read	nil
2024-01-26 11:23:18,339{GMT}	INFO	[jepsen worker 3] jepsen.util: 3	:ok	:read	[0 1 2 3 4 5 6 7 8 9 10 11 12 13 14 15 16 17 18 19 20 21 22 23 24 25 26 27 28 29 30 31 32]
2024-01-26 11:23:18,427{GMT}	INFO	[jepsen worker 4] jepsen.util: 4	:invoke	:read	nil
2024-01-26 11:23:18,429{GMT}	INFO	[jepsen worker 4] jepsen.util: 4	:ok	:read	[0 1 2 3 4 5 6 7 8 9 10 11 12 13 14 15 16 17 18 19 20 21 22 23 24 25 26 27 28 29 30 31 32]
2024-01-26 11:23:18,579{GMT}	INFO	[jepsen worker 0] jepsen.util: 0	:invoke	:broadcast	33
2024-01-26 11:23:18,583{GMT}	INFO	[jepsen worker 0] jepsen.util: 0	:ok	:broadcast	33
2024-01-26 11:23:18,667{GMT}	INFO	[jepsen worker 0] jepsen.util: 0	:invoke	:broadcast	34
2024-01-26 11:23:18,668{GMT}	INFO	[jepsen worker 0] jepsen.util: 0	:ok	:broadcast	34
2024-01-26 11:23:18,828{GMT}	INFO	[jepsen worker 1] jepsen.util: 1	:invoke	:broadcast	35
2024-01-26 11:23:18,832{GMT}	INFO	[jepsen worker 1] jepsen.util: 1	:ok	:broadcast	35
2024-01-26 11:23:18,933{GMT}	INFO	[jepsen worker 2] jepsen.util: 2	:invoke	:broadcast	36
2024-01-26 11:23:18,934{GMT}	INFO	[jepsen worker 2] jepsen.util: 2	:ok	:broadcast	36
2024-01-26 11:23:18,988{GMT}	INFO	[jepsen worker 3] jepsen.util: 3	:invoke	:broadcast	37
2024-01-26 11:23:18,989{GMT}	INFO	[jepsen worker 3] jepsen.util: 3	:ok	:broadcast	37
2024-01-26 11:23:19,089{GMT}	INFO	[jepsen worker 4] jepsen.util: 4	:invoke	:broadcast	38
2024-01-26 11:23:19,090{GMT}	INFO	[jepsen worker 4] jepsen.util: 4	:ok	:broadcast	38
2024-01-26 11:23:19,126{GMT}	INFO	[jepsen worker 0] jepsen.util: 0	:invoke	:read	nil
2024-01-26 11:23:19,127{GMT}	INFO	[jepsen worker 0] jepsen.util: 0	:ok	:read	[0 1 2 3 4 5 6 7 8 9 10 11 12 13 14 15 16 17 18 19 20 21 22 23 24 25 26 27 28 29 30 31 32 33 34 35 36 37 38]
2024-01-26 11:23:19,217{GMT}	INFO	[jepsen worker 0] jepsen.util: 0	:invoke	:read	nil
2024-01-26 11:23:19,218{GMT}	INFO	[jepsen worker 0] jepsen.util: 0	:ok	:read	[0 1 2 3 4 5 6 7 8 9 10 11 12 13 14 15 16 17 18 19 20 21 22 23 24 25 26 27 28 29 30 31 32 33 34 35 36 37 38]
2024-01-26 11:23:19,372{GMT}	INFO	[jepsen worker 1] jepsen.util: 1	:invoke	:broadcast	39
2024-01-26 11:23:19,375{GMT}	INFO	[jepsen worker 1] jepsen.util: 1	:ok	:broadcast	39
2024-01-26 11:23:19,554{GMT}	INFO	[jepsen worker 2] jepsen.util: 2	:invoke	:read	nil
2024-01-26 11:23:19,558{GMT}	INFO	[jepsen worker 2] jepsen.util: 2	:ok	:read	[0 1 2 3 4 5 6 7 8 9 10 11 12 13 14 15 16 17 18 19 20 21 22 23 24 25 26 27 28 29 30 31 32 33 34 35 36 37 38 39]
2024-01-26 11:23:19,642{GMT}	INFO	[jepsen worker 3] jepsen.util: 3	:invoke	:read	nil
2024-01-26 11:23:19,647{GMT}	INFO	[jepsen worker 3] jepsen.util: 3	:ok	:read	[0 1 2 3 4 5 6 7 8 9 10 11 12 13 14 15 16 17 18 19 20 21 22 23 24 25 26 27 28 29 30 31 32 33 34 35 36 37 38 39]
2024-01-26 11:23:19,737{GMT}	INFO	[jepsen worker 4] jepsen.util: 4	:invoke	:broadcast	40
2024-01-26 11:23:19,740{GMT}	INFO	[jepsen worker 4] jepsen.util: 4	:ok	:broadcast	40
2024-01-26 11:23:19,762{GMT}	INFO	[jepsen worker 0] jepsen.util: 0	:invoke	:broadcast	41
2024-01-26 11:23:19,763{GMT}	INFO	[jepsen worker 0] jepsen.util: 0	:ok	:broadcast	41
2024-01-26 11:23:19,959{GMT}	INFO	[jepsen worker 0] jepsen.util: 0	:invoke	:read	nil
2024-01-26 11:23:19,963{GMT}	INFO	[jepsen worker 0] jepsen.util: 0	:ok	:read	[0 1 2 3 4 5 6 7 8 9 10 11 12 13 14 15 16 17 18 19 20 21 22 23 24 25 26 27 28 29 30 31 32 33 34 35 36 37 38 39 40 41]
2024-01-26 11:23:20,097{GMT}	INFO	[jepsen worker 1] jepsen.util: 1	:invoke	:broadcast	42
2024-01-26 11:23:20,100{GMT}	INFO	[jepsen worker 1] jepsen.util: 1	:ok	:broadcast	42
2024-01-26 11:23:20,146{GMT}	INFO	[jepsen worker 2] jepsen.util: 2	:invoke	:broadcast	43
2024-01-26 11:23:20,148{GMT}	INFO	[jepsen worker 2] jepsen.util: 2	:ok	:broadcast	43
2024-01-26 11:23:20,200{GMT}	INFO	[jepsen worker 3] jepsen.util: 3	:invoke	:broadcast	44
2024-01-26 11:23:20,201{GMT}	INFO	[jepsen worker 3] jepsen.util: 3	:ok	:broadcast	44
2024-01-26 11:23:20,392{GMT}	INFO	[jepsen worker 4] jepsen.util: 4	:invoke	:broadcast	45
2024-01-26 11:23:20,396{GMT}	INFO	[jepsen worker 4] jepsen.util: 4	:ok	:broadcast	45
2024-01-26 11:23:20,462{GMT}	INFO	[jepsen worker 0] jepsen.util: 0	:invoke	:read	nil
2024-01-26 11:23:20,464{GMT}	INFO	[jepsen worker 0] jepsen.util: 0	:ok	:read	[0 1 2 3 4 5 6 7 8 9 10 11 12 13 14 15 16 17 18 19 20 21 22 23 24 25 26 27 28 29 30 31 32 33 34 35 36 37 38 39 40 41 42 43 44 45]
2024-01-26 11:23:20,592{GMT}	INFO	[jepsen worker 0] jepsen.util: 0	:invoke	:read	nil
2024-01-26 11:23:20,597{GMT}	INFO	[jepsen worker 0] jepsen.util: 0	:ok	:read	[0 1 2 3 4 5 6 7 8 9 10 11 12 13 14 15 16 17 18 19 20 21 22 23 24 25 26 27 28 29 30 31 32 33 34 35 36 37 38 39 40 41 42 43 44 45]
2024-01-26 11:23:20,748{GMT}	INFO	[jepsen worker 1] jepsen.util: 1	:invoke	:read	nil
2024-01-26 11:23:20,753{GMT}	INFO	[jepsen worker 1] jepsen.util: 1	:ok	:read	[0 1 2 3 4 5 6 7 8 9 10 11 12 13 14 15 16 17 18 19 20 21 22 23 24 25 26 27 28 29 30 31 32 33 34 35 36 37 38 39 40 41 42 43 44 45]
2024-01-26 11:23:20,935{GMT}	INFO	[jepsen worker 2] jepsen.util: 2	:invoke	:read	nil
2024-01-26 11:23:20,939{GMT}	INFO	[jepsen worker 2] jepsen.util: 2	:ok	:read	[0 1 2 3 4 5 6 7 8 9 10 11 12 13 14 15 16 17 18 19 20 21 22 23 24 25 26 27 28 29 30 31 32 33 34 35 36 37 38 39 40 41 42 43 44 45]
2024-01-26 11:23:20,997{GMT}	INFO	[jepsen worker 3] jepsen.util: 3	:invoke	:broadcast	46
2024-01-26 11:23:20,999{GMT}	INFO	[jepsen worker 3] jepsen.util: 3	:ok	:broadcast	46
2024-01-26 11:23:21,083{GMT}	INFO	[jepsen worker 4] jepsen.util: 4	:invoke	:broadcast	47
2024-01-26 11:23:21,084{GMT}	INFO	[jepsen worker 4] jepsen.util: 4	:ok	:broadcast	47
2024-01-26 11:23:21,267{GMT}	INFO	[jepsen worker 0] jepsen.util: 0	:invoke	:read	nil
2024-01-26 11:23:21,269{GMT}	INFO	[jepsen worker 0] jepsen.util: 0	:ok	:read	[0 1 2 3 4 5 6 7 8 9 10 11 12 13 14 15 16 17 18 19 20 21 22 23 24 25 26 27 28 29 30 31 32 33 34 35 36 37 38 39 40 41 42 43 44 45 46 47]
2024-01-26 11:23:21,316{GMT}	INFO	[jepsen worker 0] jepsen.util: 0	:invoke	:broadcast	48
2024-01-26 11:23:21,318{GMT}	INFO	[jepsen worker 0] jepsen.util: 0	:ok	:broadcast	48
2024-01-26 11:23:21,338{GMT}	INFO	[jepsen worker 1] jepsen.util: 1	:invoke	:broadcast	49
2024-01-26 11:23:21,339{GMT}	INFO	[jepsen worker 1] jepsen.util: 1	:ok	:broadcast	49
2024-01-26 11:23:21,524{GMT}	INFO	[jepsen worker 2] jepsen.util: 2	:invoke	:read	nil
2024-01-26 11:23:21,528{GMT}	INFO	[jepsen worker 2] jepsen.util: 2	:ok	:read	[0 1 2 3 4 5 6 7 8 9 10 11 12 13 14 15 16 17 18 19 20 21 22 23 24 25 26 27 28 29 30 31 32 33 34 35 36 37 38 39 40 41 42 43 44 45 46 47 48 49]
2024-01-26 11:23:21,569{GMT}	INFO	[jepsen worker 3] jepsen.util: 3	:invoke	:read	nil
2024-01-26 11:23:21,571{GMT}	INFO	[jepsen worker 3] jepsen.util: 3	:ok	:read	[0 1 2 3 4 5 6 7 8 9 10 11 12 13 14 15 16 17 18 19 20 21 22 23 24 25 26 27 28 29 30 31 32 33 34 35 36 37 38 39 40 41 42 43 44 45 46 47 48 49]
2024-01-26 11:23:21,592{GMT}	INFO	[jepsen worker 4] jepsen.util: 4	:invoke	:read	nil
2024-01-26 11:23:21,594{GMT}	INFO	[jepsen worker 4] jepsen.util: 4	:ok	:read	[0 1 2 3 4 5 6 7 8 9 10 11 12 13 14 15 16 17 18 19 20 21 22 23 24 25 26 27 28 29 30 31 32 33 34 35 36 37 38 39 40 41 42 43 44 45 46 47 48 49]
2024-01-26 11:23:21,609{GMT}	INFO	[jepsen worker 0] jepsen.util: 0	:invoke	:broadcast	50
2024-01-26 11:23:21,610{GMT}	INFO	[jepsen worker 0] jepsen.util: 0	:ok	:broadcast	50
2024-01-26 11:23:21,626{GMT}	INFO	[jepsen worker 0] jepsen.util: 0	:invoke	:broadcast	51
2024-01-26 11:23:21,627{GMT}	INFO	[jepsen worker 0] jepsen.util: 0	:ok	:broadcast	51
2024-01-26 11:23:21,633{GMT}	INFO	[jepsen worker 1] jepsen.util: 1	:invoke	:broadcast	52
2024-01-26 11:23:21,633{GMT}	INFO	[jepsen worker 1] jepsen.util: 1	:ok	:broadcast	52
2024-01-26 11:23:21,647{GMT}	INFO	[jepsen worker 2] jepsen.util: 2	:invoke	:broadcast	53
2024-01-26 11:23:21,647{GMT}	INFO	[jepsen worker 2] jepsen.util: 2	:ok	:broadcast	53
2024-01-26 11:23:21,743{GMT}	INFO	[jepsen worker 3] jepsen.util: 3	:invoke	:read	nil
2024-01-26 11:23:21,744{GMT}	INFO	[jepsen worker 3] jepsen.util: 3	:ok	:read	[0 1 2 3 4 5 6 7 8 9 10 11 12 13 14 15 16 17 18 19 20 21 22 23 24 25 26 27 28 29 30 31 32 33 34 35 36 37 38 39 40 41 42 43 44 45 46 47 48 49 50 51 52 53]
2024-01-26 11:23:21,776{GMT}	INFO	[jepsen worker 4] jepsen.util: 4	:invoke	:broadcast	54
2024-01-26 11:23:21,777{GMT}	INFO	[jepsen worker 4] jepsen.util: 4	:ok	:broadcast	54
2024-01-26 11:23:21,860{GMT}	INFO	[jepsen worker 0] jepsen.util: 0	:invoke	:broadcast	55
2024-01-26 11:23:21,861{GMT}	INFO	[jepsen worker 0] jepsen.util: 0	:ok	:broadcast	55
2024-01-26 11:23:22,033{GMT}	INFO	[jepsen worker 0] jepsen.util: 0	:invoke	:read	nil
2024-01-26 11:23:22,039{GMT}	INFO	[jepsen worker 1] jepsen.util: 1	:invoke	:read	nil
2024-01-26 11:23:22,039{GMT}	INFO	[jepsen worker 0] jepsen.util: 0	:ok	:read	[0 1 2 3 4 5 6 7 8 9 10 11 12 13 14 15 16 17 18 19 20 21 22 23 24 25 26 27 28 29 30 31 32 33 34 35 36 37 38 39 40 41 42 43 44 45 46 47 48 49 50 51 52 53 54 55]
2024-01-26 11:23:22,040{GMT}	INFO	[jepsen worker 1] jepsen.util: 1	:ok	:read	[0 1 2 3 4 5 6 7 8 9 10 11 12 13 14 15 16 17 18 19 20 21 22 23 24 25 26 27 28 29 30 31 32 33 34 35 36 37 38 39 40 41 42 43 44 45 46 47 48 49 50 51 52 53 54 55]
2024-01-26 11:23:22,057{GMT}	INFO	[jepsen worker 2] jepsen.util: 2	:invoke	:read	nil
2024-01-26 11:23:22,059{GMT}	INFO	[jepsen worker 2] jepsen.util: 2	:ok	:read	[0 1 2 3 4 5 6 7 8 9 10 11 12 13 14 15 16 17 18 19 20 21 22 23 24 25 26 27 28 29 30 31 32 33 34 35 36 37 38 39 40 41 42 43 44 45 46 47 48 49 50 51 52 53 54 55]
2024-01-26 11:23:22,102{GMT}	INFO	[jepsen worker 3] jepsen.util: 3	:invoke	:broadcast	56
2024-01-26 11:23:22,104{GMT}	INFO	[jepsen worker 3] jepsen.util: 3	:ok	:broadcast	56
2024-01-26 11:23:22,231{GMT}	INFO	[jepsen worker 4] jepsen.util: 4	:invoke	:read	nil
2024-01-26 11:23:22,233{GMT}	INFO	[jepsen worker 4] jepsen.util: 4	:ok	:read	[0 1 2 3 4 5 6 7 8 9 10 11 12 13 14 15 16 17 18 19 20 21 22 23 24 25 26 27 28 29 30 31 32 33 34 35 36 37 38 39 40 41 42 43 44 45 46 47 48 49 50 51 52 53 54 55 56]
2024-01-26 11:23:22,409{GMT}	INFO	[jepsen worker 0] jepsen.util: 0	:invoke	:broadcast	57
2024-01-26 11:23:22,412{GMT}	INFO	[jepsen worker 0] jepsen.util: 0	:ok	:broadcast	57
2024-01-26 11:23:22,596{GMT}	INFO	[jepsen worker 0] jepsen.util: 0	:invoke	:broadcast	58
2024-01-26 11:23:22,599{GMT}	INFO	[jepsen worker 0] jepsen.util: 0	:ok	:broadcast	58
2024-01-26 11:23:22,627{GMT}	INFO	[jepsen worker 1] jepsen.util: 1	:invoke	:broadcast	59
2024-01-26 11:23:22,628{GMT}	INFO	[jepsen worker 1] jepsen.util: 1	:ok	:broadcast	59
2024-01-26 11:23:22,787{GMT}	INFO	[jepsen worker 2] jepsen.util: 2	:invoke	:read	nil
2024-01-26 11:23:22,790{GMT}	INFO	[jepsen worker 2] jepsen.util: 2	:ok	:read	[0 1 2 3 4 5 6 7 8 9 10 11 12 13 14 15 16 17 18 19 20 21 22 23 24 25 26 27 28 29 30 31 32 33 34 35 36 37 38 39 40 41 42 43 44 45 46 47 48 49 50 51 52 53 54 55 56 57 58 59]
2024-01-26 11:23:22,883{GMT}	INFO	[jepsen worker 3] jepsen.util: 3	:invoke	:read	nil
2024-01-26 11:23:22,887{GMT}	INFO	[jepsen worker 3] jepsen.util: 3	:ok	:read	[0 1 2 3 4 5 6 7 8 9 10 11 12 13 14 15 16 17 18 19 20 21 22 23 24 25 26 27 28 29 30 31 32 33 34 35 36 37 38 39 40 41 42 43 44 45 46 47 48 49 50 51 52 53 54 55 56 57 58 59]
2024-01-26 11:23:23,019{GMT}	INFO	[jepsen worker 4] jepsen.util: 4	:invoke	:broadcast	60
2024-01-26 11:23:23,023{GMT}	INFO	[jepsen worker 4] jepsen.util: 4	:ok	:broadcast	60
2024-01-26 11:23:23,211{GMT}	INFO	[jepsen worker 0] jepsen.util: 0	:invoke	:broadcast	61
2024-01-26 11:23:23,214{GMT}	INFO	[jepsen worker 0] jepsen.util: 0	:ok	:broadcast	61
2024-01-26 11:23:23,327{GMT}	INFO	[jepsen worker 0] jepsen.util: 0	:invoke	:broadcast	62
2024-01-26 11:23:23,328{GMT}	INFO	[jepsen worker 0] jepsen.util: 0	:ok	:broadcast	62
2024-01-26 11:23:23,448{GMT}	INFO	[jepsen worker 1] jepsen.util: 1	:invoke	:read	nil
2024-01-26 11:23:23,448{GMT}	INFO	[jepsen worker 1] jepsen.util: 1	:ok	:read	[0 1 2 3 4 5 6 7 8 9 10 11 12 13 14 15 16 17 18 19 20 21 22 23 24 25 26 27 28 29 30 31 32 33 34 35 36 37 38 39 40 41 42 43 44 45 46 47 48 49 50 51 52 53 54 55 56 57 58 59 60 61 62]
2024-01-26 11:23:23,493{GMT}	INFO	[jepsen worker 2] jepsen.util: 2	:invoke	:read	nil
2024-01-26 11:23:23,494{GMT}	INFO	[jepsen worker 2] jepsen.util: 2	:ok	:read	[0 1 2 3 4 5 6 7 8 9 10 11 12 13 14 15 16 17 18 19 20 21 22 23 24 25 26 27 28 29 30 31 32 33 34 35 36 37 38 39 40 41 42 43 44 45 46 47 48 49 50 51 52 53 54 55 56 57 58 59 60 61 62]
2024-01-26 11:23:23,634{GMT}	INFO	[jepsen worker 3] jepsen.util: 3	:invoke	:read	nil
2024-01-26 11:23:23,635{GMT}	INFO	[jepsen worker 3] jepsen.util: 3	:ok	:read	[0 1 2 3 4 5 6 7 8 9 10 11 12 13 14 15 16 17 18 19 20 21 22 23 24 25 26 27 28 29 30 31 32 33 34 35 36 37 38 39 40 41 42 43 44 45 46 47 48 49 50 51 52 53 54 55 56 57 58 59 60 61 62]
2024-01-26 11:23:23,792{GMT}	INFO	[jepsen worker 4] jepsen.util: 4	:invoke	:read	nil
2024-01-26 11:23:23,793{GMT}	INFO	[jepsen worker 4] jepsen.util: 4	:ok	:read	[0 1 2 3 4 5 6 7 8 9 10 11 12 13 14 15 16 17 18 19 20 21 22 23 24 25 26 27 28 29 30 31 32 33 34 35 36 37 38 39 40 41 42 43 44 45 46 47 48 49 50 51 52 53 54 55 56 57 58 59 60 61 62]
2024-01-26 11:23:23,879{GMT}	INFO	[jepsen worker 0] jepsen.util: 0	:invoke	:read	nil
2024-01-26 11:23:23,880{GMT}	INFO	[jepsen worker 0] jepsen.util: 0	:ok	:read	[0 1 2 3 4 5 6 7 8 9 10 11 12 13 14 15 16 17 18 19 20 21 22 23 24 25 26 27 28 29 30 31 32 33 34 35 36 37 38 39 40 41 42 43 44 45 46 47 48 49 50 51 52 53 54 55 56 57 58 59 60 61 62]
2024-01-26 11:23:23,917{GMT}	INFO	[jepsen worker 0] jepsen.util: 0	:invoke	:read	nil
2024-01-26 11:23:23,918{GMT}	INFO	[jepsen worker 0] jepsen.util: 0	:ok	:read	[0 1 2 3 4 5 6 7 8 9 10 11 12 13 14 15 16 17 18 19 20 21 22 23 24 25 26 27 28 29 30 31 32 33 34 35 36 37 38 39 40 41 42 43 44 45 46 47 48 49 50 51 52 53 54 55 56 57 58 59 60 61 62]
2024-01-26 11:23:24,011{GMT}	INFO	[jepsen worker 1] jepsen.util: 1	:invoke	:read	nil
2024-01-26 11:23:24,012{GMT}	INFO	[jepsen worker 1] jepsen.util: 1	:ok	:read	[0 1 2 3 4 5 6 7 8 9 10 11 12 13 14 15 16 17 18 19 20 21 22 23 24 25 26 27 28 29 30 31 32 33 34 35 36 37 38 39 40 41 42 43 44 45 46 47 48 49 50 51 52 53 54 55 56 57 58 59 60 61 62]
2024-01-26 11:23:24,026{GMT}	INFO	[jepsen worker 2] jepsen.util: 2	:invoke	:broadcast	63
2024-01-26 11:23:24,027{GMT}	INFO	[jepsen worker 2] jepsen.util: 2	:ok	:broadcast	63
2024-01-26 11:23:24,166{GMT}	INFO	[jepsen worker 3] jepsen.util: 3	:invoke	:broadcast	64
2024-01-26 11:23:24,167{GMT}	INFO	[jepsen worker 3] jepsen.util: 3	:ok	:broadcast	64
2024-01-26 11:23:24,337{GMT}	INFO	[jepsen worker 4] jepsen.util: 4	:invoke	:broadcast	65
2024-01-26 11:23:24,339{GMT}	INFO	[jepsen worker 4] jepsen.util: 4	:ok	:broadcast	65
2024-01-26 11:23:24,532{GMT}	INFO	[jepsen worker 0] jepsen.util: 0	:invoke	:broadcast	66
2024-01-26 11:23:24,533{GMT}	INFO	[jepsen worker 0] jepsen.util: 0	:ok	:broadcast	66
2024-01-26 11:23:24,667{GMT}	INFO	[jepsen worker 0] jepsen.util: 0	:invoke	:broadcast	67
2024-01-26 11:23:24,668{GMT}	INFO	[jepsen worker 0] jepsen.util: 0	:ok	:broadcast	67
2024-01-26 11:23:24,773{GMT}	INFO	[jepsen worker 1] jepsen.util: 1	:invoke	:read	nil
2024-01-26 11:23:24,774{GMT}	INFO	[jepsen worker 1] jepsen.util: 1	:ok	:read	[0 1 2 3 4 5 6 7 8 9 10 11 12 13 14 15 16 17 18 19 20 21 22 23 24 25 26 27 28 29 30 31 32 33 34 35 36 37 38 39 40 41 42 43 44 45 46 47 48 49 50 51 52 53 54 55 56 57 58 59 60 61 62 63 64 65 66 67]
2024-01-26 11:23:24,959{GMT}	INFO	[jepsen worker 2] jepsen.util: 2	:invoke	:read	nil
2024-01-26 11:23:24,960{GMT}	INFO	[jepsen worker 2] jepsen.util: 2	:ok	:read	[0 1 2 3 4 5 6 7 8 9 10 11 12 13 14 15 16 17 18 19 20 21 22 23 24 25 26 27 28 29 30 31 32 33 34 35 36 37 38 39 40 41 42 43 44 45 46 47 48 49 50 51 52 53 54 55 56 57 58 59 60 61 62 63 64 65 66 67]
2024-01-26 11:23:25,093{GMT}	INFO	[jepsen worker 3] jepsen.util: 3	:invoke	:read	nil
2024-01-26 11:23:25,093{GMT}	INFO	[jepsen worker 3] jepsen.util: 3	:ok	:read	[0 1 2 3 4 5 6 7 8 9 10 11 12 13 14 15 16 17 18 19 20 21 22 23 24 25 26 27 28 29 30 31 32 33 34 35 36 37 38 39 40 41 42 43 44 45 46 47 48 49 50 51 52 53 54 55 56 57 58 59 60 61 62 63 64 65 66 67]
2024-01-26 11:23:25,290{GMT}	INFO	[jepsen worker 4] jepsen.util: 4	:invoke	:read	nil
2024-01-26 11:23:25,291{GMT}	INFO	[jepsen worker 4] jepsen.util: 4	:ok	:read	[0 1 2 3 4 5 6 7 8 9 10 11 12 13 14 15 16 17 18 19 20 21 22 23 24 25 26 27 28 29 30 31 32 33 34 35 36 37 38 39 40 41 42 43 44 45 46 47 48 49 50 51 52 53 54 55 56 57 58 59 60 61 62 63 64 65 66 67]
2024-01-26 11:23:25,489{GMT}	INFO	[jepsen worker 0] jepsen.util: 0	:invoke	:read	nil
2024-01-26 11:23:25,492{GMT}	INFO	[jepsen worker 0] jepsen.util: 0	:ok	:read	[0 1 2 3 4 5 6 7 8 9 10 11 12 13 14 15 16 17 18 19 20 21 22 23 24 25 26 27 28 29 30 31 32 33 34 35 36 37 38 39 40 41 42 43 44 45 46 47 48 49 50 51 52 53 54 55 56 57 58 59 60 61 62 63 64 65 66 67]
2024-01-26 11:23:25,612{GMT}	INFO	[jepsen worker 0] jepsen.util: 0	:invoke	:read	nil
2024-01-26 11:23:25,616{GMT}	INFO	[jepsen worker 0] jepsen.util: 0	:ok	:read	[0 1 2 3 4 5 6 7 8 9 10 11 12 13 14 15 16 17 18 19 20 21 22 23 24 25 26 27 28 29 30 31 32 33 34 35 36 37 38 39 40 41 42 43 44 45 46 47 48 49 50 51 52 53 54 55 56 57 58 59 60 61 62 63 64 65 66 67]
2024-01-26 11:23:25,616{GMT}	INFO	[jepsen worker 1] jepsen.util: 1	:invoke	:read	nil
2024-01-26 11:23:25,618{GMT}	INFO	[jepsen worker 1] jepsen.util: 1	:ok	:read	[0 1 2 3 4 5 6 7 8 9 10 11 12 13 14 15 16 17 18 19 20 21 22 23 24 25 26 27 28 29 30 31 32 33 34 35 36 37 38 39 40 41 42 43 44 45 46 47 48 49 50 51 52 53 54 55 56 57 58 59 60 61 62 63 64 65 66 67]
2024-01-26 11:23:25,773{GMT}	INFO	[jepsen worker 2] jepsen.util: 2	:invoke	:read	nil
2024-01-26 11:23:25,774{GMT}	INFO	[jepsen worker 2] jepsen.util: 2	:ok	:read	[0 1 2 3 4 5 6 7 8 9 10 11 12 13 14 15 16 17 18 19 20 21 22 23 24 25 26 27 28 29 30 31 32 33 34 35 36 37 38 39 40 41 42 43 44 45 46 47 48 49 50 51 52 53 54 55 56 57 58 59 60 61 62 63 64 65 66 67]
2024-01-26 11:23:25,818{GMT}	INFO	[jepsen worker 3] jepsen.util: 3	:invoke	:read	nil
2024-01-26 11:23:25,819{GMT}	INFO	[jepsen worker 3] jepsen.util: 3	:ok	:read	[0 1 2 3 4 5 6 7 8 9 10 11 12 13 14 15 16 17 18 19 20 21 22 23 24 25 26 27 28 29 30 31 32 33 34 35 36 37 38 39 40 41 42 43 44 45 46 47 48 49 50 51 52 53 54 55 56 57 58 59 60 61 62 63 64 65 66 67]
2024-01-26 11:23:25,967{GMT}	INFO	[jepsen worker 4] jepsen.util: 4	:invoke	:read	nil
2024-01-26 11:23:25,968{GMT}	INFO	[jepsen worker 4] jepsen.util: 4	:ok	:read	[0 1 2 3 4 5 6 7 8 9 10 11 12 13 14 15 16 17 18 19 20 21 22 23 24 25 26 27 28 29 30 31 32 33 34 35 36 37 38 39 40 41 42 43 44 45 46 47 48 49 50 51 52 53 54 55 56 57 58 59 60 61 62 63 64 65 66 67]
2024-01-26 11:23:26,139{GMT}	INFO	[jepsen worker 0] jepsen.util: 0	:invoke	:read	nil
2024-01-26 11:23:26,144{GMT}	INFO	[jepsen worker 0] jepsen.util: 0	:ok	:read	[0 1 2 3 4 5 6 7 8 9 10 11 12 13 14 15 16 17 18 19 20 21 22 23 24 25 26 27 28 29 30 31 32 33 34 35 36 37 38 39 40 41 42 43 44 45 46 47 48 49 50 51 52 53 54 55 56 57 58 59 60 61 62 63 64 65 66 67]
2024-01-26 11:23:26,287{GMT}	INFO	[jepsen worker 0] jepsen.util: 0	:invoke	:broadcast	68
2024-01-26 11:23:26,291{GMT}	INFO	[jepsen worker 0] jepsen.util: 0	:ok	:broadcast	68
2024-01-26 11:23:26,349{GMT}	INFO	[jepsen worker 1] jepsen.util: 1	:invoke	:read	nil
2024-01-26 11:23:26,350{GMT}	INFO	[jepsen worker 1] jepsen.util: 1	:ok	:read	[0 1 2 3 4 5 6 7 8 9 10 11 12 13 14 15 16 17 18 19 20 21 22 23 24 25 26 27 28 29 30 31 32 33 34 35 36 37 38 39 40 41 42 43 44 45 46 47 48 49 50 51 52 53 54 55 56 57 58 59 60 61 62 63 64 65 66 67 68]
2024-01-26 11:23:26,446{GMT}	INFO	[jepsen worker 2] jepsen.util: 2	:invoke	:read	nil
2024-01-26 11:23:26,449{GMT}	INFO	[jepsen worker 2] jepsen.util: 2	:ok	:read	[0 1 2 3 4 5 6 7 8 9 10 11 12 13 14 15 16 17 18 19 20 21 22 23 24 25 26 27 28 29 30 31 32 33 34 35 36 37 38 39 40 41 42 43 44 45 46 47 48 49 50 51 52 53 54 55 56 57 58 59 60 61 62 63 64 65 66 67 68]
2024-01-26 11:23:26,601{GMT}	INFO	[jepsen worker 3] jepsen.util: 3	:invoke	:read	nil
2024-01-26 11:23:26,605{GMT}	INFO	[jepsen worker 3] jepsen.util: 3	:ok	:read	[0 1 2 3 4 5 6 7 8 9 10 11 12 13 14 15 16 17 18 19 20 21 22 23 24 25 26 27 28 29 30 31 32 33 34 35 36 37 38 39 40 41 42 43 44 45 46 47 48 49 50 51 52 53 54 55 56 57 58 59 60 61 62 63 64 65 66 67 68]
2024-01-26 11:23:26,660{GMT}	INFO	[jepsen worker 4] jepsen.util: 4	:invoke	:broadcast	69
2024-01-26 11:23:26,662{GMT}	INFO	[jepsen worker 4] jepsen.util: 4	:ok	:broadcast	69
2024-01-26 11:23:26,797{GMT}	INFO	[jepsen worker 0] jepsen.util: 0	:invoke	:read	nil
2024-01-26 11:23:26,800{GMT}	INFO	[jepsen worker 0] jepsen.util: 0	:ok	:read	[0 1 2 3 4 5 6 7 8 9 10 11 12 13 14 15 16 17 18 19 20 21 22 23 24 25 26 27 28 29 30 31 32 33 34 35 36 37 38 39 40 41 42 43 44 45 46 47 48 49 50 51 52 53 54 55 56 57 58 59 60 61 62 63 64 65 66 67 68 69]
2024-01-26 11:23:26,884{GMT}	INFO	[jepsen worker 0] jepsen.util: 0	:invoke	:read	nil
2024-01-26 11:23:26,888{GMT}	INFO	[jepsen worker 0] jepsen.util: 0	:ok	:read	[0 1 2 3 4 5 6 7 8 9 10 11 12 13 14 15 16 17 18 19 20 21 22 23 24 25 26 27 28 29 30 31 32 33 34 35 36 37 38 39 40 41 42 43 44 45 46 47 48 49 50 51 52 53 54 55 56 57 58 59 60 61 62 63 64 65 66 67 68 69]
2024-01-26 11:23:26,957{GMT}	INFO	[jepsen worker 1] jepsen.util: 1	:invoke	:read	nil
2024-01-26 11:23:26,959{GMT}	INFO	[jepsen worker 1] jepsen.util: 1	:ok	:read	[0 1 2 3 4 5 6 7 8 9 10 11 12 13 14 15 16 17 18 19 20 21 22 23 24 25 26 27 28 29 30 31 32 33 34 35 36 37 38 39 40 41 42 43 44 45 46 47 48 49 50 51 52 53 54 55 56 57 58 59 60 61 62 63 64 65 66 67 68 69]
2024-01-26 11:23:26,977{GMT}	INFO	[jepsen worker 2] jepsen.util: 2	:invoke	:read	nil
2024-01-26 11:23:26,979{GMT}	INFO	[jepsen worker 2] jepsen.util: 2	:ok	:read	[0 1 2 3 4 5 6 7 8 9 10 11 12 13 14 15 16 17 18 19 20 21 22 23 24 25 26 27 28 29 30 31 32 33 34 35 36 37 38 39 40 41 42 43 44 45 46 47 48 49 50 51 52 53 54 55 56 57 58 59 60 61 62 63 64 65 66 67 68 69]
2024-01-26 11:23:27,078{GMT}	INFO	[jepsen worker 3] jepsen.util: 3	:invoke	:broadcast	70
2024-01-26 11:23:27,080{GMT}	INFO	[jepsen worker 3] jepsen.util: 3	:ok	:broadcast	70
2024-01-26 11:23:27,263{GMT}	INFO	[jepsen worker 4] jepsen.util: 4	:invoke	:read	nil
2024-01-26 11:23:27,266{GMT}	INFO	[jepsen worker 4] jepsen.util: 4	:ok	:read	[0 1 2 3 4 5 6 7 8 9 10 11 12 13 14 15 16 17 18 19 20 21 22 23 24 25 26 27 28 29 30 31 32 33 34 35 36 37 38 39 40 41 42 43 44 45 46 47 48 49 50 51 52 53 54 55 56 57 58 59 60 61 62 63 64 65 66 67 68 69 70]
2024-01-26 11:23:27,345{GMT}	INFO	[jepsen worker 0] jepsen.util: 0	:invoke	:broadcast	71
2024-01-26 11:23:27,348{GMT}	INFO	[jepsen worker 0] jepsen.util: 0	:ok	:broadcast	71
2024-01-26 11:23:27,520{GMT}	INFO	[jepsen worker 0] jepsen.util: 0	:invoke	:broadcast	72
2024-01-26 11:23:27,523{GMT}	INFO	[jepsen worker 0] jepsen.util: 0	:ok	:broadcast	72
2024-01-26 11:23:27,699{GMT}	INFO	[jepsen worker 1] jepsen.util: 1	:invoke	:read	nil
2024-01-26 11:23:27,701{GMT}	INFO	[jepsen worker 1] jepsen.util: 1	:ok	:read	[0 1 2 3 4 5 6 7 8 9 10 11 12 13 14 15 16 17 18 19 20 21 22 23 24 25 26 27 28 29 30 31 32 33 34 35 36 37 38 39 40 41 42 43 44 45 46 47 48 49 50 51 52 53 54 55 56 57 58 59 60 61 62 63 64 65 66 67 68 69 70 71 72]
2024-01-26 11:23:27,796{GMT}	INFO	[jepsen worker 2] jepsen.util: 2	:invoke	:read	nil
2024-01-26 11:23:27,799{GMT}	INFO	[jepsen worker 2] jepsen.util: 2	:ok	:read	[0 1 2 3 4 5 6 7 8 9 10 11 12 13 14 15 16 17 18 19 20 21 22 23 24 25 26 27 28 29 30 31 32 33 34 35 36 37 38 39 40 41 42 43 44 45 46 47 48 49 50 51 52 53 54 55 56 57 58 59 60 61 62 63 64 65 66 67 68 69 70 71 72]
2024-01-26 11:23:27,854{GMT}	INFO	[jepsen worker 3] jepsen.util: 3	:invoke	:broadcast	73
2024-01-26 11:23:27,856{GMT}	INFO	[jepsen worker 3] jepsen.util: 3	:ok	:broadcast	73
2024-01-26 11:23:27,981{GMT}	INFO	[jepsen worker 4] jepsen.util: 4	:invoke	:read	nil
2024-01-26 11:23:27,983{GMT}	INFO	[jepsen worker 4] jepsen.util: 4	:ok	:read	[0 1 2 3 4 5 6 7 8 9 10 11 12 13 14 15 16 17 18 19 20 21 22 23 24 25 26 27 28 29 30 31 32 33 34 35 36 37 38 39 40 41 42 43 44 45 46 47 48 49 50 51 52 53 54 55 56 57 58 59 60 61 62 63 64 65 66 67 68 69 70 71 72 73]
2024-01-26 11:23:28,075{GMT}	INFO	[jepsen worker 0] jepsen.util: 0	:invoke	:read	nil
2024-01-26 11:23:28,076{GMT}	INFO	[jepsen worker 0] jepsen.util: 0	:ok	:read	[0 1 2 3 4 5 6 7 8 9 10 11 12 13 14 15 16 17 18 19 20 21 22 23 24 25 26 27 28 29 30 31 32 33 34 35 36 37 38 39 40 41 42 43 44 45 46 47 48 49 50 51 52 53 54 55 56 57 58 59 60 61 62 63 64 65 66 67 68 69 70 71 72 73]
2024-01-26 11:23:28,093{GMT}	INFO	[jepsen worker 0] jepsen.util: 0	:invoke	:broadcast	74
2024-01-26 11:23:28,094{GMT}	INFO	[jepsen worker 0] jepsen.util: 0	:ok	:broadcast	74
2024-01-26 11:23:28,249{GMT}	INFO	[jepsen worker 1] jepsen.util: 1	:invoke	:broadcast	75
2024-01-26 11:23:28,249{GMT}	INFO	[jepsen worker 1] jepsen.util: 1	:ok	:broadcast	75
2024-01-26 11:23:28,312{GMT}	INFO	[jepsen worker 2] jepsen.util: 2	:invoke	:broadcast	76
2024-01-26 11:23:28,312{GMT}	INFO	[jepsen worker 2] jepsen.util: 2	:ok	:broadcast	76
2024-01-26 11:23:28,383{GMT}	INFO	[jepsen worker 3] jepsen.util: 3	:invoke	:broadcast	77
2024-01-26 11:23:28,383{GMT}	INFO	[jepsen worker 3] jepsen.util: 3	:ok	:broadcast	77
2024-01-26 11:23:28,532{GMT}	INFO	[jepsen worker 4] jepsen.util: 4	:invoke	:read	nil
2024-01-26 11:23:28,535{GMT}	INFO	[jepsen worker 4] jepsen.util: 4	:ok	:read	[0 1 2 3 4 5 6 7 8 9 10 11 12 13 14 15 16 17 18 19 20 21 22 23 24 25 26 27 28 29 30 31 32 33 34 35 36 37 38 39 40 41 42 43 44 45 46 47 48 49 50 51 52 53 54 55 56 57 58 59 60 61 62 63 64 65 66 67 68 69 70 71 72 73 74 75 76 77]
2024-01-26 11:23:28,717{GMT}	INFO	[jepsen worker 0] jepsen.util: 0	:invoke	:broadcast	78
2024-01-26 11:23:28,720{GMT}	INFO	[jepsen worker 0] jepsen.util: 0	:ok	:broadcast	78
2024-01-26 11:23:28,823{GMT}	INFO	[jepsen worker 0] jepsen.util: 0	:invoke	:broadcast	79
2024-01-26 11:23:28,826{GMT}	INFO	[jepsen worker 0] jepsen.util: 0	:ok	:broadcast	79
2024-01-26 11:23:28,972{GMT}	INFO	[jepsen worker 1] jepsen.util: 1	:invoke	:read	nil
2024-01-26 11:23:28,977{GMT}	INFO	[jepsen worker 1] jepsen.util: 1	:ok	:read	[0 1 2 3 4 5 6 7 8 9 10 11 12 13 14 15 16 17 18 19 20 21 22 23 24 25 26 27 28 29 30 31 32 33 34 35 36 37 38 39 40 41 42 43 44 45 46 47 48 49 50 51 52 53 54 55 56 57 58 59 60 61 62 63 64 65 66 67 68 69 70 71 72 73 74 75 76 77 78 79]
2024-01-26 11:23:29,052{GMT}	INFO	[jepsen worker 2] jepsen.util: 2	:invoke	:broadcast	80
2024-01-26 11:23:29,052{GMT}	INFO	[jepsen worker 2] jepsen.util: 2	:ok	:broadcast	80
2024-01-26 11:23:29,219{GMT}	INFO	[jepsen worker 3] jepsen.util: 3	:invoke	:read	nil
2024-01-26 11:23:29,221{GMT}	INFO	[jepsen worker 3] jepsen.util: 3	:ok	:read	[0 1 2 3 4 5 6 7 8 9 10 11 12 13 14 15 16 17 18 19 20 21 22 23 24 25 26 27 28 29 30 31 32 33 34 35 36 37 38 39 40 41 42 43 44 45 46 47 48 49 50 51 52 53 54 55 56 57 58 59 60 61 62 63 64 65 66 67 68 69 70 71 72 73 74 75 76 77 78 79 80]
2024-01-26 11:23:29,295{GMT}	INFO	[jepsen worker 4] jepsen.util: 4	:invoke	:broadcast	81
2024-01-26 11:23:29,296{GMT}	INFO	[jepsen worker 4] jepsen.util: 4	:ok	:broadcast	81
2024-01-26 11:23:29,376{GMT}	INFO	[jepsen worker 0] jepsen.util: 0	:invoke	:read	nil
2024-01-26 11:23:29,378{GMT}	INFO	[jepsen worker 0] jepsen.util: 0	:ok	:read	[0 1 2 3 4 5 6 7 8 9 10 11 12 13 14 15 16 17 18 19 20 21 22 23 24 25 26 27 28 29 30 31 32 33 34 35 36 37 38 39 40 41 42 43 44 45 46 47 48 49 50 51 52 53 54 55 56 57 58 59 60 61 62 63 64 65 66 67 68 69 70 71 72 73 74 75 76 77 78 79 80 81]
2024-01-26 11:23:29,401{GMT}	INFO	[jepsen worker 0] jepsen.util: 0	:invoke	:broadcast	82
2024-01-26 11:23:29,403{GMT}	INFO	[jepsen worker 0] jepsen.util: 0	:ok	:broadcast	82
2024-01-26 11:23:29,542{GMT}	INFO	[jepsen worker 1] jepsen.util: 1	:invoke	:broadcast	83
2024-01-26 11:23:29,543{GMT}	INFO	[jepsen worker 1] jepsen.util: 1	:ok	:broadcast	83
2024-01-26 11:23:29,743{GMT}	INFO	[jepsen worker 2] jepsen.util: 2	:invoke	:broadcast	84
2024-01-26 11:23:29,744{GMT}	INFO	[jepsen worker 2] jepsen.util: 2	:ok	:broadcast	84
2024-01-26 11:23:29,827{GMT}	INFO	[jepsen worker 3] jepsen.util: 3	:invoke	:broadcast	85
2024-01-26 11:23:29,828{GMT}	INFO	[jepsen worker 3] jepsen.util: 3	:ok	:broadcast	85
2024-01-26 11:23:29,843{GMT}	INFO	[jepsen worker 4] jepsen.util: 4	:invoke	:read	nil
2024-01-26 11:23:29,844{GMT}	INFO	[jepsen worker 4] jepsen.util: 4	:ok	:read	[0 1 2 3 4 5 6 7 8 9 10 11 12 13 14 15 16 17 18 19 20 21 22 23 24 25 26 27 28 29 30 31 32 33 34 35 36 37 38 39 40 41 42 43 44 45 46 47 48 49 50 51 52 53 54 55 56 57 58 59 60 61 62 63 64 65 66 67 68 69 70 71 72 73 74 75 76 77 78 79 80 81 82 83 84 85]
2024-01-26 11:23:29,898{GMT}	INFO	[jepsen worker 0] jepsen.util: 0	:invoke	:broadcast	86
2024-01-26 11:23:29,899{GMT}	INFO	[jepsen worker 0] jepsen.util: 0	:ok	:broadcast	86
2024-01-26 11:23:29,941{GMT}	INFO	[jepsen worker 0] jepsen.util: 0	:invoke	:broadcast	87
2024-01-26 11:23:29,942{GMT}	INFO	[jepsen worker 0] jepsen.util: 0	:ok	:broadcast	87
2024-01-26 11:23:30,067{GMT}	INFO	[jepsen worker 1] jepsen.util: 1	:invoke	:broadcast	88
2024-01-26 11:23:30,068{GMT}	INFO	[jepsen worker 1] jepsen.util: 1	:ok	:broadcast	88
2024-01-26 11:23:30,228{GMT}	INFO	[jepsen worker 2] jepsen.util: 2	:invoke	:broadcast	89
2024-01-26 11:23:30,231{GMT}	INFO	[jepsen worker 2] jepsen.util: 2	:ok	:broadcast	89
2024-01-26 11:23:30,319{GMT}	INFO	[jepsen worker 3] jepsen.util: 3	:invoke	:broadcast	90
2024-01-26 11:23:30,319{GMT}	INFO	[jepsen worker 3] jepsen.util: 3	:ok	:broadcast	90
2024-01-26 11:23:30,349{GMT}	INFO	[jepsen worker 4] jepsen.util: 4	:invoke	:broadcast	91
2024-01-26 11:23:30,350{GMT}	INFO	[jepsen worker 4] jepsen.util: 4	:ok	:broadcast	91
2024-01-26 11:23:30,452{GMT}	INFO	[jepsen worker 0] jepsen.util: 0	:invoke	:read	nil
2024-01-26 11:23:30,453{GMT}	INFO	[jepsen worker 0] jepsen.util: 0	:ok	:read	[0 1 2 3 4 5 6 7 8 9 10 11 12 13 14 15 16 17 18 19 20 21 22 23 24 25 26 27 28 29 30 31 32 33 34 35 36 37 38 39 40 41 42 43 44 45 46 47 48 49 50 51 52 53 54 55 56 57 58 59 60 61 62 63 64 65 66 67 68 69 70 71 72 73 74 75 76 77 78 79 80 81 82 83 84 85 86 87 88 89 90 91]
2024-01-26 11:23:30,636{GMT}	INFO	[jepsen worker 0] jepsen.util: 0	:invoke	:broadcast	92
2024-01-26 11:23:30,637{GMT}	INFO	[jepsen worker 0] jepsen.util: 0	:ok	:broadcast	92
2024-01-26 11:23:30,708{GMT}	INFO	[jepsen worker 1] jepsen.util: 1	:invoke	:broadcast	93
2024-01-26 11:23:30,709{GMT}	INFO	[jepsen worker 1] jepsen.util: 1	:ok	:broadcast	93
2024-01-26 11:23:30,757{GMT}	INFO	[jepsen worker 2] jepsen.util: 2	:invoke	:read	nil
2024-01-26 11:23:30,758{GMT}	INFO	[jepsen worker 2] jepsen.util: 2	:ok	:read	[0 1 2 3 4 5 6 7 8 9 10 11 12 13 14 15 16 17 18 19 20 21 22 23 24 25 26 27 28 29 30 31 32 33 34 35 36 37 38 39 40 41 42 43 44 45 46 47 48 49 50 51 52 53 54 55 56 57 58 59 60 61 62 63 64 65 66 67 68 69 70 71 72 73 74 75 76 77 78 79 80 81 82 83 84 85 86 87 88 89 90 91 92 93]
2024-01-26 11:23:30,799{GMT}	INFO	[jepsen worker 3] jepsen.util: 3	:invoke	:broadcast	94
2024-01-26 11:23:30,799{GMT}	INFO	[jepsen worker 3] jepsen.util: 3	:ok	:broadcast	94
2024-01-26 11:23:30,826{GMT}	INFO	[jepsen worker 4] jepsen.util: 4	:invoke	:read	nil
2024-01-26 11:23:30,827{GMT}	INFO	[jepsen worker 4] jepsen.util: 4	:ok	:read	[0 1 2 3 4 5 6 7 8 9 10 11 12 13 14 15 16 17 18 19 20 21 22 23 24 25 26 27 28 29 30 31 32 33 34 35 36 37 38 39 40 41 42 43 44 45 46 47 48 49 50 51 52 53 54 55 56 57 58 59 60 61 62 63 64 65 66 67 68 69 70 71 72 73 74 75 76 77 78 79 80 81 82 83 84 85 86 87 88 89 90 91 92 93 94]
2024-01-26 11:23:31,000{GMT}	INFO	[jepsen worker 0] jepsen.util: 0	:invoke	:broadcast	95
2024-01-26 11:23:31,001{GMT}	INFO	[jepsen worker 0] jepsen.util: 0	:ok	:broadcast	95
2024-01-26 11:23:31,101{GMT}	INFO	[jepsen worker 0] jepsen.util: 0	:invoke	:read	nil
2024-01-26 11:23:31,103{GMT}	INFO	[jepsen worker 0] jepsen.util: 0	:ok	:read	[0 1 2 3 4 5 6 7 8 9 10 11 12 13 14 15 16 17 18 19 20 21 22 23 24 25 26 27 28 29 30 31 32 33 34 35 36 37 38 39 40 41 42 43 44 45 46 47 48 49 50 51 52 53 54 55 56 57 58 59 60 61 62 63 64 65 66 67 68 69 70 71 72 73 74 75 76 77 78 79 80 81 82 83 84 85 86 87 88 89 90 91 92 93 94 95]
2024-01-26 11:23:31,177{GMT}	INFO	[jepsen worker 1] jepsen.util: 1	:invoke	:broadcast	96
2024-01-26 11:23:31,178{GMT}	INFO	[jepsen worker 1] jepsen.util: 1	:ok	:broadcast	96
2024-01-26 11:23:31,250{GMT}	INFO	[jepsen worker 2] jepsen.util: 2	:invoke	:read	nil
2024-01-26 11:23:31,253{GMT}	INFO	[jepsen worker 2] jepsen.util: 2	:ok	:read	[0 1 2 3 4 5 6 7 8 9 10 11 12 13 14 15 16 17 18 19 20 21 22 23 24 25 26 27 28 29 30 31 32 33 34 35 36 37 38 39 40 41 42 43 44 45 46 47 48 49 50 51 52 53 54 55 56 57 58 59 60 61 62 63 64 65 66 67 68 69 70 71 72 73 74 75 76 77 78 79 80 81 82 83 84 85 86 87 88 89 90 91 92 93 94 95 96]
2024-01-26 11:23:31,342{GMT}	INFO	[jepsen worker 3] jepsen.util: 3	:invoke	:read	nil
2024-01-26 11:23:31,343{GMT}	INFO	[jepsen worker 3] jepsen.util: 3	:ok	:read	[0 1 2 3 4 5 6 7 8 9 10 11 12 13 14 15 16 17 18 19 20 21 22 23 24 25 26 27 28 29 30 31 32 33 34 35 36 37 38 39 40 41 42 43 44 45 46 47 48 49 50 51 52 53 54 55 56 57 58 59 60 61 62 63 64 65 66 67 68 69 70 71 72 73 74 75 76 77 78 79 80 81 82 83 84 85 86 87 88 89 90 91 92 93 94 95 96]
2024-01-26 11:23:31,489{GMT}	INFO	[jepsen worker 4] jepsen.util: 4	:invoke	:read	nil
2024-01-26 11:23:31,490{GMT}	INFO	[jepsen worker 4] jepsen.util: 4	:ok	:read	[0 1 2 3 4 5 6 7 8 9 10 11 12 13 14 15 16 17 18 19 20 21 22 23 24 25 26 27 28 29 30 31 32 33 34 35 36 37 38 39 40 41 42 43 44 45 46 47 48 49 50 51 52 53 54 55 56 57 58 59 60 61 62 63 64 65 66 67 68 69 70 71 72 73 74 75 76 77 78 79 80 81 82 83 84 85 86 87 88 89 90 91 92 93 94 95 96]
2024-01-26 11:23:31,543{GMT}	INFO	[jepsen worker 0] jepsen.util: 0	:invoke	:read	nil
2024-01-26 11:23:31,544{GMT}	INFO	[jepsen worker 0] jepsen.util: 0	:ok	:read	[0 1 2 3 4 5 6 7 8 9 10 11 12 13 14 15 16 17 18 19 20 21 22 23 24 25 26 27 28 29 30 31 32 33 34 35 36 37 38 39 40 41 42 43 44 45 46 47 48 49 50 51 52 53 54 55 56 57 58 59 60 61 62 63 64 65 66 67 68 69 70 71 72 73 74 75 76 77 78 79 80 81 82 83 84 85 86 87 88 89 90 91 92 93 94 95 96]
2024-01-26 11:23:31,691{GMT}	INFO	[jepsen worker 0] jepsen.util: 0	:invoke	:read	nil
2024-01-26 11:23:31,692{GMT}	INFO	[jepsen worker 0] jepsen.util: 0	:ok	:read	[0 1 2 3 4 5 6 7 8 9 10 11 12 13 14 15 16 17 18 19 20 21 22 23 24 25 26 27 28 29 30 31 32 33 34 35 36 37 38 39 40 41 42 43 44 45 46 47 48 49 50 51 52 53 54 55 56 57 58 59 60 61 62 63 64 65 66 67 68 69 70 71 72 73 74 75 76 77 78 79 80 81 82 83 84 85 86 87 88 89 90 91 92 93 94 95 96]
2024-01-26 11:23:31,841{GMT}	INFO	[jepsen worker 1] jepsen.util: 1	:invoke	:broadcast	97
2024-01-26 11:23:31,842{GMT}	INFO	[jepsen worker 1] jepsen.util: 1	:ok	:broadcast	97
2024-01-26 11:23:31,869{GMT}	INFO	[jepsen worker 2] jepsen.util: 2	:invoke	:broadcast	98
2024-01-26 11:23:31,872{GMT}	INFO	[jepsen worker 2] jepsen.util: 2	:ok	:broadcast	98
2024-01-26 11:23:31,932{GMT}	INFO	[jepsen worker 3] jepsen.util: 3	:invoke	:broadcast	99
2024-01-26 11:23:31,933{GMT}	INFO	[jepsen worker 3] jepsen.util: 3	:ok	:broadcast	99
2024-01-26 11:23:32,110{GMT}	INFO	[jepsen worker 4] jepsen.util: 4	:invoke	:read	nil
2024-01-26 11:23:32,111{GMT}	INFO	[jepsen worker 4] jepsen.util: 4	:ok	:read	[0 1 2 3 4 5 6 7 8 9 10 11 12 13 14 15 16 17 18 19 20 21 22 23 24 25 26 27 28 29 30 31 32 33 34 35 36 37 38 39 40 41 42 43 44 45 46 47 48 49 50 51 52 53 54 55 56 57 58 59 60 61 62 63 64 65 66 67 68 69 70 71 72 73 74 75 76 77 78 79 80 81 82 83 84 85 86 87 88 89 90 91 92 93 94 95 96 97 98 99]
2024-01-26 11:23:32,160{GMT}	INFO	[jepsen worker 0] jepsen.util: 0	:invoke	:read	nil
2024-01-26 11:23:32,161{GMT}	INFO	[jepsen worker 0] jepsen.util: 0	:ok	:read	[0 1 2 3 4 5 6 7 8 9 10 11 12 13 14 15 16 17 18 19 20 21 22 23 24 25 26 27 28 29 30 31 32 33 34 35 36 37 38 39 40 41 42 43 44 45 46 47 48 49 50 51 52 53 54 55 56 57 58 59 60 61 62 63 64 65 66 67 68 69 70 71 72 73 74 75 76 77 78 79 80 81 82 83 84 85 86 87 88 89 90 91 92 93 94 95 96 97 98 99]
2024-01-26 11:23:32,250{GMT}	INFO	[jepsen worker 0] jepsen.util: 0	:invoke	:broadcast	100
2024-01-26 11:23:32,250{GMT}	INFO	[jepsen worker 0] jepsen.util: 0	:ok	:broadcast	100
2024-01-26 11:23:32,412{GMT}	INFO	[jepsen worker 1] jepsen.util: 1	:invoke	:broadcast	101
2024-01-26 11:23:32,413{GMT}	INFO	[jepsen worker 1] jepsen.util: 1	:ok	:broadcast	101
2024-01-26 11:23:32,575{GMT}	INFO	[jepsen worker 2] jepsen.util: 2	:invoke	:broadcast	102
2024-01-26 11:23:32,579{GMT}	INFO	[jepsen worker 2] jepsen.util: 2	:ok	:broadcast	102
2024-01-26 11:23:32,729{GMT}	INFO	[jepsen worker 3] jepsen.util: 3	:invoke	:broadcast	103
2024-01-26 11:23:32,733{GMT}	INFO	[jepsen worker 3] jepsen.util: 3	:ok	:broadcast	103
2024-01-26 11:23:32,853{GMT}	INFO	[jepsen worker 4] jepsen.util: 4	:invoke	:broadcast	104
2024-01-26 11:23:32,855{GMT}	INFO	[jepsen worker 4] jepsen.util: 4	:ok	:broadcast	104
2024-01-26 11:23:32,856{GMT}	INFO	[jepsen worker nemesis] jepsen.generator.interpreter: Waiting for recovery...
2024-01-26 11:23:42,868{GMT}	INFO	[jepsen worker 2] jepsen.util: 2	:invoke	:read	nil
2024-01-26 11:23:42,868{GMT}	INFO	[jepsen worker 1] jepsen.util: 1	:invoke	:read	nil
2024-01-26 11:23:42,868{GMT}	INFO	[jepsen worker 4] jepsen.util: 4	:invoke	:read	nil
2024-01-26 11:23:42,868{GMT}	INFO	[jepsen worker 3] jepsen.util: 3	:invoke	:read	nil
2024-01-26 11:23:42,868{GMT}	INFO	[jepsen worker 0] jepsen.util: 0	:invoke	:read	nil
2024-01-26 11:23:42,871{GMT}	INFO	[jepsen worker 4] jepsen.util: 4	:ok	:read	[0 1 2 3 4 5 6 7 8 9 10 11 12 13 14 15 16 17 18 19 20 21 22 23 24 25 26 27 28 29 30 31 32 33 34 35 36 37 38 39 40 41 42 43 44 45 46 47 48 49 50 51 52 53 54 55 56 57 58 59 60 61 62 63 64 65 66 67 68 69 70 71 72 73 74 75 76 77 78 79 80 81 82 83 84 85 86 87 88 89 90 91 92 93 94 95 96 97 98 99 100 101 102 103 104]
2024-01-26 11:23:42,871{GMT}	INFO	[jepsen worker 0] jepsen.util: 0	:ok	:read	[0 1 2 3 4 5 6 7 8 9 10 11 12 13 14 15 16 17 18 19 20 21 22 23 24 25 26 27 28 29 30 31 32 33 34 35 36 37 38 39 40 41 42 43 44 45 46 47 48 49 50 51 52 53 54 55 56 57 58 59 60 61 62 63 64 65 66 67 68 69 70 71 72 73 74 75 76 77 78 79 80 81 82 83 84 85 86 87 88 89 90 91 92 93 94 95 96 97 98 99 100 101 102 103 104]
2024-01-26 11:23:42,871{GMT}	INFO	[jepsen worker 3] jepsen.util: 3	:ok	:read	[0 1 2 3 4 5 6 7 8 9 10 11 12 13 14 15 16 17 18 19 20 21 22 23 24 25 26 27 28 29 30 31 32 33 34 35 36 37 38 39 40 41 42 43 44 45 46 47 48 49 50 51 52 53 54 55 56 57 58 59 60 61 62 63 64 65 66 67 68 69 70 71 72 73 74 75 76 77 78 79 80 81 82 83 84 85 86 87 88 89 90 91 92 93 94 95 96 97 98 99 100 101 102 103 104]
2024-01-26 11:23:42,871{GMT}	INFO	[jepsen worker 1] jepsen.util: 1	:ok	:read	[0 1 2 3 4 5 6 7 8 9 10 11 12 13 14 15 16 17 18 19 20 21 22 23 24 25 26 27 28 29 30 31 32 33 34 35 36 37 38 39 40 41 42 43 44 45 46 47 48 49 50 51 52 53 54 55 56 57 58 59 60 61 62 63 64 65 66 67 68 69 70 71 72 73 74 75 76 77 78 79 80 81 82 83 84 85 86 87 88 89 90 91 92 93 94 95 96 97 98 99 100 101 102 103 104]
2024-01-26 11:23:42,871{GMT}	INFO	[jepsen worker 2] jepsen.util: 2	:ok	:read	[0 1 2 3 4 5 6 7 8 9 10 11 12 13 14 15 16 17 18 19 20 21 22 23 24 25 26 27 28 29 30 31 32 33 34 35 36 37 38 39 40 41 42 43 44 45 46 47 48 49 50 51 52 53 54 55 56 57 58 59 60 61 62 63 64 65 66 67 68 69 70 71 72 73 74 75 76 77 78 79 80 81 82 83 84 85 86 87 88 89 90 91 92 93 94 95 96 97 98 99 100 101 102 103 104]
2024-01-26 11:23:42,890{GMT}	INFO	[jepsen test runner] jepsen.core: Run complete, writing
2024-01-26 11:23:42,945{GMT}	INFO	[jepsen node n1] maelstrom.db: Tearing down n1
2024-01-26 11:23:42,945{GMT}	INFO	[jepsen node n0] maelstrom.db: Tearing down n0
2024-01-26 11:23:42,945{GMT}	INFO	[jepsen node n2] maelstrom.db: Tearing down n2
2024-01-26 11:23:42,945{GMT}	INFO	[jepsen node n3] maelstrom.db: Tearing down n3
2024-01-26 11:23:42,945{GMT}	INFO	[jepsen node n4] maelstrom.db: Tearing down n4
2024-01-26 11:23:44,774{GMT}	INFO	[jepsen node n0] maelstrom.net: Shutting down Maelstrom network
2024-01-26 11:23:44,782{GMT}	INFO	[jepsen test runner] jepsen.core: Analyzing...
2024-01-26 11:23:44,965{GMT}	INFO	[jepsen test runner] jepsen.core: Analysis complete
2024-01-26 11:23:44,972{GMT}	INFO	[jepsen results] jepsen.store: Wrote /Users/agoenka/Development/CCSRE/maelstrom-ccsre/store/broadcast/20240126T112311.712+0530/results.edn
2024-01-26 11:23:44,997{GMT}	INFO	[jepsen test runner] jepsen.core: {:perf {:latency-graph {:valid? true},
        :rate-graph {:valid? true},
        :valid? true},
 :timeline {:valid? true},
 :exceptions {:valid? true},
 :stats {:valid? true,
         :count 202,
         :ok-count 202,
         :fail-count 0,
         :info-count 0,
         :by-f {:broadcast {:valid? true,
                            :count 105,
                            :ok-count 105,
                            :fail-count 0,
                            :info-count 0},
                :read {:valid? true,
                       :count 97,
                       :ok-count 97,
                       :fail-count 0,
                       :info-count 0}}},
 :availability {:valid? true, :ok-fraction 1.0},
 :net {:all {:send-count 2524,
             :recv-count 2524,
             :msg-count 2524,
             :msgs-per-op 12.495049},
       :clients {:send-count 424, :recv-count 424, :msg-count 424},
       :servers {:send-count 2100,
                 :recv-count 2100,
                 :msg-count 2100,
                 :msgs-per-op 10.39604},
       :valid? true},
 :workload {:worst-stale (),
            :duplicated-count 0,
            :valid? true,
            :lost-count 0,
            :lost (),
            :stable-count 105,
            :stale-count 0,
            :stale (),
            :never-read-count 0,
            :stable-latencies {0 0, 0.5 0, 0.95 0, 0.99 0, 1 0},
            :attempt-count 105,
            :never-read (),
            :duplicated {}},
 :valid? true}


Everything looks good! (`)
