2024-01-26 11:24:05,105{GMT}	INFO	[jepsen test runner] jepsen.core: Test version afeeab6b1c57987bb36407e2148360a6ce9b559c (plus uncommitted changes)
2024-01-26 11:24:05,106{GMT}	INFO	[jepsen test runner] jepsen.core: Command line:
lein run test -w broadcast --bin ./broadcast/solution.py --node-count 5 --time-limit 20 --rate 10 --nemesis partition
2024-01-26 11:24:05,160{GMT}	INFO	[jepsen test runner] jepsen.core: Running test:
{:args []
 :remote
 #jepsen.control.retry.Remote{:remote #jepsen.control.scp.Remote{:cmd-remote #jepsen.control.sshj.SSHJRemote{:concurrency-limit 6,
                                                                                                             :conn-spec nil,
                                                                                                             :client nil,
                                                                                                             :semaphore nil},
                                                                 :conn-spec nil},
                              :conn nil}
 :log-net-send false
 :node-count 5
 :availability nil
 :max-txn-length 4
 :concurrency 5
 :db
 #object[maelstrom.db$db$reify__16142
         "0x583f6270"
         "maelstrom.db$db$reify__16142@583f6270"]
 :max-writes-per-key 16
 :leave-db-running? false
 :name "broadcast"
 :logging-json? false
 :start-time
 #object[org.joda.time.DateTime "0x5d965dbd" "2024-01-26T11:24:05.071+05:30"]
 :nemesis-interval 10
 :net
 #object[maelstrom.net$jepsen_net$reify__15251
         "0x649df002"
         "maelstrom.net$jepsen_net$reify__15251@649df002"]
 :client
 #object[maelstrom.workload.broadcast$client$reify__16644
         "0x6cd7d05"
         "maelstrom.workload.broadcast$client$reify__16644@6cd7d05"]
 :barrier
 #object[java.util.concurrent.CyclicBarrier
         "0x34817fcc"
         "java.util.concurrent.CyclicBarrier@34817fcc"]
 :log-stderr false
 :pure-generators true
 :ssh {:dummy? true}
 :rate 10.0
 :checker
 #object[jepsen.checker$compose$reify__11881
         "0x5b95a754"
         "jepsen.checker$compose$reify__11881@5b95a754"]
 :argv
 ("test"
  "-w"
  "broadcast"
  "--bin"
  "./broadcast/solution.py"
  "--node-count"
  "5"
  "--time-limit"
  "20"
  "--rate"
  "10"
  "--nemesis"
  "partition")
 :nemesis
 (jepsen.nemesis.ReflCompose
  {:fm {:start-partition 0,
        :stop-partition 0,
        :kill 1,
        :start 1,
        :pause 1,
        :resume 1},
   :nemeses [#unprintable "jepsen.nemesis.combined$partition_nemesis$reify__16416@500341c4"
             #unprintable "jepsen.nemesis.combined$db_nemesis$reify__16397@3d4b3b94"]})
 :nodes ["n0" "n1" "n2" "n3" "n4"]
 :test-count 1
 :latency {:mean 0, :dist :constant}
 :bin "./broadcast/solution.py"
 :generator
 ((jepsen.generator.Synchronize
   {:gen (jepsen.generator.TimeLimit
          {:limit 20000000000,
           :cutoff nil,
           :gen (jepsen.generator.Any
                 {:gens [(jepsen.generator.OnThreads
                          {:f #{:nemesis},
                           :context-filter #object[jepsen.generator.context$make_thread_filter$lazy_filter__9167
                                                   "0x12c66345"
                                                   "jepsen.generator.context$make_thread_filter$lazy_filter__9167@12c66345"],
                           :gen (jepsen.generator.Stagger
                                 {:dt 20000000000,
                                  :next-time nil,
                                  :gen (jepsen.generator.FlipFlop
                                        {:gens [#object[jepsen.nemesis.combined$partition_package$start__16420
                                                        "0x24bf95ec"
                                                        "jepsen.nemesis.combined$partition_package$start__16420@24bf95ec"]
                                                ({:type :info,
                                                  :f :stop-partition,
                                                  :value nil}
                                                 {:type :info,
                                                  :f :stop-partition,
                                                  :value nil}
                                                 {:type :info,
                                                  :f :stop-partition,
                                                  :value nil}
                                                 {:type :info,
                                                  :f :stop-partition,
                                                  :value nil}
                                                 {:type :info,
                                                  :f :stop-partition,
                                                  :value nil}
                                                 {:type :info,
                                                  :f :stop-partition,
                                                  :value nil}
                                                 {:type :info,
                                                  :f :stop-partition,
                                                  :value nil}
                                                 {:type :info,
                                                  :f :stop-partition,
                                                  :value nil}
                                                 ...)],
                                         :i 0})})})
                         (jepsen.generator.OnThreads
                          {:f #jepsen.generator.context.AllBut{:element :nemesis},
                           :context-filter #object[jepsen.generator.context$make_thread_filter$lazy_filter__9167
                                                   "0x2a71d430"
                                                   "jepsen.generator.context$make_thread_filter$lazy_filter__9167@2a71d430"],
                           :gen (jepsen.generator.Stagger
                                 {:dt 200000000,
                                  :next-time nil,
                                  :gen (jepsen.generator.Mix
                                        {:i 1,
                                         :gens [({:f :broadcast, :value 0}
                                                 {:f :broadcast, :value 1}
                                                 {:f :broadcast, :value 2}
                                                 {:f :broadcast, :value 3}
                                                 {:f :broadcast, :value 4}
                                                 {:f :broadcast, :value 5}
                                                 {:f :broadcast, :value 6}
                                                 {:f :broadcast, :value 7}
                                                 ...)
                                                ({:f :read}
                                                 {:f :read}
                                                 {:f :read}
                                                 {:f :read}
                                                 {:f :read}
                                                 {:f :read}
                                                 {:f :read}
                                                 {:f :read}
                                                 ...)]})})})]})})})
  (jepsen.generator.Synchronize
   {:gen (jepsen.generator.OnThreads
          {:f #{:nemesis},
           :context-filter #object[jepsen.generator.context$make_thread_filter$lazy_filter__9167
                                   "0xb0c4670"
                                   "jepsen.generator.context$make_thread_filter$lazy_filter__9167@b0c4670"],
           :gen ({:type :info, :f :stop-partition, :value nil})})})
  (jepsen.generator.Synchronize
   {:gen {:type :log, :value "Waiting for recovery..."}})
  (jepsen.generator.Synchronize {:gen {:type :sleep, :value 10}})
  (jepsen.generator.Synchronize
   {:gen (jepsen.generator.OnThreads
          {:f #jepsen.generator.context.AllBut{:element :nemesis},
           :context-filter #object[jepsen.generator.context$make_thread_filter$lazy_filter__9167
                                   "0x5344b208"
                                   "jepsen.generator.context$make_thread_filter$lazy_filter__9167@5344b208"],
           :gen (jepsen.generator.EachThread
                 {:fresh-gen {:f :read, :final? true},
                  :context-filters #object[clojure.core$promise$reify__8591
                                           "0x30769e7a"
                                           {:status :pending, :val nil}],
                  :gens {}})})}))
 :log-net-recv false
 :os
 #object[maelstrom.net$jepsen_os$reify__15254
         "0x14021c10"
         "maelstrom.net$jepsen_os$reify__15254@14021c10"]
 :time-limit 20
 :workload :broadcast
 :consistency-models [:strict-serializable]
 :topology :grid}

2024-01-26 11:24:06,004{GMT}	INFO	[jepsen node n0] maelstrom.net: Starting Maelstrom network
2024-01-26 11:24:06,005{GMT}	INFO	[jepsen test runner] jepsen.db: Tearing down DB
2024-01-26 11:24:06,007{GMT}	INFO	[jepsen test runner] jepsen.db: Setting up DB
2024-01-26 11:24:06,007{GMT}	INFO	[jepsen node n2] maelstrom.db: Setting up n2
2024-01-26 11:24:06,007{GMT}	INFO	[jepsen node n3] maelstrom.db: Setting up n3
2024-01-26 11:24:06,007{GMT}	INFO	[jepsen node n4] maelstrom.db: Setting up n4
2024-01-26 11:24:06,007{GMT}	INFO	[jepsen node n1] maelstrom.db: Setting up n1
2024-01-26 11:24:06,008{GMT}	INFO	[jepsen node n1] maelstrom.process: launching ./broadcast/solution.py []
2024-01-26 11:24:06,008{GMT}	INFO	[jepsen node n0] maelstrom.service: Starting services: (lin-kv lin-tso lww-kv seq-kv)
2024-01-26 11:24:06,008{GMT}	INFO	[jepsen node n2] maelstrom.process: launching ./broadcast/solution.py []
2024-01-26 11:24:06,008{GMT}	INFO	[jepsen node n4] maelstrom.process: launching ./broadcast/solution.py []
2024-01-26 11:24:06,008{GMT}	INFO	[jepsen node n3] maelstrom.process: launching ./broadcast/solution.py []
2024-01-26 11:24:06,010{GMT}	INFO	[jepsen node n0] maelstrom.db: Setting up n0
2024-01-26 11:24:06,010{GMT}	INFO	[jepsen node n0] maelstrom.process: launching ./broadcast/solution.py []
2024-01-26 11:24:06,246{GMT}	INFO	[jepsen test runner] jepsen.core: Relative time begins now
2024-01-26 11:24:06,264{GMT}	INFO	[jepsen worker 1] jepsen.util: 1	:invoke	:read	nil
2024-01-26 11:24:06,264{GMT}	INFO	[jepsen worker nemesis] jepsen.util: :nemesis	:info	:start-partition	:minority-third
2024-01-26 11:24:06,266{GMT}	INFO	[jepsen worker 1] jepsen.util: 1	:ok	:read	[]
2024-01-26 11:24:06,267{GMT}	INFO	[jepsen worker nemesis] jepsen.util: :nemesis	:info	:start-partition	[:isolated {"n1" #{"n2" "n4" "n0" "n3"}, "n2" #{"n1"}, "n4" #{"n1"}, "n0" #{"n1"}, "n3" #{"n1"}}]
2024-01-26 11:24:06,397{GMT}	INFO	[jepsen worker 2] jepsen.util: 2	:invoke	:read	nil
2024-01-26 11:24:06,399{GMT}	INFO	[jepsen worker 2] jepsen.util: 2	:ok	:read	[]
2024-01-26 11:24:06,445{GMT}	INFO	[jepsen worker 3] jepsen.util: 3	:invoke	:read	nil
2024-01-26 11:24:06,447{GMT}	INFO	[jepsen worker 3] jepsen.util: 3	:ok	:read	[]
2024-01-26 11:24:06,461{GMT}	INFO	[jepsen worker 4] jepsen.util: 4	:invoke	:broadcast	0
2024-01-26 11:24:06,463{GMT}	INFO	[jepsen worker 4] jepsen.util: 4	:ok	:broadcast	0
2024-01-26 11:24:06,610{GMT}	INFO	[jepsen worker 0] jepsen.util: 0	:invoke	:broadcast	1
2024-01-26 11:24:06,612{GMT}	INFO	[jepsen worker 0] jepsen.util: 0	:ok	:broadcast	1
2024-01-26 11:24:06,746{GMT}	INFO	[jepsen worker 0] jepsen.util: 0	:invoke	:broadcast	2
2024-01-26 11:24:06,750{GMT}	INFO	[jepsen worker 0] jepsen.util: 0	:ok	:broadcast	2
2024-01-26 11:24:06,910{GMT}	INFO	[jepsen worker 1] jepsen.util: 1	:invoke	:read	nil
2024-01-26 11:24:06,912{GMT}	INFO	[jepsen worker 1] jepsen.util: 1	:ok	:read	[]
2024-01-26 11:24:07,088{GMT}	INFO	[jepsen worker 2] jepsen.util: 2	:invoke	:read	nil
2024-01-26 11:24:07,093{GMT}	INFO	[jepsen worker 2] jepsen.util: 2	:ok	:read	[]
2024-01-26 11:24:07,257{GMT}	INFO	[jepsen worker 3] jepsen.util: 3	:invoke	:read	nil
2024-01-26 11:24:07,259{GMT}	INFO	[jepsen worker 3] jepsen.util: 3	:ok	:read	[0 1 2]
2024-01-26 11:24:07,343{GMT}	INFO	[jepsen worker 4] jepsen.util: 4	:invoke	:read	nil
2024-01-26 11:24:07,347{GMT}	INFO	[jepsen worker 4] jepsen.util: 4	:ok	:read	[0 1 2]
2024-01-26 11:24:07,453{GMT}	INFO	[jepsen worker 0] jepsen.util: 0	:invoke	:read	nil
2024-01-26 11:24:07,457{GMT}	INFO	[jepsen worker 0] jepsen.util: 0	:ok	:read	[0 1 2]
2024-01-26 11:24:07,549{GMT}	INFO	[jepsen worker 0] jepsen.util: 0	:invoke	:broadcast	3
2024-01-26 11:24:07,553{GMT}	INFO	[jepsen worker 0] jepsen.util: 0	:ok	:broadcast	3
2024-01-26 11:24:07,644{GMT}	INFO	[jepsen worker 1] jepsen.util: 1	:invoke	:broadcast	4
2024-01-26 11:24:07,647{GMT}	INFO	[jepsen worker 1] jepsen.util: 1	:ok	:broadcast	4
2024-01-26 11:24:07,745{GMT}	INFO	[jepsen worker 2] jepsen.util: 2	:invoke	:broadcast	5
2024-01-26 11:24:07,749{GMT}	INFO	[jepsen worker 2] jepsen.util: 2	:ok	:broadcast	5
2024-01-26 11:24:07,759{GMT}	INFO	[jepsen worker 3] jepsen.util: 3	:invoke	:read	nil
2024-01-26 11:24:07,761{GMT}	INFO	[jepsen worker 3] jepsen.util: 3	:ok	:read	[0 1 2 3]
2024-01-26 11:24:07,956{GMT}	INFO	[jepsen worker 4] jepsen.util: 4	:invoke	:read	nil
2024-01-26 11:24:07,957{GMT}	INFO	[jepsen worker 4] jepsen.util: 4	:ok	:read	[0 1 2 3]
2024-01-26 11:24:07,986{GMT}	INFO	[jepsen worker 0] jepsen.util: 0	:invoke	:broadcast	6
2024-01-26 11:24:07,988{GMT}	INFO	[jepsen worker 0] jepsen.util: 0	:ok	:broadcast	6
2024-01-26 11:24:07,990{GMT}	INFO	[jepsen worker 0] jepsen.util: 0	:invoke	:read	nil
2024-01-26 11:24:07,991{GMT}	INFO	[jepsen worker 0] jepsen.util: 0	:ok	:read	[0 1 2 3 6]
2024-01-26 11:24:08,101{GMT}	INFO	[jepsen worker 1] jepsen.util: 1	:invoke	:read	nil
2024-01-26 11:24:08,103{GMT}	INFO	[jepsen worker 1] jepsen.util: 1	:ok	:read	[4]
2024-01-26 11:24:08,204{GMT}	INFO	[jepsen worker 2] jepsen.util: 2	:invoke	:broadcast	7
2024-01-26 11:24:08,205{GMT}	INFO	[jepsen worker 2] jepsen.util: 2	:ok	:broadcast	7
2024-01-26 11:24:08,356{GMT}	INFO	[jepsen worker 3] jepsen.util: 3	:invoke	:broadcast	8
2024-01-26 11:24:08,361{GMT}	INFO	[jepsen worker 3] jepsen.util: 3	:ok	:broadcast	8
2024-01-26 11:24:08,504{GMT}	INFO	[jepsen worker 4] jepsen.util: 4	:invoke	:read	nil
2024-01-26 11:24:08,508{GMT}	INFO	[jepsen worker 4] jepsen.util: 4	:ok	:read	[0 1 2 3 6 8]
2024-01-26 11:24:08,655{GMT}	INFO	[jepsen worker 0] jepsen.util: 0	:invoke	:broadcast	9
2024-01-26 11:24:08,657{GMT}	INFO	[jepsen worker 0] jepsen.util: 0	:ok	:broadcast	9
2024-01-26 11:24:08,822{GMT}	INFO	[jepsen worker 0] jepsen.util: 0	:invoke	:read	nil
2024-01-26 11:24:08,830{GMT}	INFO	[jepsen worker 0] jepsen.util: 0	:ok	:read	[0 1 2 3 6 8 9]
2024-01-26 11:24:08,876{GMT}	INFO	[jepsen worker 1] jepsen.util: 1	:invoke	:broadcast	10
2024-01-26 11:24:08,878{GMT}	INFO	[jepsen worker 1] jepsen.util: 1	:ok	:broadcast	10
2024-01-26 11:24:08,938{GMT}	INFO	[jepsen worker 2] jepsen.util: 2	:invoke	:broadcast	11
2024-01-26 11:24:08,940{GMT}	INFO	[jepsen worker 2] jepsen.util: 2	:ok	:broadcast	11
2024-01-26 11:24:09,039{GMT}	INFO	[jepsen worker 3] jepsen.util: 3	:invoke	:read	nil
2024-01-26 11:24:09,044{GMT}	INFO	[jepsen worker 3] jepsen.util: 3	:ok	:read	[0 1 2 3 6 8 9]
2024-01-26 11:24:09,212{GMT}	INFO	[jepsen worker 4] jepsen.util: 4	:invoke	:broadcast	12
2024-01-26 11:24:09,215{GMT}	INFO	[jepsen worker 4] jepsen.util: 4	:ok	:broadcast	12
2024-01-26 11:24:09,287{GMT}	INFO	[jepsen worker 0] jepsen.util: 0	:invoke	:read	nil
2024-01-26 11:24:09,289{GMT}	INFO	[jepsen worker 0] jepsen.util: 0	:ok	:read	[0 1 2 3 6 8 9 12]
2024-01-26 11:24:09,493{GMT}	INFO	[jepsen worker 0] jepsen.util: 0	:invoke	:read	nil
2024-01-26 11:24:09,498{GMT}	INFO	[jepsen worker 0] jepsen.util: 0	:ok	:read	[0 1 2 3 6 8 9 12]
2024-01-26 11:24:09,641{GMT}	INFO	[jepsen worker 1] jepsen.util: 1	:invoke	:broadcast	13
2024-01-26 11:24:09,646{GMT}	INFO	[jepsen worker 1] jepsen.util: 1	:ok	:broadcast	13
2024-01-26 11:24:09,687{GMT}	INFO	[jepsen worker 2] jepsen.util: 2	:invoke	:broadcast	14
2024-01-26 11:24:09,689{GMT}	INFO	[jepsen worker 2] jepsen.util: 2	:ok	:broadcast	14
2024-01-26 11:24:09,707{GMT}	INFO	[jepsen worker 3] jepsen.util: 3	:invoke	:read	nil
2024-01-26 11:24:09,709{GMT}	INFO	[jepsen worker 3] jepsen.util: 3	:ok	:read	[0 1 2 3 6 8 9 12]
2024-01-26 11:24:09,750{GMT}	INFO	[jepsen worker 4] jepsen.util: 4	:invoke	:broadcast	15
2024-01-26 11:24:09,751{GMT}	INFO	[jepsen worker 4] jepsen.util: 4	:ok	:broadcast	15
2024-01-26 11:24:09,768{GMT}	INFO	[jepsen worker 0] jepsen.util: 0	:invoke	:broadcast	16
2024-01-26 11:24:09,769{GMT}	INFO	[jepsen worker 0] jepsen.util: 0	:ok	:broadcast	16
2024-01-26 11:24:09,866{GMT}	INFO	[jepsen worker 0] jepsen.util: 0	:invoke	:read	nil
2024-01-26 11:24:09,867{GMT}	INFO	[jepsen worker 0] jepsen.util: 0	:ok	:read	[0 1 2 3 6 8 9 12 15 16]
2024-01-26 11:24:10,060{GMT}	INFO	[jepsen worker 1] jepsen.util: 1	:invoke	:read	nil
2024-01-26 11:24:10,065{GMT}	INFO	[jepsen worker 1] jepsen.util: 1	:ok	:read	[10 4 13]
2024-01-26 11:24:10,108{GMT}	INFO	[jepsen worker 2] jepsen.util: 2	:invoke	:broadcast	17
2024-01-26 11:24:10,110{GMT}	INFO	[jepsen worker 2] jepsen.util: 2	:ok	:broadcast	17
2024-01-26 11:24:10,306{GMT}	INFO	[jepsen worker 3] jepsen.util: 3	:invoke	:broadcast	18
2024-01-26 11:24:10,309{GMT}	INFO	[jepsen worker 3] jepsen.util: 3	:ok	:broadcast	18
2024-01-26 11:24:10,406{GMT}	INFO	[jepsen worker 4] jepsen.util: 4	:invoke	:broadcast	19
2024-01-26 11:24:10,408{GMT}	INFO	[jepsen worker 4] jepsen.util: 4	:ok	:broadcast	19
2024-01-26 11:24:10,463{GMT}	INFO	[jepsen worker 0] jepsen.util: 0	:invoke	:broadcast	20
2024-01-26 11:24:10,465{GMT}	INFO	[jepsen worker 0] jepsen.util: 0	:ok	:broadcast	20
2024-01-26 11:24:10,657{GMT}	INFO	[jepsen worker 0] jepsen.util: 0	:invoke	:broadcast	21
2024-01-26 11:24:10,659{GMT}	INFO	[jepsen worker 0] jepsen.util: 0	:ok	:broadcast	21
2024-01-26 11:24:10,737{GMT}	INFO	[jepsen worker 1] jepsen.util: 1	:invoke	:read	nil
2024-01-26 11:24:10,739{GMT}	INFO	[jepsen worker 1] jepsen.util: 1	:ok	:read	[10 4 13]
2024-01-26 11:24:10,902{GMT}	INFO	[jepsen worker 2] jepsen.util: 2	:invoke	:broadcast	22
2024-01-26 11:24:10,906{GMT}	INFO	[jepsen worker 2] jepsen.util: 2	:ok	:broadcast	22
2024-01-26 11:24:11,085{GMT}	INFO	[jepsen worker 3] jepsen.util: 3	:invoke	:read	nil
2024-01-26 11:24:11,088{GMT}	INFO	[jepsen worker 3] jepsen.util: 3	:ok	:read	[0 1 2 3 6 8 9 12 15 16 18 19 20 21]
2024-01-26 11:24:11,273{GMT}	INFO	[jepsen worker 4] jepsen.util: 4	:invoke	:read	nil
2024-01-26 11:24:11,277{GMT}	INFO	[jepsen worker 0] jepsen.util: 0	:invoke	:broadcast	23
2024-01-26 11:24:11,278{GMT}	INFO	[jepsen worker 4] jepsen.util: 4	:ok	:read	[0 1 2 3 6 8 9 12 15 16 18 19 20 21]
2024-01-26 11:24:11,279{GMT}	INFO	[jepsen worker 0] jepsen.util: 0	:ok	:broadcast	23
2024-01-26 11:24:11,375{GMT}	INFO	[jepsen worker 0] jepsen.util: 0	:invoke	:read	nil
2024-01-26 11:24:11,379{GMT}	INFO	[jepsen worker 0] jepsen.util: 0	:ok	:read	[0 1 2 3 6 8 9 12 15 16 18 19 20 21 23]
2024-01-26 11:24:11,575{GMT}	INFO	[jepsen worker 1] jepsen.util: 1	:invoke	:read	nil
2024-01-26 11:24:11,579{GMT}	INFO	[jepsen worker 1] jepsen.util: 1	:ok	:read	[10 4 13]
2024-01-26 11:24:11,587{GMT}	INFO	[jepsen worker 2] jepsen.util: 2	:invoke	:read	nil
2024-01-26 11:24:11,589{GMT}	INFO	[jepsen worker 2] jepsen.util: 2	:ok	:read	[5 7 11 14 17 22]
2024-01-26 11:24:11,706{GMT}	INFO	[jepsen worker 3] jepsen.util: 3	:invoke	:broadcast	24
2024-01-26 11:24:11,710{GMT}	INFO	[jepsen worker 3] jepsen.util: 3	:ok	:broadcast	24
2024-01-26 11:24:11,756{GMT}	INFO	[jepsen worker 4] jepsen.util: 4	:invoke	:broadcast	25
2024-01-26 11:24:11,758{GMT}	INFO	[jepsen worker 4] jepsen.util: 4	:ok	:broadcast	25
2024-01-26 11:24:11,887{GMT}	INFO	[jepsen worker 0] jepsen.util: 0	:invoke	:read	nil
2024-01-26 11:24:11,892{GMT}	INFO	[jepsen worker 0] jepsen.util: 0	:ok	:read	[0 1 2 3 6 8 9 12 15 16 18 19 20 21 23 24 25]
2024-01-26 11:24:11,917{GMT}	INFO	[jepsen worker 0] jepsen.util: 0	:invoke	:broadcast	26
2024-01-26 11:24:11,919{GMT}	INFO	[jepsen worker 0] jepsen.util: 0	:ok	:broadcast	26
2024-01-26 11:24:11,946{GMT}	INFO	[jepsen worker 1] jepsen.util: 1	:invoke	:broadcast	27
2024-01-26 11:24:11,947{GMT}	INFO	[jepsen worker 1] jepsen.util: 1	:ok	:broadcast	27
2024-01-26 11:24:12,152{GMT}	INFO	[jepsen worker 2] jepsen.util: 2	:invoke	:broadcast	28
2024-01-26 11:24:12,157{GMT}	INFO	[jepsen worker 2] jepsen.util: 2	:ok	:broadcast	28
2024-01-26 11:24:12,218{GMT}	INFO	[jepsen worker 3] jepsen.util: 3	:invoke	:broadcast	29
2024-01-26 11:24:12,220{GMT}	INFO	[jepsen worker 3] jepsen.util: 3	:ok	:broadcast	29
2024-01-26 11:24:12,303{GMT}	INFO	[jepsen worker 4] jepsen.util: 4	:invoke	:broadcast	30
2024-01-26 11:24:12,306{GMT}	INFO	[jepsen worker 4] jepsen.util: 4	:ok	:broadcast	30
2024-01-26 11:24:12,396{GMT}	INFO	[jepsen worker 0] jepsen.util: 0	:invoke	:broadcast	31
2024-01-26 11:24:12,398{GMT}	INFO	[jepsen worker 0] jepsen.util: 0	:ok	:broadcast	31
2024-01-26 11:24:12,467{GMT}	INFO	[jepsen worker 0] jepsen.util: 0	:invoke	:broadcast	32
2024-01-26 11:24:12,469{GMT}	INFO	[jepsen worker 0] jepsen.util: 0	:ok	:broadcast	32
2024-01-26 11:24:12,550{GMT}	INFO	[jepsen worker 1] jepsen.util: 1	:invoke	:read	nil
2024-01-26 11:24:12,552{GMT}	INFO	[jepsen worker 1] jepsen.util: 1	:ok	:read	[10 27 4 13]
2024-01-26 11:24:12,660{GMT}	INFO	[jepsen worker 2] jepsen.util: 2	:invoke	:read	nil
2024-01-26 11:24:12,663{GMT}	INFO	[jepsen worker 2] jepsen.util: 2	:ok	:read	[5 7 11 14 17 22 28]
2024-01-26 11:24:12,742{GMT}	INFO	[jepsen worker 3] jepsen.util: 3	:invoke	:read	nil
2024-01-26 11:24:12,746{GMT}	INFO	[jepsen worker 3] jepsen.util: 3	:ok	:read	[0 1 2 3 6 8 9 12 15 16 18 19 20 21 23 24 25 26 29 30 31 32]
2024-01-26 11:24:12,911{GMT}	INFO	[jepsen worker 4] jepsen.util: 4	:invoke	:read	nil
2024-01-26 11:24:12,915{GMT}	INFO	[jepsen worker 4] jepsen.util: 4	:ok	:read	[0 1 2 3 6 8 9 12 15 16 18 19 20 21 23 24 25 26 29 30 31 32]
2024-01-26 11:24:12,951{GMT}	INFO	[jepsen worker 0] jepsen.util: 0	:invoke	:broadcast	33
2024-01-26 11:24:12,952{GMT}	INFO	[jepsen worker 0] jepsen.util: 0	:ok	:broadcast	33
2024-01-26 11:24:13,126{GMT}	INFO	[jepsen worker 0] jepsen.util: 0	:invoke	:read	nil
2024-01-26 11:24:13,128{GMT}	INFO	[jepsen worker 0] jepsen.util: 0	:ok	:read	[0 1 2 3 6 8 9 12 15 16 18 19 20 21 23 24 25 26 29 30 31 32 33]
2024-01-26 11:24:13,220{GMT}	INFO	[jepsen worker 1] jepsen.util: 1	:invoke	:read	nil
2024-01-26 11:24:13,221{GMT}	INFO	[jepsen worker 1] jepsen.util: 1	:ok	:read	[10 27 4 13]
2024-01-26 11:24:13,320{GMT}	INFO	[jepsen worker 2] jepsen.util: 2	:invoke	:broadcast	34
2024-01-26 11:24:13,322{GMT}	INFO	[jepsen worker 2] jepsen.util: 2	:ok	:broadcast	34
2024-01-26 11:24:13,403{GMT}	INFO	[jepsen worker 3] jepsen.util: 3	:invoke	:broadcast	35
2024-01-26 11:24:13,407{GMT}	INFO	[jepsen worker 3] jepsen.util: 3	:ok	:broadcast	35
2024-01-26 11:24:13,495{GMT}	INFO	[jepsen worker 4] jepsen.util: 4	:invoke	:broadcast	36
2024-01-26 11:24:13,497{GMT}	INFO	[jepsen worker 4] jepsen.util: 4	:ok	:broadcast	36
2024-01-26 11:24:13,614{GMT}	INFO	[jepsen worker 0] jepsen.util: 0	:invoke	:read	nil
2024-01-26 11:24:13,618{GMT}	INFO	[jepsen worker 0] jepsen.util: 0	:ok	:read	[0 1 2 3 6 8 9 12 15 16 18 19 20 21 23 24 25 26 29 30 31 32 33 35 36]
2024-01-26 11:24:13,670{GMT}	INFO	[jepsen worker 0] jepsen.util: 0	:invoke	:broadcast	37
2024-01-26 11:24:13,671{GMT}	INFO	[jepsen worker 0] jepsen.util: 0	:ok	:broadcast	37
2024-01-26 11:24:13,799{GMT}	INFO	[jepsen worker 1] jepsen.util: 1	:invoke	:read	nil
2024-01-26 11:24:13,802{GMT}	INFO	[jepsen worker 1] jepsen.util: 1	:ok	:read	[10 27 4 13]
2024-01-26 11:24:13,928{GMT}	INFO	[jepsen worker 2] jepsen.util: 2	:invoke	:broadcast	38
2024-01-26 11:24:13,929{GMT}	INFO	[jepsen worker 2] jepsen.util: 2	:ok	:broadcast	38
2024-01-26 11:24:14,078{GMT}	INFO	[jepsen worker 3] jepsen.util: 3	:invoke	:broadcast	39
2024-01-26 11:24:14,083{GMT}	INFO	[jepsen worker 4] jepsen.util: 4	:invoke	:broadcast	40
2024-01-26 11:24:14,083{GMT}	INFO	[jepsen worker 3] jepsen.util: 3	:ok	:broadcast	39
2024-01-26 11:24:14,084{GMT}	INFO	[jepsen worker 4] jepsen.util: 4	:ok	:broadcast	40
2024-01-26 11:24:14,138{GMT}	INFO	[jepsen worker 0] jepsen.util: 0	:invoke	:read	nil
2024-01-26 11:24:14,140{GMT}	INFO	[jepsen worker 0] jepsen.util: 0	:ok	:read	[0 1 2 3 6 8 9 12 15 16 18 19 20 21 23 24 25 26 29 30 31 32 33 35 36 37 39 40]
2024-01-26 11:24:14,232{GMT}	INFO	[jepsen worker 0] jepsen.util: 0	:invoke	:read	nil
2024-01-26 11:24:14,237{GMT}	INFO	[jepsen worker 0] jepsen.util: 0	:ok	:read	[0 1 2 3 6 8 9 12 15 16 18 19 20 21 23 24 25 26 29 30 31 32 33 35 36 37 39 40]
2024-01-26 11:24:14,274{GMT}	INFO	[jepsen worker 1] jepsen.util: 1	:invoke	:broadcast	41
2024-01-26 11:24:14,275{GMT}	INFO	[jepsen worker 1] jepsen.util: 1	:ok	:broadcast	41
2024-01-26 11:24:14,292{GMT}	INFO	[jepsen worker 2] jepsen.util: 2	:invoke	:read	nil
2024-01-26 11:24:14,294{GMT}	INFO	[jepsen worker 2] jepsen.util: 2	:ok	:read	[34 5 38 7 11 14 17 22 28]
2024-01-26 11:24:14,338{GMT}	INFO	[jepsen worker 3] jepsen.util: 3	:invoke	:read	nil
2024-01-26 11:24:14,339{GMT}	INFO	[jepsen worker 3] jepsen.util: 3	:ok	:read	[0 1 2 3 6 8 9 12 15 16 18 19 20 21 23 24 25 26 29 30 31 32 33 35 36 37 39 40]
2024-01-26 11:24:14,389{GMT}	INFO	[jepsen worker 4] jepsen.util: 4	:invoke	:broadcast	42
2024-01-26 11:24:14,391{GMT}	INFO	[jepsen worker 4] jepsen.util: 4	:ok	:broadcast	42
2024-01-26 11:24:14,469{GMT}	INFO	[jepsen worker 0] jepsen.util: 0	:invoke	:read	nil
2024-01-26 11:24:14,470{GMT}	INFO	[jepsen worker 0] jepsen.util: 0	:ok	:read	[0 1 2 3 6 8 9 12 15 16 18 19 20 21 23 24 25 26 29 30 31 32 33 35 36 37 39 40 42]
2024-01-26 11:24:14,635{GMT}	INFO	[jepsen worker 0] jepsen.util: 0	:invoke	:broadcast	43
2024-01-26 11:24:14,639{GMT}	INFO	[jepsen worker 0] jepsen.util: 0	:ok	:broadcast	43
2024-01-26 11:24:14,751{GMT}	INFO	[jepsen worker 1] jepsen.util: 1	:invoke	:broadcast	44
2024-01-26 11:24:14,754{GMT}	INFO	[jepsen worker 1] jepsen.util: 1	:ok	:broadcast	44
2024-01-26 11:24:14,885{GMT}	INFO	[jepsen worker 2] jepsen.util: 2	:invoke	:read	nil
2024-01-26 11:24:14,889{GMT}	INFO	[jepsen worker 2] jepsen.util: 2	:ok	:read	[34 5 38 7 11 14 17 22 28]
2024-01-26 11:24:15,055{GMT}	INFO	[jepsen worker 3] jepsen.util: 3	:invoke	:broadcast	45
2024-01-26 11:24:15,061{GMT}	INFO	[jepsen worker 3] jepsen.util: 3	:ok	:broadcast	45
2024-01-26 11:24:15,171{GMT}	INFO	[jepsen worker 4] jepsen.util: 4	:invoke	:broadcast	46
2024-01-26 11:24:15,173{GMT}	INFO	[jepsen worker 4] jepsen.util: 4	:ok	:broadcast	46
2024-01-26 11:24:15,196{GMT}	INFO	[jepsen worker 0] jepsen.util: 0	:invoke	:read	nil
2024-01-26 11:24:15,197{GMT}	INFO	[jepsen worker 0] jepsen.util: 0	:ok	:read	[0 1 2 3 6 8 9 12 15 16 18 19 20 21 23 24 25 26 29 30 31 32 33 35 36 37 39 40 42 43 45 46]
2024-01-26 11:24:15,319{GMT}	INFO	[jepsen worker 0] jepsen.util: 0	:invoke	:read	nil
2024-01-26 11:24:15,322{GMT}	INFO	[jepsen worker 0] jepsen.util: 0	:ok	:read	[0 1 2 3 6 8 9 12 15 16 18 19 20 21 23 24 25 26 29 30 31 32 33 35 36 37 39 40 42 43 45 46]
2024-01-26 11:24:15,443{GMT}	INFO	[jepsen worker 1] jepsen.util: 1	:invoke	:read	nil
2024-01-26 11:24:15,448{GMT}	INFO	[jepsen worker 1] jepsen.util: 1	:ok	:read	[4 41 10 44 13 27]
2024-01-26 11:24:15,501{GMT}	INFO	[jepsen worker 2] jepsen.util: 2	:invoke	:read	nil
2024-01-26 11:24:15,503{GMT}	INFO	[jepsen worker 2] jepsen.util: 2	:ok	:read	[34 5 38 7 11 14 17 22 28]
2024-01-26 11:24:15,517{GMT}	INFO	[jepsen worker 3] jepsen.util: 3	:invoke	:read	nil
2024-01-26 11:24:15,518{GMT}	INFO	[jepsen worker 3] jepsen.util: 3	:ok	:read	[0 1 2 3 6 8 9 12 15 16 18 19 20 21 23 24 25 26 29 30 31 32 33 35 36 37 39 40 42 43 45 46]
2024-01-26 11:24:15,629{GMT}	INFO	[jepsen worker 4] jepsen.util: 4	:invoke	:read	nil
2024-01-26 11:24:15,633{GMT}	INFO	[jepsen worker 4] jepsen.util: 4	:ok	:read	[0 1 2 3 6 8 9 12 15 16 18 19 20 21 23 24 25 26 29 30 31 32 33 35 36 37 39 40 42 43 45 46]
2024-01-26 11:24:15,713{GMT}	INFO	[jepsen worker 0] jepsen.util: 0	:invoke	:read	nil
2024-01-26 11:24:15,716{GMT}	INFO	[jepsen worker 0] jepsen.util: 0	:ok	:read	[0 1 2 3 6 8 9 12 15 16 18 19 20 21 23 24 25 26 29 30 31 32 33 35 36 37 39 40 42 43 45 46]
2024-01-26 11:24:15,727{GMT}	INFO	[jepsen worker 0] jepsen.util: 0	:invoke	:read	nil
2024-01-26 11:24:15,730{GMT}	INFO	[jepsen worker 0] jepsen.util: 0	:ok	:read	[0 1 2 3 6 8 9 12 15 16 18 19 20 21 23 24 25 26 29 30 31 32 33 35 36 37 39 40 42 43 45 46]
2024-01-26 11:24:15,741{GMT}	INFO	[jepsen worker 1] jepsen.util: 1	:invoke	:broadcast	47
2024-01-26 11:24:15,743{GMT}	INFO	[jepsen worker 1] jepsen.util: 1	:ok	:broadcast	47
2024-01-26 11:24:15,905{GMT}	INFO	[jepsen worker 2] jepsen.util: 2	:invoke	:read	nil
2024-01-26 11:24:15,909{GMT}	INFO	[jepsen worker 2] jepsen.util: 2	:ok	:read	[34 5 38 7 11 14 17 22 28]
2024-01-26 11:24:15,990{GMT}	INFO	[jepsen worker 3] jepsen.util: 3	:invoke	:read	nil
2024-01-26 11:24:15,995{GMT}	INFO	[jepsen worker 3] jepsen.util: 3	:ok	:read	[0 1 2 3 6 8 9 12 15 16 18 19 20 21 23 24 25 26 29 30 31 32 33 35 36 37 39 40 42 43 45 46]
2024-01-26 11:24:16,026{GMT}	INFO	[jepsen worker 4] jepsen.util: 4	:invoke	:broadcast	48
2024-01-26 11:24:16,027{GMT}	INFO	[jepsen worker 4] jepsen.util: 4	:ok	:broadcast	48
2024-01-26 11:24:16,109{GMT}	INFO	[jepsen worker 0] jepsen.util: 0	:invoke	:broadcast	49
2024-01-26 11:24:16,110{GMT}	INFO	[jepsen worker 0] jepsen.util: 0	:ok	:broadcast	49
2024-01-26 11:24:16,202{GMT}	INFO	[jepsen worker 0] jepsen.util: 0	:invoke	:broadcast	50
2024-01-26 11:24:16,205{GMT}	INFO	[jepsen worker 0] jepsen.util: 0	:ok	:broadcast	50
2024-01-26 11:24:16,293{GMT}	INFO	[jepsen worker 1] jepsen.util: 1	:invoke	:read	nil
2024-01-26 11:24:16,297{GMT}	INFO	[jepsen worker 1] jepsen.util: 1	:ok	:read	[4 41 10 44 13 47 27]
2024-01-26 11:24:16,466{GMT}	INFO	[jepsen worker 2] jepsen.util: 2	:invoke	:broadcast	51
2024-01-26 11:24:16,471{GMT}	INFO	[jepsen worker 2] jepsen.util: 2	:ok	:broadcast	51
2024-01-26 11:24:16,664{GMT}	INFO	[jepsen worker 3] jepsen.util: 3	:invoke	:broadcast	52
2024-01-26 11:24:16,669{GMT}	INFO	[jepsen worker 3] jepsen.util: 3	:ok	:broadcast	52
2024-01-26 11:24:16,807{GMT}	INFO	[jepsen worker 4] jepsen.util: 4	:invoke	:read	nil
2024-01-26 11:24:16,811{GMT}	INFO	[jepsen worker 4] jepsen.util: 4	:ok	:read	[0 1 2 3 6 8 9 12 15 16 18 19 20 21 23 24 25 26 29 30 31 32 33 35 36 37 39 40 42 43 45 46 48 49 50 52]
2024-01-26 11:24:16,947{GMT}	INFO	[jepsen worker 0] jepsen.util: 0	:invoke	:read	nil
2024-01-26 11:24:16,950{GMT}	INFO	[jepsen worker 0] jepsen.util: 0	:ok	:read	[0 1 2 3 6 8 9 12 15 16 18 19 20 21 23 24 25 26 29 30 31 32 33 35 36 37 39 40 42 43 45 46 48 49 50 52]
2024-01-26 11:24:17,076{GMT}	INFO	[jepsen worker nemesis] jepsen.util: :nemesis	:info	:stop-partition	nil
2024-01-26 11:24:17,077{GMT}	INFO	[jepsen worker nemesis] jepsen.util: :nemesis	:info	:stop-partition	:network-healed
2024-01-26 11:24:17,125{GMT}	INFO	[jepsen worker 1] jepsen.util: 1	:invoke	:read	nil
2024-01-26 11:24:17,127{GMT}	INFO	[jepsen worker 1] jepsen.util: 1	:ok	:read	[4 41 10 44 13 47 27]
2024-01-26 11:24:17,235{GMT}	INFO	[jepsen worker 2] jepsen.util: 2	:invoke	:read	nil
2024-01-26 11:24:17,238{GMT}	INFO	[jepsen worker 2] jepsen.util: 2	:ok	:read	[34 5 38 7 11 14 17 51 22 28]
2024-01-26 11:24:17,404{GMT}	INFO	[jepsen worker 3] jepsen.util: 3	:invoke	:read	nil
2024-01-26 11:24:17,409{GMT}	INFO	[jepsen worker 3] jepsen.util: 3	:ok	:read	[0 1 2 3 6 8 9 12 15 16 18 19 20 21 23 24 25 26 29 30 31 32 33 35 36 37 39 40 42 43 45 46 48 49 50 52]
2024-01-26 11:24:17,567{GMT}	INFO	[jepsen worker 4] jepsen.util: 4	:invoke	:read	nil
2024-01-26 11:24:17,570{GMT}	INFO	[jepsen worker 4] jepsen.util: 4	:ok	:read	[0 1 2 3 6 8 9 12 15 16 18 19 20 21 23 24 25 26 29 30 31 32 33 35 36 37 39 40 42 43 45 46 48 49 50 52]
2024-01-26 11:24:17,712{GMT}	INFO	[jepsen worker 0] jepsen.util: 0	:invoke	:read	nil
2024-01-26 11:24:17,716{GMT}	INFO	[jepsen worker 0] jepsen.util: 0	:ok	:read	[0 1 2 3 4 6 8 9 10 12 13 15 16 18 19 20 21 23 24 25 26 27 29 30 31 32 33 35 36 37 39 40 41 42 43 44 45 46 47 48 49 50 52]
2024-01-26 11:24:17,893{GMT}	INFO	[jepsen worker 0] jepsen.util: 0	:invoke	:broadcast	53
2024-01-26 11:24:17,895{GMT}	INFO	[jepsen worker 0] jepsen.util: 0	:ok	:broadcast	53
2024-01-26 11:24:18,079{GMT}	INFO	[jepsen worker 1] jepsen.util: 1	:invoke	:broadcast	54
2024-01-26 11:24:18,083{GMT}	INFO	[jepsen worker 1] jepsen.util: 1	:ok	:broadcast	54
2024-01-26 11:24:18,138{GMT}	INFO	[jepsen worker 2] jepsen.util: 2	:invoke	:read	nil
2024-01-26 11:24:18,139{GMT}	INFO	[jepsen worker 2] jepsen.util: 2	:ok	:read	[0 1 2 3 4 5 6 7 8 9 10 11 12 13 14 15 16 17 18 19 20 21 22 23 24 25 26 27 28 29 30 31 32 33 34 35 36 37 38 39 40 41 42 43 44 45 46 47 48 49 50 51 52 53 54]
2024-01-26 11:24:18,175{GMT}	INFO	[jepsen worker 3] jepsen.util: 3	:invoke	:read	nil
2024-01-26 11:24:18,176{GMT}	INFO	[jepsen worker 3] jepsen.util: 3	:ok	:read	[0 1 2 3 4 5 6 7 8 9 10 11 12 13 14 15 16 17 18 19 20 21 22 23 24 25 26 27 28 29 30 31 32 33 34 35 36 37 38 39 40 41 42 43 44 45 46 47 48 49 50 51 52 53 54]
2024-01-26 11:24:18,309{GMT}	INFO	[jepsen worker 4] jepsen.util: 4	:invoke	:read	nil
2024-01-26 11:24:18,311{GMT}	INFO	[jepsen worker 4] jepsen.util: 4	:ok	:read	[0 1 2 3 4 5 6 7 8 9 10 11 12 13 14 15 16 17 18 19 20 21 22 23 24 25 26 27 28 29 30 31 32 33 34 35 36 37 38 39 40 41 42 43 44 45 46 47 48 49 50 51 52 53 54]
2024-01-26 11:24:18,482{GMT}	INFO	[jepsen worker 0] jepsen.util: 0	:invoke	:broadcast	55
2024-01-26 11:24:18,486{GMT}	INFO	[jepsen worker 0] jepsen.util: 0	:ok	:broadcast	55
2024-01-26 11:24:18,685{GMT}	INFO	[jepsen worker 0] jepsen.util: 0	:invoke	:read	nil
2024-01-26 11:24:18,688{GMT}	INFO	[jepsen worker 0] jepsen.util: 0	:ok	:read	[0 1 2 3 4 5 6 7 8 9 10 11 12 13 14 15 16 17 18 19 20 21 22 23 24 25 26 27 28 29 30 31 32 33 34 35 36 37 38 39 40 41 42 43 44 45 46 47 48 49 50 51 52 53 54 55]
2024-01-26 11:24:18,743{GMT}	INFO	[jepsen worker 1] jepsen.util: 1	:invoke	:broadcast	56
2024-01-26 11:24:18,745{GMT}	INFO	[jepsen worker 1] jepsen.util: 1	:ok	:broadcast	56
2024-01-26 11:24:18,873{GMT}	INFO	[jepsen worker 2] jepsen.util: 2	:invoke	:broadcast	57
2024-01-26 11:24:18,877{GMT}	INFO	[jepsen worker 2] jepsen.util: 2	:ok	:broadcast	57
2024-01-26 11:24:19,032{GMT}	INFO	[jepsen worker 3] jepsen.util: 3	:invoke	:read	nil
2024-01-26 11:24:19,038{GMT}	INFO	[jepsen worker 3] jepsen.util: 3	:ok	:read	[0 1 2 3 4 5 6 7 8 9 10 11 12 13 14 15 16 17 18 19 20 21 22 23 24 25 26 27 28 29 30 31 32 33 34 35 36 37 38 39 40 41 42 43 44 45 46 47 48 49 50 51 52 53 54 55 56 57]
2024-01-26 11:24:19,076{GMT}	INFO	[jepsen worker 4] jepsen.util: 4	:invoke	:read	nil
2024-01-26 11:24:19,078{GMT}	INFO	[jepsen worker 4] jepsen.util: 4	:ok	:read	[0 1 2 3 4 5 6 7 8 9 10 11 12 13 14 15 16 17 18 19 20 21 22 23 24 25 26 27 28 29 30 31 32 33 34 35 36 37 38 39 40 41 42 43 44 45 46 47 48 49 50 51 52 53 54 55 56 57]
2024-01-26 11:24:19,124{GMT}	INFO	[jepsen worker 0] jepsen.util: 0	:invoke	:read	nil
2024-01-26 11:24:19,125{GMT}	INFO	[jepsen worker 0] jepsen.util: 0	:ok	:read	[0 1 2 3 4 5 6 7 8 9 10 11 12 13 14 15 16 17 18 19 20 21 22 23 24 25 26 27 28 29 30 31 32 33 34 35 36 37 38 39 40 41 42 43 44 45 46 47 48 49 50 51 52 53 54 55 56 57]
2024-01-26 11:24:19,212{GMT}	INFO	[jepsen worker 0] jepsen.util: 0	:invoke	:read	nil
2024-01-26 11:24:19,214{GMT}	INFO	[jepsen worker 0] jepsen.util: 0	:ok	:read	[0 1 2 3 4 5 6 7 8 9 10 11 12 13 14 15 16 17 18 19 20 21 22 23 24 25 26 27 28 29 30 31 32 33 34 35 36 37 38 39 40 41 42 43 44 45 46 47 48 49 50 51 52 53 54 55 56 57]
2024-01-26 11:24:19,243{GMT}	INFO	[jepsen worker 1] jepsen.util: 1	:invoke	:read	nil
2024-01-26 11:24:19,245{GMT}	INFO	[jepsen worker 1] jepsen.util: 1	:ok	:read	[0 1 2 3 4 5 6 7 8 9 10 11 12 13 14 15 16 17 18 19 20 21 22 23 24 25 26 27 28 29 30 31 32 33 34 35 36 37 38 39 40 41 42 43 44 45 46 47 48 49 50 51 52 53 54 55 56 57]
2024-01-26 11:24:19,420{GMT}	INFO	[jepsen worker 2] jepsen.util: 2	:invoke	:broadcast	58
2024-01-26 11:24:19,422{GMT}	INFO	[jepsen worker 2] jepsen.util: 2	:ok	:broadcast	58
2024-01-26 11:24:19,542{GMT}	INFO	[jepsen worker 3] jepsen.util: 3	:invoke	:broadcast	59
2024-01-26 11:24:19,545{GMT}	INFO	[jepsen worker 3] jepsen.util: 3	:ok	:broadcast	59
2024-01-26 11:24:19,563{GMT}	INFO	[jepsen worker 4] jepsen.util: 4	:invoke	:broadcast	60
2024-01-26 11:24:19,564{GMT}	INFO	[jepsen worker 4] jepsen.util: 4	:ok	:broadcast	60
2024-01-26 11:24:19,596{GMT}	INFO	[jepsen worker 0] jepsen.util: 0	:invoke	:broadcast	61
2024-01-26 11:24:19,597{GMT}	INFO	[jepsen worker 0] jepsen.util: 0	:ok	:broadcast	61
2024-01-26 11:24:19,607{GMT}	INFO	[jepsen worker 0] jepsen.util: 0	:invoke	:read	nil
2024-01-26 11:24:19,608{GMT}	INFO	[jepsen worker 0] jepsen.util: 0	:ok	:read	[0 1 2 3 4 5 6 7 8 9 10 11 12 13 14 15 16 17 18 19 20 21 22 23 24 25 26 27 28 29 30 31 32 33 34 35 36 37 38 39 40 41 42 43 44 45 46 47 48 49 50 51 52 53 54 55 56 57 58 59 60 61]
2024-01-26 11:24:19,781{GMT}	INFO	[jepsen worker 1] jepsen.util: 1	:invoke	:read	nil
2024-01-26 11:24:19,783{GMT}	INFO	[jepsen worker 1] jepsen.util: 1	:ok	:read	[0 1 2 3 4 5 6 7 8 9 10 11 12 13 14 15 16 17 18 19 20 21 22 23 24 25 26 27 28 29 30 31 32 33 34 35 36 37 38 39 40 41 42 43 44 45 46 47 48 49 50 51 52 53 54 55 56 57 58 59 60 61]
2024-01-26 11:24:19,810{GMT}	INFO	[jepsen worker 2] jepsen.util: 2	:invoke	:broadcast	62
2024-01-26 11:24:19,811{GMT}	INFO	[jepsen worker 2] jepsen.util: 2	:ok	:broadcast	62
2024-01-26 11:24:19,833{GMT}	INFO	[jepsen worker 3] jepsen.util: 3	:invoke	:read	nil
2024-01-26 11:24:19,834{GMT}	INFO	[jepsen worker 3] jepsen.util: 3	:ok	:read	[0 1 2 3 4 5 6 7 8 9 10 11 12 13 14 15 16 17 18 19 20 21 22 23 24 25 26 27 28 29 30 31 32 33 34 35 36 37 38 39 40 41 42 43 44 45 46 47 48 49 50 51 52 53 54 55 56 57 58 59 60 61 62]
2024-01-26 11:24:19,885{GMT}	INFO	[jepsen worker 4] jepsen.util: 4	:invoke	:read	nil
2024-01-26 11:24:19,886{GMT}	INFO	[jepsen worker 4] jepsen.util: 4	:ok	:read	[0 1 2 3 4 5 6 7 8 9 10 11 12 13 14 15 16 17 18 19 20 21 22 23 24 25 26 27 28 29 30 31 32 33 34 35 36 37 38 39 40 41 42 43 44 45 46 47 48 49 50 51 52 53 54 55 56 57 58 59 60 61 62]
2024-01-26 11:24:19,926{GMT}	INFO	[jepsen worker 0] jepsen.util: 0	:invoke	:broadcast	63
2024-01-26 11:24:19,927{GMT}	INFO	[jepsen worker 0] jepsen.util: 0	:ok	:broadcast	63
2024-01-26 11:24:20,102{GMT}	INFO	[jepsen worker 0] jepsen.util: 0	:invoke	:read	nil
2024-01-26 11:24:20,106{GMT}	INFO	[jepsen worker 0] jepsen.util: 0	:ok	:read	[0 1 2 3 4 5 6 7 8 9 10 11 12 13 14 15 16 17 18 19 20 21 22 23 24 25 26 27 28 29 30 31 32 33 34 35 36 37 38 39 40 41 42 43 44 45 46 47 48 49 50 51 52 53 54 55 56 57 58 59 60 61 62 63]
2024-01-26 11:24:20,112{GMT}	INFO	[jepsen worker 1] jepsen.util: 1	:invoke	:broadcast	64
2024-01-26 11:24:20,113{GMT}	INFO	[jepsen worker 1] jepsen.util: 1	:ok	:broadcast	64
2024-01-26 11:24:20,151{GMT}	INFO	[jepsen worker 2] jepsen.util: 2	:invoke	:read	nil
2024-01-26 11:24:20,152{GMT}	INFO	[jepsen worker 2] jepsen.util: 2	:ok	:read	[0 1 2 3 4 5 6 7 8 9 10 11 12 13 14 15 16 17 18 19 20 21 22 23 24 25 26 27 28 29 30 31 32 33 34 35 36 37 38 39 40 41 42 43 44 45 46 47 48 49 50 51 52 53 54 55 56 57 58 59 60 61 62 63 64]
2024-01-26 11:24:20,157{GMT}	INFO	[jepsen worker 3] jepsen.util: 3	:invoke	:read	nil
2024-01-26 11:24:20,164{GMT}	INFO	[jepsen worker 3] jepsen.util: 3	:ok	:read	[0 1 2 3 4 5 6 7 8 9 10 11 12 13 14 15 16 17 18 19 20 21 22 23 24 25 26 27 28 29 30 31 32 33 34 35 36 37 38 39 40 41 42 43 44 45 46 47 48 49 50 51 52 53 54 55 56 57 58 59 60 61 62 63 64]
2024-01-26 11:24:20,265{GMT}	INFO	[jepsen worker 4] jepsen.util: 4	:invoke	:read	nil
2024-01-26 11:24:20,267{GMT}	INFO	[jepsen worker 4] jepsen.util: 4	:ok	:read	[0 1 2 3 4 5 6 7 8 9 10 11 12 13 14 15 16 17 18 19 20 21 22 23 24 25 26 27 28 29 30 31 32 33 34 35 36 37 38 39 40 41 42 43 44 45 46 47 48 49 50 51 52 53 54 55 56 57 58 59 60 61 62 63 64]
2024-01-26 11:24:20,301{GMT}	INFO	[jepsen worker 0] jepsen.util: 0	:invoke	:broadcast	65
2024-01-26 11:24:20,302{GMT}	INFO	[jepsen worker 0] jepsen.util: 0	:ok	:broadcast	65
2024-01-26 11:24:20,451{GMT}	INFO	[jepsen worker 0] jepsen.util: 0	:invoke	:read	nil
2024-01-26 11:24:20,454{GMT}	INFO	[jepsen worker 0] jepsen.util: 0	:ok	:read	[0 1 2 3 4 5 6 7 8 9 10 11 12 13 14 15 16 17 18 19 20 21 22 23 24 25 26 27 28 29 30 31 32 33 34 35 36 37 38 39 40 41 42 43 44 45 46 47 48 49 50 51 52 53 54 55 56 57 58 59 60 61 62 63 64 65]
2024-01-26 11:24:20,509{GMT}	INFO	[jepsen worker 1] jepsen.util: 1	:invoke	:broadcast	66
2024-01-26 11:24:20,510{GMT}	INFO	[jepsen worker 1] jepsen.util: 1	:ok	:broadcast	66
2024-01-26 11:24:20,692{GMT}	INFO	[jepsen worker 2] jepsen.util: 2	:invoke	:broadcast	67
2024-01-26 11:24:20,696{GMT}	INFO	[jepsen worker 2] jepsen.util: 2	:ok	:broadcast	67
2024-01-26 11:24:20,751{GMT}	INFO	[jepsen worker 3] jepsen.util: 3	:invoke	:broadcast	68
2024-01-26 11:24:20,752{GMT}	INFO	[jepsen worker 3] jepsen.util: 3	:ok	:broadcast	68
2024-01-26 11:24:20,832{GMT}	INFO	[jepsen worker 4] jepsen.util: 4	:invoke	:read	nil
2024-01-26 11:24:20,833{GMT}	INFO	[jepsen worker 4] jepsen.util: 4	:ok	:read	[0 1 2 3 4 5 6 7 8 9 10 11 12 13 14 15 16 17 18 19 20 21 22 23 24 25 26 27 28 29 30 31 32 33 34 35 36 37 38 39 40 41 42 43 44 45 46 47 48 49 50 51 52 53 54 55 56 57 58 59 60 61 62 63 64 65 66 67 68]
2024-01-26 11:24:20,967{GMT}	INFO	[jepsen worker 0] jepsen.util: 0	:invoke	:broadcast	69
2024-01-26 11:24:20,970{GMT}	INFO	[jepsen worker 0] jepsen.util: 0	:ok	:broadcast	69
2024-01-26 11:24:20,996{GMT}	INFO	[jepsen worker 0] jepsen.util: 0	:invoke	:read	nil
2024-01-26 11:24:20,997{GMT}	INFO	[jepsen worker 0] jepsen.util: 0	:ok	:read	[0 1 2 3 4 5 6 7 8 9 10 11 12 13 14 15 16 17 18 19 20 21 22 23 24 25 26 27 28 29 30 31 32 33 34 35 36 37 38 39 40 41 42 43 44 45 46 47 48 49 50 51 52 53 54 55 56 57 58 59 60 61 62 63 64 65 66 67 68 69]
2024-01-26 11:24:21,006{GMT}	INFO	[jepsen worker 1] jepsen.util: 1	:invoke	:broadcast	70
2024-01-26 11:24:21,007{GMT}	INFO	[jepsen worker 1] jepsen.util: 1	:ok	:broadcast	70
2024-01-26 11:24:21,162{GMT}	INFO	[jepsen worker 2] jepsen.util: 2	:invoke	:read	nil
2024-01-26 11:24:21,165{GMT}	INFO	[jepsen worker 2] jepsen.util: 2	:ok	:read	[0 1 2 3 4 5 6 7 8 9 10 11 12 13 14 15 16 17 18 19 20 21 22 23 24 25 26 27 28 29 30 31 32 33 34 35 36 37 38 39 40 41 42 43 44 45 46 47 48 49 50 51 52 53 54 55 56 57 58 59 60 61 62 63 64 65 66 67 68 69 70]
2024-01-26 11:24:21,275{GMT}	INFO	[jepsen worker 3] jepsen.util: 3	:invoke	:broadcast	71
2024-01-26 11:24:21,279{GMT}	INFO	[jepsen worker 3] jepsen.util: 3	:ok	:broadcast	71
2024-01-26 11:24:21,371{GMT}	INFO	[jepsen worker 4] jepsen.util: 4	:invoke	:read	nil
2024-01-26 11:24:21,375{GMT}	INFO	[jepsen worker 4] jepsen.util: 4	:ok	:read	[0 1 2 3 4 5 6 7 8 9 10 11 12 13 14 15 16 17 18 19 20 21 22 23 24 25 26 27 28 29 30 31 32 33 34 35 36 37 38 39 40 41 42 43 44 45 46 47 48 49 50 51 52 53 54 55 56 57 58 59 60 61 62 63 64 65 66 67 68 69 70 71]
2024-01-26 11:24:21,494{GMT}	INFO	[jepsen worker 0] jepsen.util: 0	:invoke	:broadcast	72
2024-01-26 11:24:21,497{GMT}	INFO	[jepsen worker 0] jepsen.util: 0	:ok	:broadcast	72
2024-01-26 11:24:21,650{GMT}	INFO	[jepsen worker 0] jepsen.util: 0	:invoke	:broadcast	73
2024-01-26 11:24:21,654{GMT}	INFO	[jepsen worker 0] jepsen.util: 0	:ok	:broadcast	73
2024-01-26 11:24:21,803{GMT}	INFO	[jepsen worker 1] jepsen.util: 1	:invoke	:read	nil
2024-01-26 11:24:21,807{GMT}	INFO	[jepsen worker 1] jepsen.util: 1	:ok	:read	[0 1 2 3 4 5 6 7 8 9 10 11 12 13 14 15 16 17 18 19 20 21 22 23 24 25 26 27 28 29 30 31 32 33 34 35 36 37 38 39 40 41 42 43 44 45 46 47 48 49 50 51 52 53 54 55 56 57 58 59 60 61 62 63 64 65 66 67 68 69 70 71 72 73]
2024-01-26 11:24:21,811{GMT}	INFO	[jepsen worker 2] jepsen.util: 2	:invoke	:broadcast	74
2024-01-26 11:24:21,812{GMT}	INFO	[jepsen worker 2] jepsen.util: 2	:ok	:broadcast	74
2024-01-26 11:24:21,924{GMT}	INFO	[jepsen worker 3] jepsen.util: 3	:invoke	:broadcast	75
2024-01-26 11:24:21,928{GMT}	INFO	[jepsen worker 3] jepsen.util: 3	:ok	:broadcast	75
2024-01-26 11:24:22,029{GMT}	INFO	[jepsen worker 4] jepsen.util: 4	:invoke	:broadcast	76
2024-01-26 11:24:22,032{GMT}	INFO	[jepsen worker 4] jepsen.util: 4	:ok	:broadcast	76
2024-01-26 11:24:22,196{GMT}	INFO	[jepsen worker 0] jepsen.util: 0	:invoke	:read	nil
2024-01-26 11:24:22,200{GMT}	INFO	[jepsen worker 0] jepsen.util: 0	:ok	:read	[0 1 2 3 4 5 6 7 8 9 10 11 12 13 14 15 16 17 18 19 20 21 22 23 24 25 26 27 28 29 30 31 32 33 34 35 36 37 38 39 40 41 42 43 44 45 46 47 48 49 50 51 52 53 54 55 56 57 58 59 60 61 62 63 64 65 66 67 68 69 70 71 72 73 74 75 76]
2024-01-26 11:24:22,373{GMT}	INFO	[jepsen worker 0] jepsen.util: 0	:invoke	:broadcast	77
2024-01-26 11:24:22,373{GMT}	INFO	[jepsen worker 1] jepsen.util: 1	:invoke	:read	nil
2024-01-26 11:24:22,377{GMT}	INFO	[jepsen worker 0] jepsen.util: 0	:ok	:broadcast	77
2024-01-26 11:24:22,377{GMT}	INFO	[jepsen worker 1] jepsen.util: 1	:ok	:read	[0 1 2 3 4 5 6 7 8 9 10 11 12 13 14 15 16 17 18 19 20 21 22 23 24 25 26 27 28 29 30 31 32 33 34 35 36 37 38 39 40 41 42 43 44 45 46 47 48 49 50 51 52 53 54 55 56 57 58 59 60 61 62 63 64 65 66 67 68 69 70 71 72 73 74 75 76]
2024-01-26 11:24:22,451{GMT}	INFO	[jepsen worker 2] jepsen.util: 2	:invoke	:read	nil
2024-01-26 11:24:22,453{GMT}	INFO	[jepsen worker 2] jepsen.util: 2	:ok	:read	[0 1 2 3 4 5 6 7 8 9 10 11 12 13 14 15 16 17 18 19 20 21 22 23 24 25 26 27 28 29 30 31 32 33 34 35 36 37 38 39 40 41 42 43 44 45 46 47 48 49 50 51 52 53 54 55 56 57 58 59 60 61 62 63 64 65 66 67 68 69 70 71 72 73 74 75 76 77]
2024-01-26 11:24:22,495{GMT}	INFO	[jepsen worker 3] jepsen.util: 3	:invoke	:broadcast	78
2024-01-26 11:24:22,496{GMT}	INFO	[jepsen worker 3] jepsen.util: 3	:ok	:broadcast	78
2024-01-26 11:24:22,604{GMT}	INFO	[jepsen worker 4] jepsen.util: 4	:invoke	:read	nil
2024-01-26 11:24:22,605{GMT}	INFO	[jepsen worker 4] jepsen.util: 4	:ok	:read	[0 1 2 3 4 5 6 7 8 9 10 11 12 13 14 15 16 17 18 19 20 21 22 23 24 25 26 27 28 29 30 31 32 33 34 35 36 37 38 39 40 41 42 43 44 45 46 47 48 49 50 51 52 53 54 55 56 57 58 59 60 61 62 63 64 65 66 67 68 69 70 71 72 73 74 75 76 77 78]
2024-01-26 11:24:22,692{GMT}	INFO	[jepsen worker 0] jepsen.util: 0	:invoke	:broadcast	79
2024-01-26 11:24:22,694{GMT}	INFO	[jepsen worker 0] jepsen.util: 0	:ok	:broadcast	79
2024-01-26 11:24:22,862{GMT}	INFO	[jepsen worker 0] jepsen.util: 0	:invoke	:read	nil
2024-01-26 11:24:22,865{GMT}	INFO	[jepsen worker 0] jepsen.util: 0	:ok	:read	[0 1 2 3 4 5 6 7 8 9 10 11 12 13 14 15 16 17 18 19 20 21 22 23 24 25 26 27 28 29 30 31 32 33 34 35 36 37 38 39 40 41 42 43 44 45 46 47 48 49 50 51 52 53 54 55 56 57 58 59 60 61 62 63 64 65 66 67 68 69 70 71 72 73 74 75 76 77 78 79]
2024-01-26 11:24:22,993{GMT}	INFO	[jepsen worker 1] jepsen.util: 1	:invoke	:read	nil
2024-01-26 11:24:22,997{GMT}	INFO	[jepsen worker 1] jepsen.util: 1	:ok	:read	[0 1 2 3 4 5 6 7 8 9 10 11 12 13 14 15 16 17 18 19 20 21 22 23 24 25 26 27 28 29 30 31 32 33 34 35 36 37 38 39 40 41 42 43 44 45 46 47 48 49 50 51 52 53 54 55 56 57 58 59 60 61 62 63 64 65 66 67 68 69 70 71 72 73 74 75 76 77 78 79]
2024-01-26 11:24:23,168{GMT}	INFO	[jepsen worker 2] jepsen.util: 2	:invoke	:broadcast	80
2024-01-26 11:24:23,169{GMT}	INFO	[jepsen worker 2] jepsen.util: 2	:ok	:broadcast	80
2024-01-26 11:24:23,354{GMT}	INFO	[jepsen worker 3] jepsen.util: 3	:invoke	:broadcast	81
2024-01-26 11:24:23,358{GMT}	INFO	[jepsen worker 3] jepsen.util: 3	:ok	:broadcast	81
2024-01-26 11:24:23,393{GMT}	INFO	[jepsen worker 4] jepsen.util: 4	:invoke	:read	nil
2024-01-26 11:24:23,395{GMT}	INFO	[jepsen worker 4] jepsen.util: 4	:ok	:read	[0 1 2 3 4 5 6 7 8 9 10 11 12 13 14 15 16 17 18 19 20 21 22 23 24 25 26 27 28 29 30 31 32 33 34 35 36 37 38 39 40 41 42 43 44 45 46 47 48 49 50 51 52 53 54 55 56 57 58 59 60 61 62 63 64 65 66 67 68 69 70 71 72 73 74 75 76 77 78 79 80 81]
2024-01-26 11:24:23,480{GMT}	INFO	[jepsen worker 0] jepsen.util: 0	:invoke	:broadcast	82
2024-01-26 11:24:23,481{GMT}	INFO	[jepsen worker 0] jepsen.util: 0	:ok	:broadcast	82
2024-01-26 11:24:23,657{GMT}	INFO	[jepsen worker 0] jepsen.util: 0	:invoke	:broadcast	83
2024-01-26 11:24:23,659{GMT}	INFO	[jepsen worker 0] jepsen.util: 0	:ok	:broadcast	83
2024-01-26 11:24:23,717{GMT}	INFO	[jepsen worker 1] jepsen.util: 1	:invoke	:broadcast	84
2024-01-26 11:24:23,717{GMT}	INFO	[jepsen worker 1] jepsen.util: 1	:ok	:broadcast	84
2024-01-26 11:24:23,894{GMT}	INFO	[jepsen worker 2] jepsen.util: 2	:invoke	:broadcast	85
2024-01-26 11:24:23,897{GMT}	INFO	[jepsen worker 2] jepsen.util: 2	:ok	:broadcast	85
2024-01-26 11:24:23,965{GMT}	INFO	[jepsen worker 3] jepsen.util: 3	:invoke	:broadcast	86
2024-01-26 11:24:23,967{GMT}	INFO	[jepsen worker 3] jepsen.util: 3	:ok	:broadcast	86
2024-01-26 11:24:24,040{GMT}	INFO	[jepsen worker 4] jepsen.util: 4	:invoke	:read	nil
2024-01-26 11:24:24,042{GMT}	INFO	[jepsen worker 4] jepsen.util: 4	:ok	:read	[0 1 2 3 4 5 6 7 8 9 10 11 12 13 14 15 16 17 18 19 20 21 22 23 24 25 26 27 28 29 30 31 32 33 34 35 36 37 38 39 40 41 42 43 44 45 46 47 48 49 50 51 52 53 54 55 56 57 58 59 60 61 62 63 64 65 66 67 68 69 70 71 72 73 74 75 76 77 78 79 80 81 82 83 84 85 86]
2024-01-26 11:24:24,137{GMT}	INFO	[jepsen worker 0] jepsen.util: 0	:invoke	:broadcast	87
2024-01-26 11:24:24,139{GMT}	INFO	[jepsen worker 0] jepsen.util: 0	:ok	:broadcast	87
2024-01-26 11:24:24,309{GMT}	INFO	[jepsen worker 0] jepsen.util: 0	:invoke	:broadcast	88
2024-01-26 11:24:24,312{GMT}	INFO	[jepsen worker 1] jepsen.util: 1	:invoke	:read	nil
2024-01-26 11:24:24,314{GMT}	INFO	[jepsen worker 0] jepsen.util: 0	:ok	:broadcast	88
2024-01-26 11:24:24,315{GMT}	INFO	[jepsen worker 1] jepsen.util: 1	:ok	:read	[0 1 2 3 4 5 6 7 8 9 10 11 12 13 14 15 16 17 18 19 20 21 22 23 24 25 26 27 28 29 30 31 32 33 34 35 36 37 38 39 40 41 42 43 44 45 46 47 48 49 50 51 52 53 54 55 56 57 58 59 60 61 62 63 64 65 66 67 68 69 70 71 72 73 74 75 76 77 78 79 80 81 82 83 84 85 86 87]
2024-01-26 11:24:24,325{GMT}	INFO	[jepsen worker 2] jepsen.util: 2	:invoke	:read	nil
2024-01-26 11:24:24,326{GMT}	INFO	[jepsen worker 2] jepsen.util: 2	:ok	:read	[0 1 2 3 4 5 6 7 8 9 10 11 12 13 14 15 16 17 18 19 20 21 22 23 24 25 26 27 28 29 30 31 32 33 34 35 36 37 38 39 40 41 42 43 44 45 46 47 48 49 50 51 52 53 54 55 56 57 58 59 60 61 62 63 64 65 66 67 68 69 70 71 72 73 74 75 76 77 78 79 80 81 82 83 84 85 86 87 88]
2024-01-26 11:24:24,490{GMT}	INFO	[jepsen worker 3] jepsen.util: 3	:invoke	:broadcast	89
2024-01-26 11:24:24,494{GMT}	INFO	[jepsen worker 4] jepsen.util: 4	:invoke	:read	nil
2024-01-26 11:24:24,494{GMT}	INFO	[jepsen worker 3] jepsen.util: 3	:ok	:broadcast	89
2024-01-26 11:24:24,495{GMT}	INFO	[jepsen worker 4] jepsen.util: 4	:ok	:read	[0 1 2 3 4 5 6 7 8 9 10 11 12 13 14 15 16 17 18 19 20 21 22 23 24 25 26 27 28 29 30 31 32 33 34 35 36 37 38 39 40 41 42 43 44 45 46 47 48 49 50 51 52 53 54 55 56 57 58 59 60 61 62 63 64 65 66 67 68 69 70 71 72 73 74 75 76 77 78 79 80 81 82 83 84 85 86 87 88]
2024-01-26 11:24:24,694{GMT}	INFO	[jepsen worker 0] jepsen.util: 0	:invoke	:read	nil
2024-01-26 11:24:24,698{GMT}	INFO	[jepsen worker 0] jepsen.util: 0	:ok	:read	[0 1 2 3 4 5 6 7 8 9 10 11 12 13 14 15 16 17 18 19 20 21 22 23 24 25 26 27 28 29 30 31 32 33 34 35 36 37 38 39 40 41 42 43 44 45 46 47 48 49 50 51 52 53 54 55 56 57 58 59 60 61 62 63 64 65 66 67 68 69 70 71 72 73 74 75 76 77 78 79 80 81 82 83 84 85 86 87 88 89]
2024-01-26 11:24:24,809{GMT}	INFO	[jepsen worker 0] jepsen.util: 0	:invoke	:read	nil
2024-01-26 11:24:24,812{GMT}	INFO	[jepsen worker 0] jepsen.util: 0	:ok	:read	[0 1 2 3 4 5 6 7 8 9 10 11 12 13 14 15 16 17 18 19 20 21 22 23 24 25 26 27 28 29 30 31 32 33 34 35 36 37 38 39 40 41 42 43 44 45 46 47 48 49 50 51 52 53 54 55 56 57 58 59 60 61 62 63 64 65 66 67 68 69 70 71 72 73 74 75 76 77 78 79 80 81 82 83 84 85 86 87 88 89]
2024-01-26 11:24:24,848{GMT}	INFO	[jepsen worker 1] jepsen.util: 1	:invoke	:read	nil
2024-01-26 11:24:24,849{GMT}	INFO	[jepsen worker 1] jepsen.util: 1	:ok	:read	[0 1 2 3 4 5 6 7 8 9 10 11 12 13 14 15 16 17 18 19 20 21 22 23 24 25 26 27 28 29 30 31 32 33 34 35 36 37 38 39 40 41 42 43 44 45 46 47 48 49 50 51 52 53 54 55 56 57 58 59 60 61 62 63 64 65 66 67 68 69 70 71 72 73 74 75 76 77 78 79 80 81 82 83 84 85 86 87 88 89]
2024-01-26 11:24:24,850{GMT}	INFO	[jepsen worker 2] jepsen.util: 2	:invoke	:read	nil
2024-01-26 11:24:24,851{GMT}	INFO	[jepsen worker 2] jepsen.util: 2	:ok	:read	[0 1 2 3 4 5 6 7 8 9 10 11 12 13 14 15 16 17 18 19 20 21 22 23 24 25 26 27 28 29 30 31 32 33 34 35 36 37 38 39 40 41 42 43 44 45 46 47 48 49 50 51 52 53 54 55 56 57 58 59 60 61 62 63 64 65 66 67 68 69 70 71 72 73 74 75 76 77 78 79 80 81 82 83 84 85 86 87 88 89]
2024-01-26 11:24:24,983{GMT}	INFO	[jepsen worker 3] jepsen.util: 3	:invoke	:broadcast	90
2024-01-26 11:24:24,986{GMT}	INFO	[jepsen worker 3] jepsen.util: 3	:ok	:broadcast	90
2024-01-26 11:24:25,144{GMT}	INFO	[jepsen worker 4] jepsen.util: 4	:invoke	:broadcast	91
2024-01-26 11:24:25,145{GMT}	INFO	[jepsen worker 4] jepsen.util: 4	:ok	:broadcast	91
2024-01-26 11:24:25,189{GMT}	INFO	[jepsen worker 0] jepsen.util: 0	:invoke	:broadcast	92
2024-01-26 11:24:25,190{GMT}	INFO	[jepsen worker 0] jepsen.util: 0	:ok	:broadcast	92
2024-01-26 11:24:25,272{GMT}	INFO	[jepsen worker 0] jepsen.util: 0	:invoke	:broadcast	93
2024-01-26 11:24:25,272{GMT}	INFO	[jepsen worker 0] jepsen.util: 0	:ok	:broadcast	93
2024-01-26 11:24:25,419{GMT}	INFO	[jepsen worker 1] jepsen.util: 1	:invoke	:read	nil
2024-01-26 11:24:25,421{GMT}	INFO	[jepsen worker 1] jepsen.util: 1	:ok	:read	[0 1 2 3 4 5 6 7 8 9 10 11 12 13 14 15 16 17 18 19 20 21 22 23 24 25 26 27 28 29 30 31 32 33 34 35 36 37 38 39 40 41 42 43 44 45 46 47 48 49 50 51 52 53 54 55 56 57 58 59 60 61 62 63 64 65 66 67 68 69 70 71 72 73 74 75 76 77 78 79 80 81 82 83 84 85 86 87 88 89 90 91 92 93]
2024-01-26 11:24:25,566{GMT}	INFO	[jepsen worker 2] jepsen.util: 2	:invoke	:broadcast	94
2024-01-26 11:24:25,570{GMT}	INFO	[jepsen worker 2] jepsen.util: 2	:ok	:broadcast	94
2024-01-26 11:24:25,691{GMT}	INFO	[jepsen worker 3] jepsen.util: 3	:invoke	:broadcast	95
2024-01-26 11:24:25,694{GMT}	INFO	[jepsen worker 3] jepsen.util: 3	:ok	:broadcast	95
2024-01-26 11:24:25,882{GMT}	INFO	[jepsen worker 4] jepsen.util: 4	:invoke	:read	nil
2024-01-26 11:24:25,886{GMT}	INFO	[jepsen worker 4] jepsen.util: 4	:ok	:read	[0 1 2 3 4 5 6 7 8 9 10 11 12 13 14 15 16 17 18 19 20 21 22 23 24 25 26 27 28 29 30 31 32 33 34 35 36 37 38 39 40 41 42 43 44 45 46 47 48 49 50 51 52 53 54 55 56 57 58 59 60 61 62 63 64 65 66 67 68 69 70 71 72 73 74 75 76 77 78 79 80 81 82 83 84 85 86 87 88 89 90 91 92 93 94 95]
2024-01-26 11:24:25,891{GMT}	INFO	[jepsen worker 0] jepsen.util: 0	:invoke	:broadcast	96
2024-01-26 11:24:25,892{GMT}	INFO	[jepsen worker 0] jepsen.util: 0	:ok	:broadcast	96
2024-01-26 11:24:25,930{GMT}	INFO	[jepsen worker 0] jepsen.util: 0	:invoke	:broadcast	97
2024-01-26 11:24:25,930{GMT}	INFO	[jepsen worker 0] jepsen.util: 0	:ok	:broadcast	97
2024-01-26 11:24:25,994{GMT}	INFO	[jepsen worker 1] jepsen.util: 1	:invoke	:broadcast	98
2024-01-26 11:24:25,995{GMT}	INFO	[jepsen worker 1] jepsen.util: 1	:ok	:broadcast	98
2024-01-26 11:24:26,147{GMT}	INFO	[jepsen worker 2] jepsen.util: 2	:invoke	:read	nil
2024-01-26 11:24:26,152{GMT}	INFO	[jepsen worker 2] jepsen.util: 2	:ok	:read	[0 1 2 3 4 5 6 7 8 9 10 11 12 13 14 15 16 17 18 19 20 21 22 23 24 25 26 27 28 29 30 31 32 33 34 35 36 37 38 39 40 41 42 43 44 45 46 47 48 49 50 51 52 53 54 55 56 57 58 59 60 61 62 63 64 65 66 67 68 69 70 71 72 73 74 75 76 77 78 79 80 81 82 83 84 85 86 87 88 89 90 91 92 93 94 95 96 97 98]
2024-01-26 11:24:26,209{GMT}	INFO	[jepsen worker 3] jepsen.util: 3	:invoke	:broadcast	99
2024-01-26 11:24:26,211{GMT}	INFO	[jepsen worker 3] jepsen.util: 3	:ok	:broadcast	99
2024-01-26 11:24:26,211{GMT}	INFO	[jepsen worker nemesis] jepsen.util: :nemesis	:info	:stop-partition	nil
2024-01-26 11:24:26,211{GMT}	INFO	[jepsen worker nemesis] jepsen.util: :nemesis	:info	:stop-partition	:network-healed
2024-01-26 11:24:26,211{GMT}	INFO	[jepsen worker nemesis] jepsen.generator.interpreter: Waiting for recovery...
2024-01-26 11:24:36,222{GMT}	INFO	[jepsen worker 1] jepsen.util: 1	:invoke	:read	nil
2024-01-26 11:24:36,223{GMT}	INFO	[jepsen worker 2] jepsen.util: 2	:invoke	:read	nil
2024-01-26 11:24:36,223{GMT}	INFO	[jepsen worker 4] jepsen.util: 4	:invoke	:read	nil
2024-01-26 11:24:36,223{GMT}	INFO	[jepsen worker 3] jepsen.util: 3	:invoke	:read	nil
2024-01-26 11:24:36,223{GMT}	INFO	[jepsen worker 0] jepsen.util: 0	:invoke	:read	nil
2024-01-26 11:24:36,225{GMT}	INFO	[jepsen worker 1] jepsen.util: 1	:ok	:read	[0 1 2 3 4 5 6 7 8 9 10 11 12 13 14 15 16 17 18 19 20 21 22 23 24 25 26 27 28 29 30 31 32 33 34 35 36 37 38 39 40 41 42 43 44 45 46 47 48 49 50 51 52 53 54 55 56 57 58 59 60 61 62 63 64 65 66 67 68 69 70 71 72 73 74 75 76 77 78 79 80 81 82 83 84 85 86 87 88 89 90 91 92 93 94 95 96 97 98 99]
2024-01-26 11:24:36,225{GMT}	INFO	[jepsen worker 2] jepsen.util: 2	:ok	:read	[0 1 2 3 4 5 6 7 8 9 10 11 12 13 14 15 16 17 18 19 20 21 22 23 24 25 26 27 28 29 30 31 32 33 34 35 36 37 38 39 40 41 42 43 44 45 46 47 48 49 50 51 52 53 54 55 56 57 58 59 60 61 62 63 64 65 66 67 68 69 70 71 72 73 74 75 76 77 78 79 80 81 82 83 84 85 86 87 88 89 90 91 92 93 94 95 96 97 98 99]
2024-01-26 11:24:36,225{GMT}	INFO	[jepsen worker 3] jepsen.util: 3	:ok	:read	[0 1 2 3 4 5 6 7 8 9 10 11 12 13 14 15 16 17 18 19 20 21 22 23 24 25 26 27 28 29 30 31 32 33 34 35 36 37 38 39 40 41 42 43 44 45 46 47 48 49 50 51 52 53 54 55 56 57 58 59 60 61 62 63 64 65 66 67 68 69 70 71 72 73 74 75 76 77 78 79 80 81 82 83 84 85 86 87 88 89 90 91 92 93 94 95 96 97 98 99]
2024-01-26 11:24:36,225{GMT}	INFO	[jepsen worker 0] jepsen.util: 0	:ok	:read	[0 1 2 3 4 5 6 7 8 9 10 11 12 13 14 15 16 17 18 19 20 21 22 23 24 25 26 27 28 29 30 31 32 33 34 35 36 37 38 39 40 41 42 43 44 45 46 47 48 49 50 51 52 53 54 55 56 57 58 59 60 61 62 63 64 65 66 67 68 69 70 71 72 73 74 75 76 77 78 79 80 81 82 83 84 85 86 87 88 89 90 91 92 93 94 95 96 97 98 99]
2024-01-26 11:24:36,225{GMT}	INFO	[jepsen worker 4] jepsen.util: 4	:ok	:read	[0 1 2 3 4 5 6 7 8 9 10 11 12 13 14 15 16 17 18 19 20 21 22 23 24 25 26 27 28 29 30 31 32 33 34 35 36 37 38 39 40 41 42 43 44 45 46 47 48 49 50 51 52 53 54 55 56 57 58 59 60 61 62 63 64 65 66 67 68 69 70 71 72 73 74 75 76 77 78 79 80 81 82 83 84 85 86 87 88 89 90 91 92 93 94 95 96 97 98 99]
2024-01-26 11:24:36,250{GMT}	INFO	[jepsen test runner] jepsen.core: Run complete, writing
2024-01-26 11:24:36,297{GMT}	INFO	[jepsen node n1] maelstrom.db: Tearing down n1
2024-01-26 11:24:36,297{GMT}	INFO	[jepsen node n2] maelstrom.db: Tearing down n2
2024-01-26 11:24:36,297{GMT}	INFO	[jepsen node n0] maelstrom.db: Tearing down n0
2024-01-26 11:24:36,297{GMT}	INFO	[jepsen node n4] maelstrom.db: Tearing down n4
2024-01-26 11:24:36,297{GMT}	INFO	[jepsen node n3] maelstrom.db: Tearing down n3
2024-01-26 11:24:38,137{GMT}	INFO	[jepsen node n0] maelstrom.net: Shutting down Maelstrom network
2024-01-26 11:24:38,143{GMT}	INFO	[jepsen test runner] jepsen.core: Analyzing...
2024-01-26 11:24:38,328{GMT}	INFO	[jepsen test runner] jepsen.core: Analysis complete
2024-01-26 11:24:38,342{GMT}	INFO	[jepsen results] jepsen.store: Wrote /Users/agoenka/Development/CCSRE/maelstrom-ccsre/store/broadcast/20240126T112405.071+0530/results.edn
2024-01-26 11:24:38,369{GMT}	INFO	[jepsen test runner] jepsen.core: {:perf {:latency-graph {:valid? true},
        :rate-graph {:valid? true},
        :valid? true},
 :timeline {:valid? true},
 :exceptions {:valid? true},
 :stats {:valid? true,
         :count 205,
         :ok-count 205,
         :fail-count 0,
         :info-count 0,
         :by-f {:broadcast {:valid? true,
                            :count 100,
                            :ok-count 100,
                            :fail-count 0,
                            :info-count 0},
                :read {:valid? true,
                       :count 105,
                       :ok-count 105,
                       :fail-count 0,
                       :info-count 0}}},
 :availability {:valid? true, :ok-fraction 1.0},
 :net {:all {:send-count 1762,
             :recv-count 1700,
             :msg-count 1762,
             :msgs-per-op 8.595122},
       :clients {:send-count 430, :recv-count 430, :msg-count 430},
       :servers {:send-count 1332,
                 :recv-count 1270,
                 :msg-count 1332,
                 :msgs-per-op 6.497561},
       :valid? true},
 :workload {:worst-stale ({:element 0,
                           :outcome :stable,
                           :stable-latency 10770,
                           :lost-latency nil,
                           :known #jepsen.history.Op{:index 9,
                                                     :time 217265417,
                                                     :type :ok,
                                                     :process 4,
                                                     :f :add,
                                                     :value 0},
                           :last-absent #jepsen.history.Op{:index 220,
                                                           :time 10988058292,
                                                           :type :invoke,
                                                           :process 2,
                                                           :f :read,
                                                           :value nil}}
                          {:element 1,
                           :outcome :stable,
                           :stable-latency 10621,
                           :lost-latency nil,
                           :known #jepsen.history.Op{:index 11,
                                                     :time 366680833,
                                                     :type :ok,
                                                     :process 0,
                                                     :f :add,
                                                     :value 1},
                           :last-absent #jepsen.history.Op{:index 220,
                                                           :time 10988058292,
                                                           :type :invoke,
                                                           :process 2,
                                                           :f :read,
                                                           :value nil}}
                          {:element 2,
                           :outcome :stable,
                           :stable-latency 10483,
                           :lost-latency nil,
                           :known #jepsen.history.Op{:index 13,
                                                     :time 504412833,
                                                     :type :ok,
                                                     :process 0,
                                                     :f :add,
                                                     :value 2},
                           :last-absent #jepsen.history.Op{:index 220,
                                                           :time 10988058292,
                                                           :type :invoke,
                                                           :process 2,
                                                           :f :read,
                                                           :value nil}}
                          {:element 5,
                           :outcome :stable,
                           :stable-latency 9961,
                           :lost-latency nil,
                           :known #jepsen.history.Op{:index 29,
                                                     :time 1503211667,
                                                     :type :ok,
                                                     :process 2,
                                                     :f :add,
                                                     :value 5},
                           :last-absent #jepsen.history.Op{:index 226,
                                                           :time 11465081042,
                                                           :type :invoke,
                                                           :process 0,
                                                           :f :read,
                                                           :value nil}}
                          {:element 4,
                           :outcome :stable,
                           :stable-latency 9918,
                           :lost-latency nil,
                           :known #jepsen.history.Op{:index 27,
                                                     :time 1401429917,
                                                     :type :ok,
                                                     :process 1,
                                                     :f :add,
                                                     :value 4},
                           :last-absent #jepsen.history.Op{:index 224,
                                                           :time 11319866167,
                                                           :type :invoke,
                                                           :process 4,
                                                           :f :read,
                                                           :value nil}}
                          {:element 3,
                           :outcome :stable,
                           :stable-latency 9680,
                           :lost-latency nil,
                           :known #jepsen.history.Op{:index 25,
                                                     :time 1307508625,
                                                     :type :ok,
                                                     :process 0,
                                                     :f :add,
                                                     :value 3},
                           :last-absent #jepsen.history.Op{:index 220,
                                                           :time 10988058292,
                                                           :type :invoke,
                                                           :process 2,
                                                           :f :read,
                                                           :value nil}}
                          {:element 7,
                           :outcome :stable,
                           :stable-latency 9505,
                           :lost-latency nil,
                           :known #jepsen.history.Op{:index 41,
                                                     :time 1959681000,
                                                     :type :ok,
                                                     :process 2,
                                                     :f :add,
                                                     :value 7},
                           :last-absent #jepsen.history.Op{:index 226,
                                                           :time 11465081042,
                                                           :type :invoke,
                                                           :process 0,
                                                           :f :read,
                                                           :value nil}}
                          {:element 6,
                           :outcome :stable,
                           :stable-latency 9246,
                           :lost-latency nil,
                           :known #jepsen.history.Op{:index 35,
                                                     :time 1742032792,
                                                     :type :ok,
                                                     :process 0,
                                                     :f :add,
                                                     :value 6},
                           :last-absent #jepsen.history.Op{:index 220,
                                                           :time 10988058292,
                                                           :type :invoke,
                                                           :process 2,
                                                           :f :read,
                                                           :value nil}}),
            :duplicated-count 0,
            :valid? true,
            :lost-count 0,
            :lost (),
            :stable-count 100,
            :stale-count 53,
            :stale (0
                    1
                    2
                    3
                    4
                    5
                    6
                    7
                    8
                    9
                    10
                    11
                    12
                    13
                    14
                    15
                    16
                    17
                    18
                    19
                    20
                    21
                    22
                    23
                    24
                    25
                    26
                    27
                    28
                    29
                    30
                    31
                    32
                    33
                    34
                    35
                    36
                    37
                    38
                    39
                    40
                    41
                    42
                    43
                    44
                    45
                    46
                    47
                    48
                    49
                    50
                    51
                    52),
            :never-read-count 0,
            :stable-latencies {0 0,
                               0.5 1206,
                               0.95 9918,
                               0.99 10770,
                               1 10770},
            :attempt-count 100,
            :never-read (),
            :duplicated {}},
 :valid? true}


Everything looks good! (`)
